{"/home/runner/work/tg-sticker-creator/tg-sticker-creator/src/index.ts": {"path":"/home/runner/work/tg-sticker-creator/tg-sticker-creator/src/index.ts","statementMap":{"0":{"start":{"line":1,"column":0},"end":{"line":1,"column":null}},"1":{"start":{"line":2,"column":4},"end":{"line":2,"column":null}},"2":{"start":{"line":3,"column":4},"end":{"line":3,"column":null}},"3":{"start":{"line":4,"column":4},"end":{"line":4,"column":null}},"4":{"start":{"line":5,"column":4},"end":{"line":5,"column":null}},"5":{"start":{"line":6,"column":4},"end":{"line":6,"column":null}},"6":{"start":{"line":7,"column":4},"end":{"line":7,"column":null}},"7":{"start":{"line":8,"column":4},"end":{"line":8,"column":null}},"8":{"start":{"line":9,"column":4},"end":{"line":9,"column":null}},"9":{"start":{"line":10,"column":4},"end":{"line":10,"column":null}},"10":{"start":{"line":11,"column":4},"end":{"line":11,"column":null}},"11":{"start":{"line":13,"column":4},"end":{"line":13,"column":null}},"12":{"start":{"line":14,"column":4},"end":{"line":14,"column":null}},"13":{"start":{"line":15,"column":4},"end":{"line":15,"column":null}},"14":{"start":{"line":21,"column":4},"end":{"line":21,"column":null}},"15":{"start":{"line":22,"column":4},"end":{"line":22,"column":null}},"16":{"start":{"line":23,"column":4},"end":{"line":23,"column":null}},"17":{"start":{"line":24,"column":4},"end":{"line":24,"column":null}},"18":{"start":{"line":26,"column":4},"end":{"line":26,"column":null}},"19":{"start":{"line":27,"column":4},"end":{"line":27,"column":null}},"20":{"start":{"line":28,"column":4},"end":{"line":28,"column":null}},"21":{"start":{"line":29,"column":4},"end":{"line":29,"column":null}},"22":{"start":{"line":30,"column":4},"end":{"line":30,"column":null}},"23":{"start":{"line":31,"column":4},"end":{"line":31,"column":null}},"24":{"start":{"line":35,"column":4},"end":{"line":35,"column":null}},"25":{"start":{"line":36,"column":4},"end":{"line":36,"column":null}},"26":{"start":{"line":37,"column":4},"end":{"line":37,"column":null}},"27":{"start":{"line":38,"column":4},"end":{"line":38,"column":null}},"28":{"start":{"line":39,"column":4},"end":{"line":39,"column":null}},"29":{"start":{"line":40,"column":4},"end":{"line":40,"column":null}},"30":{"start":{"line":41,"column":4},"end":{"line":41,"column":null}},"31":{"start":{"line":42,"column":4},"end":{"line":42,"column":null}},"32":{"start":{"line":43,"column":4},"end":{"line":43,"column":null}},"33":{"start":{"line":44,"column":4},"end":{"line":44,"column":null}},"34":{"start":{"line":45,"column":4},"end":{"line":45,"column":null}},"35":{"start":{"line":46,"column":4},"end":{"line":46,"column":null}},"36":{"start":{"line":47,"column":4},"end":{"line":47,"column":null}},"37":{"start":{"line":48,"column":4},"end":{"line":48,"column":null}},"38":{"start":{"line":49,"column":4},"end":{"line":49,"column":null}},"39":{"start":{"line":50,"column":4},"end":{"line":50,"column":null}},"40":{"start":{"line":51,"column":4},"end":{"line":51,"column":null}},"41":{"start":{"line":52,"column":4},"end":{"line":52,"column":null}},"42":{"start":{"line":53,"column":4},"end":{"line":53,"column":null}},"43":{"start":{"line":54,"column":4},"end":{"line":54,"column":null}},"44":{"start":{"line":55,"column":4},"end":{"line":55,"column":null}},"45":{"start":{"line":57,"column":4},"end":{"line":57,"column":null}},"46":{"start":{"line":58,"column":4},"end":{"line":58,"column":null}},"47":{"start":{"line":59,"column":4},"end":{"line":59,"column":null}},"48":{"start":{"line":60,"column":4},"end":{"line":60,"column":null}},"49":{"start":{"line":61,"column":4},"end":{"line":61,"column":null}},"50":{"start":{"line":62,"column":4},"end":{"line":62,"column":null}},"51":{"start":{"line":63,"column":4},"end":{"line":63,"column":null}},"52":{"start":{"line":64,"column":4},"end":{"line":64,"column":null}},"53":{"start":{"line":65,"column":4},"end":{"line":65,"column":null}},"54":{"start":{"line":66,"column":4},"end":{"line":66,"column":null}},"55":{"start":{"line":67,"column":4},"end":{"line":67,"column":null}},"56":{"start":{"line":68,"column":4},"end":{"line":68,"column":null}},"57":{"start":{"line":70,"column":4},"end":{"line":70,"column":null}},"58":{"start":{"line":71,"column":4},"end":{"line":71,"column":null}},"59":{"start":{"line":72,"column":4},"end":{"line":72,"column":null}},"60":{"start":{"line":74,"column":0},"end":{"line":74,"column":28}}},"fnMap":{"0":{"name":"(anonymous_0)","decl":{"start":{"line":2,"column":4},"end":{"line":2,"column":21}},"loc":{"start":{"line":2,"column":4},"end":{"line":2,"column":null}}},"1":{"name":"(anonymous_1)","decl":{"start":{"line":3,"column":4},"end":{"line":3,"column":21}},"loc":{"start":{"line":3,"column":4},"end":{"line":3,"column":null}}},"2":{"name":"(anonymous_2)","decl":{"start":{"line":4,"column":4},"end":{"line":4,"column":19}},"loc":{"start":{"line":4,"column":4},"end":{"line":4,"column":null}}},"3":{"name":"(anonymous_3)","decl":{"start":{"line":5,"column":4},"end":{"line":5,"column":22}},"loc":{"start":{"line":5,"column":4},"end":{"line":5,"column":null}}},"4":{"name":"(anonymous_4)","decl":{"start":{"line":6,"column":4},"end":{"line":6,"column":18}},"loc":{"start":{"line":6,"column":4},"end":{"line":6,"column":null}}},"5":{"name":"(anonymous_5)","decl":{"start":{"line":7,"column":4},"end":{"line":7,"column":22}},"loc":{"start":{"line":7,"column":4},"end":{"line":7,"column":null}}},"6":{"name":"(anonymous_6)","decl":{"start":{"line":8,"column":4},"end":{"line":8,"column":19}},"loc":{"start":{"line":8,"column":4},"end":{"line":8,"column":null}}},"7":{"name":"(anonymous_7)","decl":{"start":{"line":9,"column":4},"end":{"line":9,"column":18}},"loc":{"start":{"line":9,"column":4},"end":{"line":9,"column":null}}},"8":{"name":"(anonymous_8)","decl":{"start":{"line":10,"column":4},"end":{"line":10,"column":16}},"loc":{"start":{"line":10,"column":4},"end":{"line":10,"column":null}}},"9":{"name":"(anonymous_9)","decl":{"start":{"line":11,"column":4},"end":{"line":11,"column":13}},"loc":{"start":{"line":11,"column":4},"end":{"line":11,"column":null}}},"10":{"name":"(anonymous_10)","decl":{"start":{"line":13,"column":4},"end":{"line":13,"column":13}},"loc":{"start":{"line":13,"column":4},"end":{"line":13,"column":null}}},"11":{"name":"(anonymous_11)","decl":{"start":{"line":14,"column":4},"end":{"line":14,"column":17}},"loc":{"start":{"line":14,"column":4},"end":{"line":14,"column":null}}},"12":{"name":"(anonymous_12)","decl":{"start":{"line":15,"column":4},"end":{"line":15,"column":13}},"loc":{"start":{"line":15,"column":4},"end":{"line":15,"column":null}}},"13":{"name":"(anonymous_13)","decl":{"start":{"line":21,"column":4},"end":{"line":21,"column":11}},"loc":{"start":{"line":21,"column":4},"end":{"line":21,"column":null}}},"14":{"name":"(anonymous_14)","decl":{"start":{"line":22,"column":4},"end":{"line":22,"column":16}},"loc":{"start":{"line":22,"column":4},"end":{"line":22,"column":null}}},"15":{"name":"(anonymous_15)","decl":{"start":{"line":23,"column":4},"end":{"line":23,"column":12}},"loc":{"start":{"line":23,"column":4},"end":{"line":23,"column":null}}},"16":{"name":"(anonymous_16)","decl":{"start":{"line":24,"column":4},"end":{"line":24,"column":13}},"loc":{"start":{"line":24,"column":4},"end":{"line":24,"column":null}}},"17":{"name":"(anonymous_17)","decl":{"start":{"line":26,"column":4},"end":{"line":26,"column":21}},"loc":{"start":{"line":26,"column":4},"end":{"line":26,"column":null}}},"18":{"name":"(anonymous_18)","decl":{"start":{"line":27,"column":4},"end":{"line":27,"column":20}},"loc":{"start":{"line":27,"column":4},"end":{"line":27,"column":null}}},"19":{"name":"(anonymous_19)","decl":{"start":{"line":28,"column":4},"end":{"line":28,"column":23}},"loc":{"start":{"line":28,"column":4},"end":{"line":28,"column":null}}},"20":{"name":"(anonymous_20)","decl":{"start":{"line":29,"column":4},"end":{"line":29,"column":16}},"loc":{"start":{"line":29,"column":4},"end":{"line":29,"column":null}}},"21":{"name":"(anonymous_21)","decl":{"start":{"line":30,"column":4},"end":{"line":30,"column":14}},"loc":{"start":{"line":30,"column":4},"end":{"line":30,"column":null}}},"22":{"name":"(anonymous_22)","decl":{"start":{"line":31,"column":4},"end":{"line":31,"column":14}},"loc":{"start":{"line":31,"column":4},"end":{"line":31,"column":null}}},"23":{"name":"(anonymous_23)","decl":{"start":{"line":35,"column":4},"end":{"line":35,"column":12}},"loc":{"start":{"line":35,"column":4},"end":{"line":35,"column":null}}},"24":{"name":"(anonymous_24)","decl":{"start":{"line":36,"column":4},"end":{"line":36,"column":9}},"loc":{"start":{"line":36,"column":4},"end":{"line":36,"column":null}}},"25":{"name":"(anonymous_25)","decl":{"start":{"line":37,"column":4},"end":{"line":37,"column":18}},"loc":{"start":{"line":37,"column":4},"end":{"line":37,"column":null}}},"26":{"name":"(anonymous_26)","decl":{"start":{"line":38,"column":4},"end":{"line":38,"column":13}},"loc":{"start":{"line":38,"column":4},"end":{"line":38,"column":null}}},"27":{"name":"(anonymous_27)","decl":{"start":{"line":39,"column":4},"end":{"line":39,"column":11}},"loc":{"start":{"line":39,"column":4},"end":{"line":39,"column":null}}},"28":{"name":"(anonymous_28)","decl":{"start":{"line":40,"column":4},"end":{"line":40,"column":12}},"loc":{"start":{"line":40,"column":4},"end":{"line":40,"column":null}}},"29":{"name":"(anonymous_29)","decl":{"start":{"line":41,"column":4},"end":{"line":41,"column":10}},"loc":{"start":{"line":41,"column":4},"end":{"line":41,"column":null}}},"30":{"name":"(anonymous_30)","decl":{"start":{"line":42,"column":4},"end":{"line":42,"column":14}},"loc":{"start":{"line":42,"column":4},"end":{"line":42,"column":null}}},"31":{"name":"(anonymous_31)","decl":{"start":{"line":43,"column":4},"end":{"line":43,"column":8}},"loc":{"start":{"line":43,"column":4},"end":{"line":43,"column":null}}},"32":{"name":"(anonymous_32)","decl":{"start":{"line":44,"column":4},"end":{"line":44,"column":12}},"loc":{"start":{"line":44,"column":4},"end":{"line":44,"column":null}}},"33":{"name":"(anonymous_33)","decl":{"start":{"line":45,"column":4},"end":{"line":45,"column":13}},"loc":{"start":{"line":45,"column":4},"end":{"line":45,"column":null}}},"34":{"name":"(anonymous_34)","decl":{"start":{"line":46,"column":4},"end":{"line":46,"column":13}},"loc":{"start":{"line":46,"column":4},"end":{"line":46,"column":null}}},"35":{"name":"(anonymous_35)","decl":{"start":{"line":47,"column":4},"end":{"line":47,"column":14}},"loc":{"start":{"line":47,"column":4},"end":{"line":47,"column":null}}},"36":{"name":"(anonymous_36)","decl":{"start":{"line":48,"column":4},"end":{"line":48,"column":13}},"loc":{"start":{"line":48,"column":4},"end":{"line":48,"column":null}}},"37":{"name":"(anonymous_37)","decl":{"start":{"line":49,"column":4},"end":{"line":49,"column":18}},"loc":{"start":{"line":49,"column":4},"end":{"line":49,"column":null}}},"38":{"name":"(anonymous_38)","decl":{"start":{"line":50,"column":4},"end":{"line":50,"column":8}},"loc":{"start":{"line":50,"column":4},"end":{"line":50,"column":null}}},"39":{"name":"(anonymous_39)","decl":{"start":{"line":51,"column":4},"end":{"line":51,"column":16}},"loc":{"start":{"line":51,"column":4},"end":{"line":51,"column":null}}},"40":{"name":"(anonymous_40)","decl":{"start":{"line":52,"column":4},"end":{"line":52,"column":13}},"loc":{"start":{"line":52,"column":4},"end":{"line":52,"column":null}}},"41":{"name":"(anonymous_41)","decl":{"start":{"line":53,"column":4},"end":{"line":53,"column":11}},"loc":{"start":{"line":53,"column":4},"end":{"line":53,"column":null}}},"42":{"name":"(anonymous_42)","decl":{"start":{"line":54,"column":4},"end":{"line":54,"column":13}},"loc":{"start":{"line":54,"column":4},"end":{"line":54,"column":null}}},"43":{"name":"(anonymous_43)","decl":{"start":{"line":55,"column":4},"end":{"line":55,"column":17}},"loc":{"start":{"line":55,"column":4},"end":{"line":55,"column":null}}},"44":{"name":"(anonymous_44)","decl":{"start":{"line":57,"column":4},"end":{"line":57,"column":17}},"loc":{"start":{"line":57,"column":4},"end":{"line":57,"column":null}}},"45":{"name":"(anonymous_45)","decl":{"start":{"line":58,"column":4},"end":{"line":58,"column":13}},"loc":{"start":{"line":58,"column":4},"end":{"line":58,"column":null}}},"46":{"name":"(anonymous_46)","decl":{"start":{"line":59,"column":4},"end":{"line":59,"column":23}},"loc":{"start":{"line":59,"column":4},"end":{"line":59,"column":null}}},"47":{"name":"(anonymous_47)","decl":{"start":{"line":60,"column":4},"end":{"line":60,"column":22}},"loc":{"start":{"line":60,"column":4},"end":{"line":60,"column":null}}},"48":{"name":"(anonymous_48)","decl":{"start":{"line":61,"column":4},"end":{"line":61,"column":9}},"loc":{"start":{"line":61,"column":4},"end":{"line":61,"column":null}}},"49":{"name":"(anonymous_49)","decl":{"start":{"line":62,"column":4},"end":{"line":62,"column":14}},"loc":{"start":{"line":62,"column":4},"end":{"line":62,"column":null}}},"50":{"name":"(anonymous_50)","decl":{"start":{"line":63,"column":4},"end":{"line":63,"column":13}},"loc":{"start":{"line":63,"column":4},"end":{"line":63,"column":null}}},"51":{"name":"(anonymous_51)","decl":{"start":{"line":64,"column":4},"end":{"line":64,"column":14}},"loc":{"start":{"line":64,"column":4},"end":{"line":64,"column":null}}},"52":{"name":"(anonymous_52)","decl":{"start":{"line":65,"column":4},"end":{"line":65,"column":13}},"loc":{"start":{"line":65,"column":4},"end":{"line":65,"column":null}}},"53":{"name":"(anonymous_53)","decl":{"start":{"line":66,"column":4},"end":{"line":66,"column":12}},"loc":{"start":{"line":66,"column":4},"end":{"line":66,"column":null}}},"54":{"name":"(anonymous_54)","decl":{"start":{"line":67,"column":4},"end":{"line":67,"column":15}},"loc":{"start":{"line":67,"column":4},"end":{"line":67,"column":null}}},"55":{"name":"(anonymous_55)","decl":{"start":{"line":68,"column":4},"end":{"line":68,"column":13}},"loc":{"start":{"line":68,"column":4},"end":{"line":68,"column":null}}},"56":{"name":"(anonymous_56)","decl":{"start":{"line":70,"column":4},"end":{"line":70,"column":18}},"loc":{"start":{"line":70,"column":4},"end":{"line":70,"column":null}}},"57":{"name":"(anonymous_57)","decl":{"start":{"line":71,"column":4},"end":{"line":71,"column":16}},"loc":{"start":{"line":71,"column":4},"end":{"line":71,"column":null}}},"58":{"name":"(anonymous_58)","decl":{"start":{"line":72,"column":4},"end":{"line":72,"column":13}},"loc":{"start":{"line":72,"column":4},"end":{"line":72,"column":null}}}},"branchMap":{},"s":{"0":13,"1":13,"2":13,"3":13,"4":13,"5":13,"6":13,"7":13,"8":13,"9":13,"10":13,"11":15,"12":13,"13":13,"14":13,"15":13,"16":13,"17":15,"18":13,"19":13,"20":13,"21":13,"22":13,"23":13,"24":17,"25":13,"26":14,"27":13,"28":13,"29":13,"30":15,"31":16,"32":13,"33":13,"34":13,"35":13,"36":13,"37":13,"38":16,"39":13,"40":14,"41":13,"42":13,"43":14,"44":13,"45":13,"46":14,"47":13,"48":13,"49":15,"50":13,"51":13,"52":13,"53":13,"54":13,"55":13,"56":13,"57":14,"58":13,"59":13,"60":13},"f":{"0":0,"1":0,"2":0,"3":0,"4":0,"5":0,"6":0,"7":0,"8":0,"9":0,"10":2,"11":0,"12":0,"13":0,"14":0,"15":0,"16":2,"17":0,"18":0,"19":0,"20":0,"21":0,"22":0,"23":4,"24":0,"25":1,"26":0,"27":0,"28":0,"29":2,"30":3,"31":0,"32":0,"33":0,"34":0,"35":0,"36":0,"37":3,"38":0,"39":1,"40":0,"41":0,"42":1,"43":0,"44":0,"45":1,"46":0,"47":0,"48":2,"49":0,"50":0,"51":0,"52":0,"53":0,"54":0,"55":0,"56":1,"57":0,"58":0},"b":{}}
,"/home/runner/work/tg-sticker-creator/tg-sticker-creator/src/core/LayerTransform.ts": {"path":"/home/runner/work/tg-sticker-creator/tg-sticker-creator/src/core/LayerTransform.ts","statementMap":{"0":{"start":{"line":1,"column":0},"end":{"line":1,"column":31}},"1":{"start":{"line":2,"column":0},"end":{"line":2,"column":79}},"2":{"start":{"line":8,"column":27},"end":{"line":50,"column":null}},"3":{"start":{"line":9,"column":9},"end":{"line":9,"column":22}},"4":{"start":{"line":15,"column":4},"end":{"line":15,"column":34}},"5":{"start":{"line":22,"column":21},"end":{"line":22,"column":41}},"6":{"start":{"line":23,"column":4},"end":{"line":23,"column":31}},"7":{"start":{"line":24,"column":4},"end":{"line":24,"column":20}},"8":{"start":{"line":32,"column":4},"end":{"line":38,"column":6}},"9":{"start":{"line":46,"column":4},"end":{"line":46,"column":28}},"10":{"start":{"line":47,"column":4},"end":{"line":47,"column":36}},"11":{"start":{"line":8,"column":13},"end":{"line":50,"column":null}},"12":{"start":{"line":8,"column":13},"end":{"line":8,"column":27}}},"fnMap":{"0":{"name":"(anonymous_0)","decl":{"start":{"line":14,"column":2},"end":{"line":14,"column":8}},"loc":{"start":{"line":14,"column":63},"end":{"line":16,"column":3}}},"1":{"name":"(anonymous_1)","decl":{"start":{"line":21,"column":2},"end":{"line":21,"column":8}},"loc":{"start":{"line":21,"column":37},"end":{"line":25,"column":3}}},"2":{"name":"(anonymous_2)","decl":{"start":{"line":31,"column":11},"end":{"line":31,"column":18}},"loc":{"start":{"line":31,"column":42},"end":{"line":39,"column":3}}},"3":{"name":"(anonymous_3)","decl":{"start":{"line":45,"column":11},"end":{"line":45,"column":21}},"loc":{"start":{"line":45,"column":39},"end":{"line":49,"column":3}}}},"branchMap":{},"s":{"0":13,"1":13,"2":13,"3":96,"4":36,"5":36,"6":36,"7":36,"8":36,"9":36,"10":36,"11":13,"12":13},"f":{"0":36,"1":36,"2":36,"3":36},"b":{}}
,"/home/runner/work/tg-sticker-creator/tg-sticker-creator/src/core/Lottie.ts": {"path":"/home/runner/work/tg-sticker-creator/tg-sticker-creator/src/core/Lottie.ts","statementMap":{"0":{"start":{"line":1,"column":0},"end":{"line":1,"column":31}},"1":{"start":{"line":2,"column":0},"end":{"line":2,"column":null}},"2":{"start":{"line":23,"column":19},"end":{"line":221,"column":null}},"3":{"start":{"line":28,"column":19},"end":{"line":28,"column":30}},"4":{"start":{"line":29,"column":19},"end":{"line":29,"column":30}},"5":{"start":{"line":30,"column":4},"end":{"line":46,"column":6}},"6":{"start":{"line":36,"column":8},"end":{"line":38,"column":null}},"7":{"start":{"line":37,"column":10},"end":{"line":37,"column":22}},"8":{"start":{"line":39,"column":8},"end":{"line":43,"column":null}},"9":{"start":{"line":40,"column":10},"end":{"line":42,"column":null}},"10":{"start":{"line":41,"column":12},"end":{"line":41,"column":24}},"11":{"start":{"line":51,"column":12},"end":{"line":51,"column":16}},"12":{"start":{"line":53,"column":12},"end":{"line":53,"column":19}},"13":{"start":{"line":55,"column":14},"end":{"line":55,"column":16}},"14":{"start":{"line":57,"column":17},"end":{"line":57,"column":18}},"15":{"start":{"line":59,"column":15},"end":{"line":59,"column":21}},"16":{"start":{"line":61,"column":10},"end":{"line":61,"column":21}},"17":{"start":{"line":63,"column":16},"end":{"line":63,"column":21}},"18":{"start":{"line":66,"column":4},"end":{"line":66,"column":31}},"19":{"start":{"line":67,"column":4},"end":{"line":67,"column":16}},"20":{"start":{"line":71,"column":4},"end":{"line":71,"column":33}},"21":{"start":{"line":72,"column":4},"end":{"line":72,"column":16}},"22":{"start":{"line":76,"column":4},"end":{"line":76,"column":37}},"23":{"start":{"line":77,"column":4},"end":{"line":77,"column":16}},"24":{"start":{"line":81,"column":4},"end":{"line":81,"column":28}},"25":{"start":{"line":82,"column":4},"end":{"line":82,"column":16}},"26":{"start":{"line":86,"column":4},"end":{"line":86,"column":25}},"27":{"start":{"line":87,"column":4},"end":{"line":87,"column":16}},"28":{"start":{"line":90,"column":22},"end":{"line":90,"column":24}},"29":{"start":{"line":97,"column":17},"end":{"line":97,"column":22}},"30":{"start":{"line":98,"column":15},"end":{"line":107,"column":5}},"31":{"start":{"line":99,"column":6},"end":{"line":106,"column":8}},"32":{"start":{"line":102,"column":10},"end":{"line":102,"column":24}},"33":{"start":{"line":103,"column":10},"end":{"line":103,"column":21}},"34":{"start":{"line":108,"column":4},"end":{"line":108,"column":50}},"35":{"start":{"line":109,"column":4},"end":{"line":109,"column":28}},"36":{"start":{"line":109,"column":16},"end":{"line":109,"column":28}},"37":{"start":{"line":110,"column":4},"end":{"line":113,"column":null}},"38":{"start":{"line":111,"column":6},"end":{"line":111,"column":75}},"39":{"start":{"line":112,"column":6},"end":{"line":112,"column":30}},"40":{"start":{"line":112,"column":18},"end":{"line":112,"column":30}},"41":{"start":{"line":114,"column":4},"end":{"line":114,"column":16}},"42":{"start":{"line":118,"column":17},"end":{"line":118,"column":22}},"43":{"start":{"line":119,"column":15},"end":{"line":128,"column":5}},"44":{"start":{"line":120,"column":6},"end":{"line":127,"column":8}},"45":{"start":{"line":123,"column":10},"end":{"line":123,"column":24}},"46":{"start":{"line":124,"column":10},"end":{"line":124,"column":21}},"47":{"start":{"line":129,"column":4},"end":{"line":137,"column":6}},"48":{"start":{"line":131,"column":8},"end":{"line":133,"column":null}},"49":{"start":{"line":132,"column":10},"end":{"line":132,"column":48}},"50":{"start":{"line":134,"column":8},"end":{"line":134,"column":31}},"51":{"start":{"line":134,"column":20},"end":{"line":134,"column":31}},"52":{"start":{"line":138,"column":4},"end":{"line":138,"column":16}},"53":{"start":{"line":164,"column":4},"end":{"line":164,"column":71}},"54":{"start":{"line":171,"column":4},"end":{"line":171,"column":34}},"55":{"start":{"line":178,"column":19},"end":{"line":178,"column":31}},"56":{"start":{"line":179,"column":4},"end":{"line":179,"column":29}},"57":{"start":{"line":180,"column":4},"end":{"line":180,"column":18}},"58":{"start":{"line":188,"column":4},"end":{"line":200,"column":6}},"59":{"start":{"line":208,"column":4},"end":{"line":208,"column":28}},"60":{"start":{"line":209,"column":4},"end":{"line":209,"column":37}},"61":{"start":{"line":210,"column":4},"end":{"line":210,"column":null}},"62":{"start":{"line":211,"column":4},"end":{"line":211,"column":81}},"63":{"start":{"line":212,"column":4},"end":{"line":212,"column":72}},"64":{"start":{"line":213,"column":4},"end":{"line":213,"column":77}},"65":{"start":{"line":214,"column":4},"end":{"line":214,"column":84}},"66":{"start":{"line":215,"column":4},"end":{"line":215,"column":79}},"67":{"start":{"line":216,"column":4},"end":{"line":216,"column":89}},"68":{"start":{"line":217,"column":4},"end":{"line":217,"column":67}},"69":{"start":{"line":218,"column":4},"end":{"line":218,"column":74}},"70":{"start":{"line":219,"column":4},"end":{"line":219,"column":83}},"71":{"start":{"line":23,"column":13},"end":{"line":221,"column":null}},"72":{"start":{"line":23,"column":13},"end":{"line":23,"column":19}}},"fnMap":{"0":{"name":"(anonymous_0)","decl":{"start":{"line":27,"column":2},"end":{"line":27,"column":16}},"loc":{"start":{"line":27,"column":118},"end":{"line":47,"column":3}}},"1":{"name":"(anonymous_1)","decl":{"start":{"line":35,"column":6},"end":{"line":35,"column":14}},"loc":{"start":{"line":35,"column":15},"end":{"line":44,"column":7}}},"2":{"name":"(anonymous_2)","decl":{"start":{"line":65,"column":2},"end":{"line":65,"column":14}},"loc":{"start":{"line":65,"column":32},"end":{"line":68,"column":3}}},"3":{"name":"(anonymous_3)","decl":{"start":{"line":70,"column":2},"end":{"line":70,"column":15}},"loc":{"start":{"line":70,"column":34},"end":{"line":73,"column":3}}},"4":{"name":"(anonymous_4)","decl":{"start":{"line":75,"column":2},"end":{"line":75,"column":17}},"loc":{"start":{"line":75,"column":38},"end":{"line":78,"column":3}}},"5":{"name":"(anonymous_5)","decl":{"start":{"line":80,"column":2},"end":{"line":80,"column":10}},"loc":{"start":{"line":80,"column":25},"end":{"line":83,"column":3}}},"6":{"name":"(anonymous_6)","decl":{"start":{"line":85,"column":2},"end":{"line":85,"column":11}},"loc":{"start":{"line":85,"column":38},"end":{"line":88,"column":3}}},"7":{"name":"(anonymous_7)","decl":{"start":{"line":96,"column":2},"end":{"line":96,"column":16}},"loc":{"start":{"line":96,"column":89},"end":{"line":115,"column":3}}},"8":{"name":"(anonymous_8)","decl":{"start":{"line":98,"column":15},"end":{"line":98,"column":16}},"loc":{"start":{"line":98,"column":76},"end":{"line":107,"column":5}}},"9":{"name":"(anonymous_9)","decl":{"start":{"line":101,"column":8},"end":{"line":101,"column":11}},"loc":{"start":{"line":101,"column":13},"end":{"line":104,"column":9}}},"10":{"name":"(anonymous_10)","decl":{"start":{"line":117,"column":2},"end":{"line":117,"column":16}},"loc":{"start":{"line":117,"column":89},"end":{"line":139,"column":3}}},"11":{"name":"(anonymous_11)","decl":{"start":{"line":119,"column":15},"end":{"line":119,"column":16}},"loc":{"start":{"line":119,"column":76},"end":{"line":128,"column":5}}},"12":{"name":"(anonymous_12)","decl":{"start":{"line":122,"column":8},"end":{"line":122,"column":11}},"loc":{"start":{"line":122,"column":13},"end":{"line":125,"column":9}}},"13":{"name":"(anonymous_13)","decl":{"start":{"line":130,"column":6},"end":{"line":130,"column":7}},"loc":{"start":{"line":130,"column":35},"end":{"line":135,"column":7}}},"14":{"name":"(anonymous_14)","decl":{"start":{"line":163,"column":2},"end":{"line":163,"column":13}},"loc":{"start":{"line":163,"column":78},"end":{"line":165,"column":3}}},"15":{"name":"(anonymous_15)","decl":{"start":{"line":170,"column":2},"end":{"line":170,"column":8}},"loc":{"start":{"line":170,"column":55},"end":{"line":172,"column":3}}},"16":{"name":"(anonymous_16)","decl":{"start":{"line":177,"column":2},"end":{"line":177,"column":8}},"loc":{"start":{"line":177,"column":37},"end":{"line":181,"column":3}}},"17":{"name":"(anonymous_17)","decl":{"start":{"line":187,"column":11},"end":{"line":187,"column":18}},"loc":{"start":{"line":187,"column":42},"end":{"line":201,"column":3}}},"18":{"name":"(anonymous_18)","decl":{"start":{"line":207,"column":11},"end":{"line":207,"column":21}},"loc":{"start":{"line":207,"column":39},"end":{"line":220,"column":3}}}},"branchMap":{"0":{"loc":{"start":{"line":96,"column":55},"end":{"line":96,"column":89}},"type":"default-arg","locations":[{"start":{"line":96,"column":87},"end":{"line":96,"column":89}}]},"1":{"loc":{"start":{"line":96,"column":57},"end":{"line":96,"column":69}},"type":"default-arg","locations":[{"start":{"line":96,"column":67},"end":{"line":96,"column":69}}]},"2":{"loc":{"start":{"line":109,"column":4},"end":{"line":109,"column":28}},"type":"if","locations":[{"start":{"line":109,"column":4},"end":{"line":109,"column":28}}]},"3":{"loc":{"start":{"line":112,"column":6},"end":{"line":112,"column":30}},"type":"if","locations":[{"start":{"line":112,"column":6},"end":{"line":112,"column":30}}]},"4":{"loc":{"start":{"line":117,"column":55},"end":{"line":117,"column":89}},"type":"default-arg","locations":[{"start":{"line":117,"column":87},"end":{"line":117,"column":89}}]},"5":{"loc":{"start":{"line":117,"column":57},"end":{"line":117,"column":69}},"type":"default-arg","locations":[{"start":{"line":117,"column":67},"end":{"line":117,"column":69}}]},"6":{"loc":{"start":{"line":131,"column":8},"end":{"line":133,"column":null}},"type":"if","locations":[{"start":{"line":131,"column":8},"end":{"line":133,"column":null}}]},"7":{"loc":{"start":{"line":134,"column":8},"end":{"line":134,"column":31}},"type":"if","locations":[{"start":{"line":134,"column":8},"end":{"line":134,"column":31}}]},"8":{"loc":{"start":{"line":163,"column":14},"end":{"line":163,"column":78}},"type":"default-arg","locations":[{"start":{"line":163,"column":62},"end":{"line":163,"column":78}}]}},"s":{"0":13,"1":13,"2":13,"3":15,"4":15,"5":15,"6":15,"7":15,"8":15,"9":0,"10":0,"11":26,"12":26,"13":26,"14":26,"15":26,"16":26,"17":26,"18":0,"19":0,"20":0,"21":0,"22":0,"23":0,"24":0,"25":0,"26":0,"27":0,"28":26,"29":1,"30":1,"31":1,"32":0,"33":0,"34":1,"35":1,"36":0,"37":1,"38":0,"39":0,"40":0,"41":1,"42":1,"43":1,"44":5,"45":0,"46":0,"47":1,"48":1,"49":1,"50":1,"51":0,"52":1,"53":3,"54":0,"55":12,"56":12,"57":12,"58":14,"59":12,"60":12,"61":12,"62":12,"63":12,"64":12,"65":12,"66":12,"67":12,"68":12,"69":12,"70":12,"71":13,"72":13},"f":{"0":15,"1":15,"2":0,"3":0,"4":0,"5":0,"6":0,"7":1,"8":1,"9":0,"10":1,"11":5,"12":0,"13":1,"14":3,"15":0,"16":12,"17":14,"18":12},"b":{"0":[0],"1":[0],"2":[0],"3":[0],"4":[1],"5":[1],"6":[1],"7":[0],"8":[0]}}
,"/home/runner/work/tg-sticker-creator/tg-sticker-creator/src/core/LottieItem.ts": {"path":"/home/runner/work/tg-sticker-creator/tg-sticker-creator/src/core/LottieItem.ts","statementMap":{"0":{"start":{"line":1,"column":0},"end":{"line":1,"column":41}},"1":{"start":{"line":2,"column":0},"end":{"line":2,"column":null}},"2":{"start":{"line":50,"column":4},"end":{"line":52,"column":null}},"3":{"start":{"line":51,"column":6},"end":{"line":51,"column":58}},"4":{"start":{"line":53,"column":4},"end":{"line":53,"column":33}},"5":{"start":{"line":79,"column":4},"end":{"line":83,"column":null}},"6":{"start":{"line":80,"column":6},"end":{"line":82,"column":8}},"7":{"start":{"line":84,"column":4},"end":{"line":84,"column":16}},"8":{"start":{"line":95,"column":4},"end":{"line":95,"column":14}},"9":{"start":{"line":102,"column":4},"end":{"line":102,"column":33}},"10":{"start":{"line":14,"column":0},"end":{"line":14,"column":13}}},"fnMap":{"0":{"name":"(anonymous_0)","decl":{"start":{"line":47,"column":2},"end":{"line":47,"column":4}},"loc":{"start":{"line":48,"column":13},"end":{"line":54,"column":3}}},"1":{"name":"(anonymous_1)","decl":{"start":{"line":76,"column":2},"end":{"line":76,"column":6}},"loc":{"start":{"line":77,"column":13},"end":{"line":85,"column":3}}},"2":{"name":"(anonymous_2)","decl":{"start":{"line":94,"column":2},"end":{"line":94,"column":9}},"loc":{"start":{"line":94,"column":34},"end":{"line":96,"column":3}}},"3":{"name":"(anonymous_3)","decl":{"start":{"line":101,"column":2},"end":{"line":101,"column":7}},"loc":{"start":{"line":101,"column":7},"end":{"line":103,"column":3}}},"4":{"name":"(anonymous_4)","decl":{"start":{"line":108,"column":2},"end":{"line":108,"column":12}},"loc":{"start":{"line":108,"column":24},"end":{"line":108,"column":28}}}},"branchMap":{"0":{"loc":{"start":{"line":50,"column":4},"end":{"line":52,"column":null}},"type":"if","locations":[{"start":{"line":50,"column":4},"end":{"line":52,"column":null}}]},"1":{"loc":{"start":{"line":79,"column":4},"end":{"line":83,"column":null}},"type":"if","locations":[{"start":{"line":79,"column":4},"end":{"line":83,"column":null}}]},"2":{"loc":{"start":{"line":81,"column":17},"end":{"line":81,"column":54}},"type":"binary-expr","locations":[{"start":{"line":81,"column":17},"end":{"line":81,"column":38}},{"start":{"line":81,"column":42},"end":{"line":81,"column":54}}]}},"s":{"0":13,"1":13,"2":36,"3":26,"4":10,"5":5,"6":2,"7":3,"8":28552,"9":1,"10":13},"f":{"0":36,"1":5,"2":28552,"3":1,"4":49433},"b":{"0":[26],"1":[2],"2":[2,0]}}
,"/home/runner/work/tg-sticker-creator/tg-sticker-creator/src/core/Mask.ts": {"path":"/home/runner/work/tg-sticker-creator/tg-sticker-creator/src/core/Mask.ts","statementMap":{"0":{"start":{"line":1,"column":0},"end":{"line":1,"column":null}},"1":{"start":{"line":28,"column":4},"end":{"line":34,"column":6}},"2":{"start":{"line":37,"column":13},"end":{"line":37,"column":18}},"3":{"start":{"line":39,"column":18},"end":{"line":39,"column":36}},"4":{"start":{"line":41,"column":32},"end":{"line":41,"column":58}},"5":{"start":{"line":43,"column":9},"end":{"line":43,"column":21}},"6":{"start":{"line":45,"column":31},"end":{"line":45,"column":55}},"7":{"start":{"line":47,"column":29},"end":{"line":47,"column":49}},"8":{"start":{"line":50,"column":4},"end":{"line":50,"column":22}},"9":{"start":{"line":51,"column":4},"end":{"line":51,"column":16}},"10":{"start":{"line":55,"column":4},"end":{"line":55,"column":21}},"11":{"start":{"line":56,"column":4},"end":{"line":56,"column":16}},"12":{"start":{"line":60,"column":4},"end":{"line":60,"column":20}},"13":{"start":{"line":61,"column":4},"end":{"line":61,"column":16}},"14":{"start":{"line":68,"column":4},"end":{"line":68,"column":34}},"15":{"start":{"line":75,"column":21},"end":{"line":75,"column":31}},"16":{"start":{"line":76,"column":4},"end":{"line":76,"column":31}},"17":{"start":{"line":77,"column":4},"end":{"line":77,"column":20}},"18":{"start":{"line":85,"column":4},"end":{"line":93,"column":6}},"19":{"start":{"line":101,"column":4},"end":{"line":101,"column":28}},"20":{"start":{"line":102,"column":4},"end":{"line":102,"column":77}},"21":{"start":{"line":103,"column":4},"end":{"line":103,"column":88}},"22":{"start":{"line":104,"column":4},"end":{"line":104,"column":93}},"23":{"start":{"line":105,"column":4},"end":{"line":105,"column":79}},"24":{"start":{"line":106,"column":4},"end":{"line":106,"column":91}},"25":{"start":{"line":107,"column":4},"end":{"line":107,"column":72}},"26":{"start":{"line":18,"column":0},"end":{"line":18,"column":13}}},"fnMap":{"0":{"name":"(anonymous_0)","decl":{"start":{"line":22,"column":2},"end":{"line":22,"column":16}},"loc":{"start":{"line":26,"column":24},"end":{"line":35,"column":3}}},"1":{"name":"(anonymous_1)","decl":{"start":{"line":49,"column":2},"end":{"line":49,"column":13}},"loc":{"start":{"line":49,"column":31},"end":{"line":52,"column":3}}},"2":{"name":"(anonymous_2)","decl":{"start":{"line":54,"column":2},"end":{"line":54,"column":12}},"loc":{"start":{"line":54,"column":33},"end":{"line":57,"column":3}}},"3":{"name":"(anonymous_3)","decl":{"start":{"line":59,"column":2},"end":{"line":59,"column":11}},"loc":{"start":{"line":59,"column":32},"end":{"line":62,"column":3}}},"4":{"name":"(anonymous_4)","decl":{"start":{"line":67,"column":2},"end":{"line":67,"column":8}},"loc":{"start":{"line":67,"column":53},"end":{"line":69,"column":3}}},"5":{"name":"(anonymous_5)","decl":{"start":{"line":74,"column":2},"end":{"line":74,"column":8}},"loc":{"start":{"line":74,"column":37},"end":{"line":78,"column":3}}},"6":{"name":"(anonymous_6)","decl":{"start":{"line":84,"column":11},"end":{"line":84,"column":18}},"loc":{"start":{"line":84,"column":42},"end":{"line":94,"column":3}}},"7":{"name":"(anonymous_7)","decl":{"start":{"line":100,"column":11},"end":{"line":100,"column":21}},"loc":{"start":{"line":100,"column":39},"end":{"line":108,"column":3}}}},"branchMap":{},"s":{"0":13,"1":0,"2":0,"3":0,"4":0,"5":0,"6":0,"7":0,"8":0,"9":0,"10":0,"11":0,"12":0,"13":0,"14":0,"15":0,"16":0,"17":0,"18":0,"19":0,"20":0,"21":0,"22":0,"23":0,"24":0,"25":0,"26":13},"f":{"0":0,"1":0,"2":0,"3":0,"4":0,"5":0,"6":0,"7":0},"b":{}}
,"/home/runner/work/tg-sticker-creator/tg-sticker-creator/src/core/Resolvable.ts": {"path":"/home/runner/work/tg-sticker-creator/tg-sticker-creator/src/core/Resolvable.ts","statementMap":{"0":{"start":{"line":1,"column":0},"end":{"line":1,"column":null}},"1":{"start":{"line":35,"column":6},"end":{"line":35,"column":42}},"2":{"start":{"line":38,"column":22},"end":{"line":38,"column":37}},"3":{"start":{"line":39,"column":34},"end":{"line":39,"column":41}},"4":{"start":{"line":40,"column":21},"end":{"line":42,"column":8}},"5":{"start":{"line":43,"column":6},"end":{"line":43,"column":52}},"6":{"start":{"line":43,"column":42},"end":{"line":43,"column":50}},"7":{"start":{"line":50,"column":6},"end":{"line":50,"column":55}},"8":{"start":{"line":22,"column":2},"end":{"line":22,"column":15}},"9":{"start":{"line":73,"column":40},"end":{"line":92,"column":1}},"10":{"start":{"line":80,"column":2},"end":{"line":90,"column":null}},"11":{"start":{"line":89,"column":4},"end":{"line":89,"column":73}},"12":{"start":{"line":91,"column":2},"end":{"line":91,"column":12}},"13":{"start":{"line":73,"column":13},"end":{"line":73,"column":40}},"14":{"start":{"line":95,"column":31},"end":{"line":144,"column":1}},"15":{"start":{"line":106,"column":8},"end":{"line":106,"column":10}},"16":{"start":{"line":107,"column":2},"end":{"line":109,"column":null}},"17":{"start":{"line":108,"column":4},"end":{"line":108,"column":14}},"18":{"start":{"line":110,"column":2},"end":{"line":110,"column":68}},"19":{"start":{"line":111,"column":2},"end":{"line":121,"column":null}},"20":{"start":{"line":120,"column":4},"end":{"line":120,"column":79}},"21":{"start":{"line":123,"column":2},"end":{"line":142,"column":null}},"22":{"start":{"line":124,"column":4},"end":{"line":141,"column":null}},"23":{"start":{"line":130,"column":23},"end":{"line":130,"column":34}},"24":{"start":{"line":131,"column":6},"end":{"line":140,"column":null}},"25":{"start":{"line":132,"column":8},"end":{"line":139,"column":10}},"26":{"start":{"line":143,"column":2},"end":{"line":143,"column":18}},"27":{"start":{"line":95,"column":13},"end":{"line":95,"column":31}}},"fnMap":{"0":{"name":"(anonymous_0)","decl":{"start":{"line":26,"column":4},"end":{"line":26,"column":18}},"loc":{"start":{"line":30,"column":27},"end":{"line":36,"column":5}}},"1":{"name":"(anonymous_1)","decl":{"start":{"line":37,"column":4},"end":{"line":37,"column":7}},"loc":{"start":{"line":37,"column":67},"end":{"line":44,"column":5}}},"2":{"name":"(anonymous_2)","decl":{"start":{"line":43,"column":24},"end":{"line":43,"column":25}},"loc":{"start":{"line":43,"column":42},"end":{"line":43,"column":50}}},"3":{"name":"(anonymous_3)","decl":{"start":{"line":46,"column":4},"end":{"line":46,"column":9}},"loc":{"start":{"line":48,"column":40},"end":{"line":51,"column":5}}},"4":{"name":"(anonymous_4)","decl":{"start":{"line":73,"column":40},"end":{"line":73,"column":null}},"loc":{"start":{"line":79,"column":4},"end":{"line":92,"column":1}}},"5":{"name":"(anonymous_5)","decl":{"start":{"line":95,"column":31},"end":{"line":95,"column":null}},"loc":{"start":{"line":102,"column":4},"end":{"line":144,"column":1}}}},"branchMap":{"0":{"loc":{"start":{"line":37,"column":33},"end":{"line":37,"column":67}},"type":"default-arg","locations":[{"start":{"line":37,"column":65},"end":{"line":37,"column":67}}]},"1":{"loc":{"start":{"line":39,"column":14},"end":{"line":39,"column":29}},"type":"default-arg","locations":[{"start":{"line":39,"column":22},"end":{"line":39,"column":29}}]},"2":{"loc":{"start":{"line":48,"column":6},"end":{"line":48,"column":40}},"type":"default-arg","locations":[{"start":{"line":48,"column":38},"end":{"line":48,"column":40}}]},"3":{"loc":{"start":{"line":50,"column":13},"end":{"line":50,"column":54}},"type":"binary-expr","locations":[{"start":{"line":50,"column":13},"end":{"line":50,"column":46}},{"start":{"line":50,"column":50},"end":{"line":50,"column":54}}]},"4":{"loc":{"start":{"line":80,"column":2},"end":{"line":90,"column":null}},"type":"if","locations":[{"start":{"line":80,"column":2},"end":{"line":90,"column":null}}]},"5":{"loc":{"start":{"line":107,"column":2},"end":{"line":109,"column":null}},"type":"if","locations":[{"start":{"line":107,"column":2},"end":{"line":109,"column":null}}]},"6":{"loc":{"start":{"line":111,"column":2},"end":{"line":121,"column":null}},"type":"if","locations":[{"start":{"line":111,"column":2},"end":{"line":121,"column":null}}]},"7":{"loc":{"start":{"line":123,"column":2},"end":{"line":142,"column":null}},"type":"if","locations":[{"start":{"line":123,"column":2},"end":{"line":142,"column":null}}]}},"s":{"0":13,"1":0,"2":15,"3":15,"4":15,"5":15,"6":22,"7":7,"8":13,"9":13,"10":102,"11":16,"12":86,"13":13,"14":13,"15":57,"16":57,"17":6,"18":51,"19":51,"20":6,"21":51,"22":51,"23":63,"24":63,"25":144,"26":51,"27":13},"f":{"0":0,"1":15,"2":22,"3":7,"4":102,"5":57},"b":{"0":[4],"1":[11],"2":[7],"3":[7,1],"4":[16],"5":[6],"6":[6],"7":[51]}}
,"/home/runner/work/tg-sticker-creator/tg-sticker-creator/src/core/TransformMixin.ts": {"path":"/home/runner/work/tg-sticker-creator/tg-sticker-creator/src/core/TransformMixin.ts","statementMap":{"0":{"start":{"line":1,"column":0},"end":{"line":1,"column":null}},"1":{"start":{"line":12,"column":32},"end":{"line":12,"column":58}},"2":{"start":{"line":14,"column":33},"end":{"line":14,"column":57}},"3":{"start":{"line":16,"column":33},"end":{"line":16,"column":63}},"4":{"start":{"line":18,"column":36},"end":{"line":18,"column":65}},"5":{"start":{"line":20,"column":30},"end":{"line":20,"column":63}},"6":{"start":{"line":22,"column":29},"end":{"line":22,"column":53}},"7":{"start":{"line":24,"column":33},"end":{"line":24,"column":57}},"8":{"start":{"line":27,"column":4},"end":{"line":27,"column":21}},"9":{"start":{"line":28,"column":4},"end":{"line":28,"column":16}},"10":{"start":{"line":31,"column":4},"end":{"line":31,"column":22}},"11":{"start":{"line":32,"column":4},"end":{"line":32,"column":16}},"12":{"start":{"line":35,"column":4},"end":{"line":35,"column":22}},"13":{"start":{"line":36,"column":4},"end":{"line":36,"column":16}},"14":{"start":{"line":39,"column":4},"end":{"line":39,"column":25}},"15":{"start":{"line":40,"column":4},"end":{"line":40,"column":16}},"16":{"start":{"line":43,"column":4},"end":{"line":43,"column":19}},"17":{"start":{"line":44,"column":4},"end":{"line":44,"column":16}},"18":{"start":{"line":47,"column":4},"end":{"line":47,"column":21}},"19":{"start":{"line":48,"column":4},"end":{"line":48,"column":25}},"20":{"start":{"line":49,"column":4},"end":{"line":49,"column":16}},"21":{"start":{"line":57,"column":6},"end":{"line":65,"column":8}},"22":{"start":{"line":73,"column":6},"end":{"line":73,"column":90}},"23":{"start":{"line":74,"column":6},"end":{"line":74,"column":92}},"24":{"start":{"line":75,"column":6},"end":{"line":75,"column":93}},"25":{"start":{"line":76,"column":6},"end":{"line":76,"column":77}},"26":{"start":{"line":77,"column":6},"end":{"line":77,"column":96}},"27":{"start":{"line":78,"column":6},"end":{"line":78,"column":90}},"28":{"start":{"line":79,"column":6},"end":{"line":79,"column":94}},"29":{"start":{"line":11,"column":0},"end":{"line":11,"column":13}}},"fnMap":{"0":{"name":"(anonymous_0)","decl":{"start":{"line":26,"column":2},"end":{"line":26,"column":12}},"loc":{"start":{"line":26,"column":33},"end":{"line":29,"column":3}}},"1":{"name":"(anonymous_1)","decl":{"start":{"line":30,"column":2},"end":{"line":30,"column":13}},"loc":{"start":{"line":30,"column":34},"end":{"line":33,"column":3}}},"2":{"name":"(anonymous_2)","decl":{"start":{"line":34,"column":2},"end":{"line":34,"column":13}},"loc":{"start":{"line":34,"column":35},"end":{"line":37,"column":3}}},"3":{"name":"(anonymous_3)","decl":{"start":{"line":38,"column":2},"end":{"line":38,"column":11}},"loc":{"start":{"line":38,"column":32},"end":{"line":41,"column":3}}},"4":{"name":"(anonymous_4)","decl":{"start":{"line":42,"column":2},"end":{"line":42,"column":10}},"loc":{"start":{"line":42,"column":31},"end":{"line":45,"column":3}}},"5":{"name":"(anonymous_5)","decl":{"start":{"line":46,"column":2},"end":{"line":46,"column":9}},"loc":{"start":{"line":46,"column":58},"end":{"line":50,"column":3}}},"6":{"name":"(anonymous_6)","decl":{"start":{"line":56,"column":2},"end":{"line":56,"column":18}},"loc":{"start":{"line":56,"column":42},"end":{"line":66,"column":5}}},"7":{"name":"(anonymous_7)","decl":{"start":{"line":72,"column":2},"end":{"line":72,"column":21}},"loc":{"start":{"line":72,"column":39},"end":{"line":80,"column":5}}}},"branchMap":{},"s":{"0":13,"1":3356,"2":3356,"3":3356,"4":3356,"5":3356,"6":3356,"7":3356,"8":0,"9":0,"10":0,"11":0,"12":0,"13":0,"14":0,"15":0,"16":0,"17":0,"18":0,"19":0,"20":0,"21":1887,"22":3271,"23":3271,"24":3271,"25":3271,"26":3271,"27":3271,"28":3271,"29":13},"f":{"0":0,"1":0,"2":0,"3":0,"4":0,"5":0,"6":1887,"7":3271},"b":{}}
,"/home/runner/work/tg-sticker-creator/tg-sticker-creator/src/core/classes.ts": {"path":"/home/runner/work/tg-sticker-creator/tg-sticker-creator/src/core/classes.ts","statementMap":{"0":{"start":{"line":1,"column":0},"end":{"line":1,"column":null}},"1":{"start":{"line":36,"column":13},"end":{"line":74,"column":2}}},"fnMap":{},"branchMap":{},"s":{"0":13,"1":13},"f":{},"b":{}}
,"/home/runner/work/tg-sticker-creator/tg-sticker-creator/src/core/constants.ts": {"path":"/home/runner/work/tg-sticker-creator/tg-sticker-creator/src/core/constants.ts","statementMap":{"0":{"start":{"line":1,"column":0},"end":{"line":1,"column":null}},"1":{"start":{"line":2,"column":2},"end":{"line":2,"column":null}},"2":{"start":{"line":3,"column":2},"end":{"line":3,"column":null}},"3":{"start":{"line":4,"column":2},"end":{"line":4,"column":null}},"4":{"start":{"line":7,"column":0},"end":{"line":7,"column":null}},"5":{"start":{"line":8,"column":2},"end":{"line":8,"column":null}},"6":{"start":{"line":9,"column":2},"end":{"line":9,"column":null}},"7":{"start":{"line":10,"column":2},"end":{"line":10,"column":null}},"8":{"start":{"line":11,"column":2},"end":{"line":11,"column":null}},"9":{"start":{"line":12,"column":2},"end":{"line":12,"column":null}},"10":{"start":{"line":13,"column":2},"end":{"line":13,"column":null}},"11":{"start":{"line":16,"column":0},"end":{"line":16,"column":null}},"12":{"start":{"line":17,"column":2},"end":{"line":17,"column":null}},"13":{"start":{"line":18,"column":2},"end":{"line":18,"column":null}},"14":{"start":{"line":19,"column":2},"end":{"line":19,"column":null}},"15":{"start":{"line":20,"column":2},"end":{"line":20,"column":null}},"16":{"start":{"line":21,"column":2},"end":{"line":21,"column":null}},"17":{"start":{"line":22,"column":2},"end":{"line":22,"column":null}},"18":{"start":{"line":23,"column":2},"end":{"line":23,"column":null}},"19":{"start":{"line":24,"column":2},"end":{"line":24,"column":null}},"20":{"start":{"line":25,"column":2},"end":{"line":25,"column":null}},"21":{"start":{"line":26,"column":2},"end":{"line":26,"column":null}},"22":{"start":{"line":27,"column":2},"end":{"line":27,"column":null}},"23":{"start":{"line":28,"column":2},"end":{"line":28,"column":null}},"24":{"start":{"line":29,"column":2},"end":{"line":29,"column":null}},"25":{"start":{"line":30,"column":2},"end":{"line":30,"column":null}},"26":{"start":{"line":31,"column":2},"end":{"line":31,"column":null}},"27":{"start":{"line":32,"column":2},"end":{"line":32,"column":null}},"28":{"start":{"line":35,"column":0},"end":{"line":35,"column":null}},"29":{"start":{"line":36,"column":2},"end":{"line":36,"column":null}},"30":{"start":{"line":37,"column":2},"end":{"line":37,"column":null}},"31":{"start":{"line":40,"column":0},"end":{"line":40,"column":null}},"32":{"start":{"line":41,"column":2},"end":{"line":41,"column":null}},"33":{"start":{"line":42,"column":2},"end":{"line":42,"column":null}},"34":{"start":{"line":43,"column":2},"end":{"line":43,"column":null}},"35":{"start":{"line":44,"column":2},"end":{"line":44,"column":null}},"36":{"start":{"line":45,"column":2},"end":{"line":45,"column":null}},"37":{"start":{"line":48,"column":0},"end":{"line":48,"column":null}},"38":{"start":{"line":49,"column":2},"end":{"line":49,"column":null}},"39":{"start":{"line":50,"column":2},"end":{"line":50,"column":null}},"40":{"start":{"line":51,"column":2},"end":{"line":51,"column":null}},"41":{"start":{"line":52,"column":2},"end":{"line":52,"column":null}},"42":{"start":{"line":53,"column":2},"end":{"line":53,"column":null}},"43":{"start":{"line":54,"column":2},"end":{"line":54,"column":null}},"44":{"start":{"line":55,"column":2},"end":{"line":55,"column":null}},"45":{"start":{"line":56,"column":2},"end":{"line":56,"column":null}},"46":{"start":{"line":57,"column":2},"end":{"line":57,"column":null}},"47":{"start":{"line":58,"column":2},"end":{"line":58,"column":null}},"48":{"start":{"line":59,"column":2},"end":{"line":59,"column":null}},"49":{"start":{"line":60,"column":2},"end":{"line":60,"column":null}},"50":{"start":{"line":61,"column":2},"end":{"line":61,"column":null}},"51":{"start":{"line":62,"column":2},"end":{"line":62,"column":null}},"52":{"start":{"line":65,"column":0},"end":{"line":65,"column":null}},"53":{"start":{"line":66,"column":2},"end":{"line":66,"column":null}},"54":{"start":{"line":67,"column":2},"end":{"line":67,"column":null}},"55":{"start":{"line":70,"column":0},"end":{"line":70,"column":null}},"56":{"start":{"line":71,"column":2},"end":{"line":71,"column":null}},"57":{"start":{"line":72,"column":2},"end":{"line":72,"column":null}},"58":{"start":{"line":75,"column":0},"end":{"line":75,"column":null}},"59":{"start":{"line":76,"column":2},"end":{"line":76,"column":null}},"60":{"start":{"line":77,"column":2},"end":{"line":77,"column":null}},"61":{"start":{"line":78,"column":2},"end":{"line":78,"column":null}},"62":{"start":{"line":81,"column":0},"end":{"line":81,"column":null}},"63":{"start":{"line":82,"column":2},"end":{"line":82,"column":null}},"64":{"start":{"line":83,"column":2},"end":{"line":83,"column":null}},"65":{"start":{"line":84,"column":2},"end":{"line":84,"column":null}},"66":{"start":{"line":85,"column":2},"end":{"line":85,"column":null}},"67":{"start":{"line":86,"column":2},"end":{"line":86,"column":null}},"68":{"start":{"line":87,"column":2},"end":{"line":87,"column":null}},"69":{"start":{"line":88,"column":2},"end":{"line":88,"column":null}},"70":{"start":{"line":91,"column":0},"end":{"line":91,"column":null}},"71":{"start":{"line":92,"column":2},"end":{"line":92,"column":null}},"72":{"start":{"line":93,"column":2},"end":{"line":93,"column":null}},"73":{"start":{"line":96,"column":0},"end":{"line":96,"column":null}},"74":{"start":{"line":97,"column":2},"end":{"line":97,"column":null}},"75":{"start":{"line":98,"column":2},"end":{"line":98,"column":null}},"76":{"start":{"line":99,"column":2},"end":{"line":99,"column":null}},"77":{"start":{"line":100,"column":2},"end":{"line":100,"column":null}},"78":{"start":{"line":101,"column":2},"end":{"line":101,"column":null}}},"fnMap":{"0":{"name":"(anonymous_0)","decl":{"start":{"line":1,"column":0},"end":{"line":1,"column":12}},"loc":{"start":{"line":1,"column":19},"end":{"line":5,"column":1}}},"1":{"name":"(anonymous_1)","decl":{"start":{"line":7,"column":0},"end":{"line":7,"column":12}},"loc":{"start":{"line":7,"column":21},"end":{"line":14,"column":1}}},"2":{"name":"(anonymous_2)","decl":{"start":{"line":16,"column":0},"end":{"line":16,"column":12}},"loc":{"start":{"line":16,"column":21},"end":{"line":33,"column":1}}},"3":{"name":"(anonymous_3)","decl":{"start":{"line":35,"column":0},"end":{"line":35,"column":12}},"loc":{"start":{"line":35,"column":20},"end":{"line":38,"column":1}}},"4":{"name":"(anonymous_4)","decl":{"start":{"line":40,"column":0},"end":{"line":40,"column":12}},"loc":{"start":{"line":40,"column":21},"end":{"line":46,"column":1}}},"5":{"name":"(anonymous_5)","decl":{"start":{"line":48,"column":0},"end":{"line":48,"column":12}},"loc":{"start":{"line":48,"column":21},"end":{"line":63,"column":1}}},"6":{"name":"(anonymous_6)","decl":{"start":{"line":65,"column":0},"end":{"line":65,"column":12}},"loc":{"start":{"line":65,"column":24},"end":{"line":68,"column":1}}},"7":{"name":"(anonymous_7)","decl":{"start":{"line":70,"column":0},"end":{"line":70,"column":12}},"loc":{"start":{"line":70,"column":24},"end":{"line":73,"column":1}}},"8":{"name":"(anonymous_8)","decl":{"start":{"line":75,"column":0},"end":{"line":75,"column":12}},"loc":{"start":{"line":75,"column":20},"end":{"line":79,"column":1}}},"9":{"name":"(anonymous_9)","decl":{"start":{"line":81,"column":0},"end":{"line":81,"column":12}},"loc":{"start":{"line":81,"column":20},"end":{"line":89,"column":1}}},"10":{"name":"(anonymous_10)","decl":{"start":{"line":91,"column":0},"end":{"line":91,"column":12}},"loc":{"start":{"line":91,"column":20},"end":{"line":94,"column":1}}},"11":{"name":"(anonymous_11)","decl":{"start":{"line":96,"column":0},"end":{"line":96,"column":12}},"loc":{"start":{"line":96,"column":21},"end":{"line":102,"column":1}}}},"branchMap":{"0":{"loc":{"start":{"line":1,"column":12},"end":{"line":1,"column":null}},"type":"binary-expr","locations":[{"start":{"line":1,"column":12},"end":{"line":1,"column":19}},{"start":{"line":1,"column":12},"end":{"line":1,"column":null}}]},"1":{"loc":{"start":{"line":7,"column":12},"end":{"line":7,"column":null}},"type":"binary-expr","locations":[{"start":{"line":7,"column":12},"end":{"line":7,"column":21}},{"start":{"line":7,"column":12},"end":{"line":7,"column":null}}]},"2":{"loc":{"start":{"line":16,"column":12},"end":{"line":16,"column":null}},"type":"binary-expr","locations":[{"start":{"line":16,"column":12},"end":{"line":16,"column":21}},{"start":{"line":16,"column":12},"end":{"line":16,"column":null}}]},"3":{"loc":{"start":{"line":35,"column":12},"end":{"line":35,"column":null}},"type":"binary-expr","locations":[{"start":{"line":35,"column":12},"end":{"line":35,"column":20}},{"start":{"line":35,"column":12},"end":{"line":35,"column":null}}]},"4":{"loc":{"start":{"line":40,"column":12},"end":{"line":40,"column":null}},"type":"binary-expr","locations":[{"start":{"line":40,"column":12},"end":{"line":40,"column":21}},{"start":{"line":40,"column":12},"end":{"line":40,"column":null}}]},"5":{"loc":{"start":{"line":48,"column":12},"end":{"line":48,"column":null}},"type":"binary-expr","locations":[{"start":{"line":48,"column":12},"end":{"line":48,"column":21}},{"start":{"line":48,"column":12},"end":{"line":48,"column":null}}]},"6":{"loc":{"start":{"line":65,"column":12},"end":{"line":65,"column":null}},"type":"binary-expr","locations":[{"start":{"line":65,"column":12},"end":{"line":65,"column":24}},{"start":{"line":65,"column":12},"end":{"line":65,"column":null}}]},"7":{"loc":{"start":{"line":70,"column":12},"end":{"line":70,"column":null}},"type":"binary-expr","locations":[{"start":{"line":70,"column":12},"end":{"line":70,"column":24}},{"start":{"line":70,"column":12},"end":{"line":70,"column":null}}]},"8":{"loc":{"start":{"line":75,"column":12},"end":{"line":75,"column":null}},"type":"binary-expr","locations":[{"start":{"line":75,"column":12},"end":{"line":75,"column":20}},{"start":{"line":75,"column":12},"end":{"line":75,"column":null}}]},"9":{"loc":{"start":{"line":81,"column":12},"end":{"line":81,"column":null}},"type":"binary-expr","locations":[{"start":{"line":81,"column":12},"end":{"line":81,"column":20}},{"start":{"line":81,"column":12},"end":{"line":81,"column":null}}]},"10":{"loc":{"start":{"line":91,"column":12},"end":{"line":91,"column":null}},"type":"binary-expr","locations":[{"start":{"line":91,"column":12},"end":{"line":91,"column":20}},{"start":{"line":91,"column":12},"end":{"line":91,"column":null}}]},"11":{"loc":{"start":{"line":96,"column":12},"end":{"line":96,"column":null}},"type":"binary-expr","locations":[{"start":{"line":96,"column":12},"end":{"line":96,"column":21}},{"start":{"line":96,"column":12},"end":{"line":96,"column":null}}]}},"s":{"0":13,"1":13,"2":13,"3":13,"4":13,"5":13,"6":13,"7":13,"8":13,"9":13,"10":13,"11":13,"12":13,"13":13,"14":13,"15":13,"16":13,"17":13,"18":13,"19":13,"20":13,"21":13,"22":13,"23":13,"24":13,"25":13,"26":13,"27":13,"28":13,"29":13,"30":13,"31":13,"32":13,"33":13,"34":13,"35":13,"36":13,"37":13,"38":13,"39":13,"40":13,"41":13,"42":13,"43":13,"44":13,"45":13,"46":13,"47":13,"48":13,"49":13,"50":13,"51":13,"52":13,"53":13,"54":13,"55":13,"56":13,"57":13,"58":13,"59":13,"60":13,"61":13,"62":13,"63":13,"64":13,"65":13,"66":13,"67":13,"68":13,"69":13,"70":13,"71":13,"72":13,"73":13,"74":13,"75":13,"76":13,"77":13,"78":13},"f":{"0":13,"1":13,"2":13,"3":13,"4":13,"5":13,"6":13,"7":13,"8":13,"9":13,"10":13,"11":13},"b":{"0":[13,13],"1":[13,13],"2":[13,13],"3":[13,13],"4":[13,13],"5":[13,13],"6":[13,13],"7":[13,13],"8":[13,13],"9":[13,13],"10":[13,13],"11":[13,13]}}
,"/home/runner/work/tg-sticker-creator/tg-sticker-creator/src/core/internal.ts": {"path":"/home/runner/work/tg-sticker-creator/tg-sticker-creator/src/core/internal.ts","statementMap":{"0":{"start":{"line":2,"column":0},"end":{"line":2,"column":28}},"1":{"start":{"line":3,"column":0},"end":{"line":3,"column":36}},"2":{"start":{"line":5,"column":0},"end":{"line":5,"column":28}},"3":{"start":{"line":6,"column":0},"end":{"line":6,"column":29}},"4":{"start":{"line":7,"column":0},"end":{"line":7,"column":35}},"5":{"start":{"line":8,"column":0},"end":{"line":8,"column":40}},"6":{"start":{"line":9,"column":0},"end":{"line":9,"column":44}},"7":{"start":{"line":10,"column":0},"end":{"line":10,"column":46}},"8":{"start":{"line":11,"column":0},"end":{"line":11,"column":50}},"9":{"start":{"line":12,"column":0},"end":{"line":12,"column":29}},"10":{"start":{"line":13,"column":0},"end":{"line":13,"column":34}},"11":{"start":{"line":14,"column":0},"end":{"line":14,"column":42}},"12":{"start":{"line":15,"column":0},"end":{"line":15,"column":48}},"13":{"start":{"line":16,"column":0},"end":{"line":16,"column":54}},"14":{"start":{"line":17,"column":0},"end":{"line":17,"column":53}},"15":{"start":{"line":18,"column":0},"end":{"line":18,"column":56}},"16":{"start":{"line":19,"column":0},"end":{"line":19,"column":52}},"17":{"start":{"line":20,"column":0},"end":{"line":20,"column":54}},"18":{"start":{"line":21,"column":0},"end":{"line":21,"column":35}},"19":{"start":{"line":22,"column":0},"end":{"line":22,"column":52}},"20":{"start":{"line":23,"column":0},"end":{"line":23,"column":51}},"21":{"start":{"line":24,"column":0},"end":{"line":24,"column":54}},"22":{"start":{"line":25,"column":0},"end":{"line":25,"column":54}},"23":{"start":{"line":26,"column":0},"end":{"line":26,"column":52}},"24":{"start":{"line":27,"column":0},"end":{"line":27,"column":55}},"25":{"start":{"line":28,"column":0},"end":{"line":28,"column":55}},"26":{"start":{"line":29,"column":0},"end":{"line":29,"column":23}},"27":{"start":{"line":30,"column":0},"end":{"line":30,"column":33}},"28":{"start":{"line":31,"column":0},"end":{"line":31,"column":33}},"29":{"start":{"line":32,"column":0},"end":{"line":32,"column":31}},"30":{"start":{"line":33,"column":0},"end":{"line":33,"column":37}},"31":{"start":{"line":34,"column":0},"end":{"line":34,"column":35}},"32":{"start":{"line":35,"column":0},"end":{"line":35,"column":35}},"33":{"start":{"line":36,"column":0},"end":{"line":36,"column":45}},"34":{"start":{"line":37,"column":0},"end":{"line":37,"column":38}},"35":{"start":{"line":38,"column":0},"end":{"line":38,"column":35}},"36":{"start":{"line":39,"column":0},"end":{"line":39,"column":35}},"37":{"start":{"line":40,"column":0},"end":{"line":40,"column":36}},"38":{"start":{"line":41,"column":0},"end":{"line":41,"column":39}},"39":{"start":{"line":42,"column":0},"end":{"line":42,"column":35}},"40":{"start":{"line":43,"column":0},"end":{"line":43,"column":39}},"41":{"start":{"line":44,"column":0},"end":{"line":44,"column":43}},"42":{"start":{"line":45,"column":0},"end":{"line":45,"column":37}},"43":{"start":{"line":46,"column":0},"end":{"line":46,"column":45}},"44":{"start":{"line":47,"column":0},"end":{"line":47,"column":37}},"45":{"start":{"line":48,"column":0},"end":{"line":48,"column":40}},"46":{"start":{"line":49,"column":0},"end":{"line":49,"column":36}},"47":{"start":{"line":50,"column":0},"end":{"line":50,"column":36}},"48":{"start":{"line":51,"column":0},"end":{"line":51,"column":31}},"49":{"start":{"line":52,"column":0},"end":{"line":52,"column":36}},"50":{"start":{"line":53,"column":0},"end":{"line":53,"column":36}},"51":{"start":{"line":54,"column":0},"end":{"line":54,"column":35}},"52":{"start":{"line":55,"column":0},"end":{"line":55,"column":35}},"53":{"start":{"line":56,"column":0},"end":{"line":56,"column":35}},"54":{"start":{"line":57,"column":0},"end":{"line":57,"column":36}},"55":{"start":{"line":58,"column":0},"end":{"line":58,"column":37}},"56":{"start":{"line":59,"column":0},"end":{"line":59,"column":33}},"57":{"start":{"line":60,"column":0},"end":{"line":60,"column":25}},"58":{"start":{"line":61,"column":0},"end":{"line":61,"column":23}},"59":{"start":{"line":62,"column":0},"end":{"line":62,"column":26}}},"fnMap":{},"branchMap":{},"s":{"0":13,"1":13,"2":13,"3":13,"4":13,"5":13,"6":13,"7":13,"8":13,"9":13,"10":13,"11":13,"12":13,"13":13,"14":13,"15":13,"16":13,"17":13,"18":13,"19":13,"20":13,"21":13,"22":13,"23":13,"24":13,"25":13,"26":13,"27":13,"28":13,"29":13,"30":13,"31":13,"32":13,"33":13,"34":13,"35":13,"36":13,"37":13,"38":13,"39":13,"40":13,"41":13,"42":13,"43":13,"44":13,"45":13,"46":13,"47":13,"48":13,"49":13,"50":13,"51":13,"52":13,"53":13,"54":13,"55":13,"56":13,"57":13,"58":13,"59":13},"f":{},"b":{}}
,"/home/runner/work/tg-sticker-creator/tg-sticker-creator/src/core/matchKeys.ts": {"path":"/home/runner/work/tg-sticker-creator/tg-sticker-creator/src/core/matchKeys.ts","statementMap":{"0":{"start":{"line":9,"column":25},"end":{"line":28,"column":1}},"1":{"start":{"line":10,"column":2},"end":{"line":15,"column":null}},"2":{"start":{"line":11,"column":4},"end":{"line":13,"column":null}},"3":{"start":{"line":12,"column":6},"end":{"line":12,"column":29}},"4":{"start":{"line":14,"column":4},"end":{"line":14,"column":16}},"5":{"start":{"line":16,"column":24},"end":{"line":16,"column":30}},"6":{"start":{"line":17,"column":2},"end":{"line":25,"column":null}},"7":{"start":{"line":18,"column":4},"end":{"line":24,"column":null}},"8":{"start":{"line":19,"column":6},"end":{"line":19,"column":22}},"9":{"start":{"line":20,"column":11},"end":{"line":24,"column":null}},"10":{"start":{"line":21,"column":6},"end":{"line":21,"column":22}},"11":{"start":{"line":23,"column":6},"end":{"line":23,"column":41}},"12":{"start":{"line":27,"column":2},"end":{"line":27,"column":13}},"13":{"start":{"line":9,"column":13},"end":{"line":9,"column":25}},"14":{"start":{"line":33,"column":30},"end":{"line":46,"column":1}},"15":{"start":{"line":39,"column":2},"end":{"line":39,"column":41}},"16":{"start":{"line":39,"column":28},"end":{"line":39,"column":41}},"17":{"start":{"line":40,"column":15},"end":{"line":40,"column":26}},"18":{"start":{"line":41,"column":2},"end":{"line":43,"column":null}},"19":{"start":{"line":42,"column":4},"end":{"line":42,"column":16}},"20":{"start":{"line":45,"column":2},"end":{"line":45,"column":15}},"21":{"start":{"line":33,"column":13},"end":{"line":33,"column":30}},"22":{"start":{"line":48,"column":39},"end":{"line":68,"column":1}},"23":{"start":{"line":54,"column":2},"end":{"line":57,"column":null}},"24":{"start":{"line":56,"column":4},"end":{"line":56,"column":15}},"25":{"start":{"line":58,"column":2},"end":{"line":61,"column":null}},"26":{"start":{"line":60,"column":4},"end":{"line":60,"column":15}},"27":{"start":{"line":62,"column":2},"end":{"line":66,"column":null}},"28":{"start":{"line":65,"column":4},"end":{"line":65,"column":18}},"29":{"start":{"line":67,"column":2},"end":{"line":67,"column":13}},"30":{"start":{"line":48,"column":13},"end":{"line":48,"column":39}},"31":{"start":{"line":70,"column":25},"end":{"line":72,"column":1}},"32":{"start":{"line":71,"column":2},"end":{"line":71,"column":40}},"33":{"start":{"line":74,"column":19},"end":{"line":86,"column":1}},"34":{"start":{"line":79,"column":2},"end":{"line":81,"column":null}},"35":{"start":{"line":80,"column":4},"end":{"line":80,"column":13}},"36":{"start":{"line":82,"column":2},"end":{"line":84,"column":null}},"37":{"start":{"line":83,"column":4},"end":{"line":83,"column":31}},"38":{"start":{"line":85,"column":2},"end":{"line":85,"column":41}},"39":{"start":{"line":92,"column":38},"end":{"line":133,"column":1}},"40":{"start":{"line":99,"column":2},"end":{"line":101,"column":null}},"41":{"start":{"line":100,"column":4},"end":{"line":100,"column":17}},"42":{"start":{"line":102,"column":22},"end":{"line":102,"column":47}},"43":{"start":{"line":103,"column":21},"end":{"line":103,"column":32}},"44":{"start":{"line":104,"column":21},"end":{"line":104,"column":40}},"45":{"start":{"line":106,"column":2},"end":{"line":112,"column":null}},"46":{"start":{"line":107,"column":20},"end":{"line":107,"column":78}},"47":{"start":{"line":108,"column":4},"end":{"line":111,"column":6}},"48":{"start":{"line":115,"column":4},"end":{"line":115,"column":61}},"49":{"start":{"line":116,"column":2},"end":{"line":121,"column":null}},"50":{"start":{"line":117,"column":4},"end":{"line":120,"column":6}},"51":{"start":{"line":123,"column":2},"end":{"line":125,"column":null}},"52":{"start":{"line":124,"column":4},"end":{"line":124,"column":16}},"53":{"start":{"line":126,"column":2},"end":{"line":129,"column":null}},"54":{"start":{"line":128,"column":4},"end":{"line":128,"column":17}},"55":{"start":{"line":132,"column":2},"end":{"line":132,"column":51}},"56":{"start":{"line":92,"column":13},"end":{"line":92,"column":38}},"57":{"start":{"line":135,"column":42},"end":{"line":137,"column":1}},"58":{"start":{"line":136,"column":2},"end":{"line":136,"column":57}},"59":{"start":{"line":135,"column":13},"end":{"line":135,"column":42}}},"fnMap":{"0":{"name":"(anonymous_0)","decl":{"start":{"line":9,"column":25},"end":{"line":9,"column":26}},"loc":{"start":{"line":9,"column":53},"end":{"line":28,"column":1}}},"1":{"name":"(anonymous_1)","decl":{"start":{"line":33,"column":30},"end":{"line":33,"column":null}},"loc":{"start":{"line":38,"column":4},"end":{"line":46,"column":1}}},"2":{"name":"(anonymous_2)","decl":{"start":{"line":48,"column":39},"end":{"line":48,"column":null}},"loc":{"start":{"line":53,"column":14},"end":{"line":68,"column":1}}},"3":{"name":"(anonymous_3)","decl":{"start":{"line":70,"column":25},"end":{"line":70,"column":26}},"loc":{"start":{"line":70,"column":44},"end":{"line":72,"column":1}}},"4":{"name":"(anonymous_4)","decl":{"start":{"line":74,"column":19},"end":{"line":74,"column":null}},"loc":{"start":{"line":78,"column":4},"end":{"line":86,"column":1}}},"5":{"name":"(anonymous_5)","decl":{"start":{"line":92,"column":38},"end":{"line":92,"column":null}},"loc":{"start":{"line":98,"column":13},"end":{"line":133,"column":1}}},"6":{"name":"(anonymous_6)","decl":{"start":{"line":135,"column":42},"end":{"line":135,"column":43}},"loc":{"start":{"line":135,"column":76},"end":{"line":137,"column":1}}}},"branchMap":{"0":{"loc":{"start":{"line":10,"column":2},"end":{"line":15,"column":null}},"type":"if","locations":[{"start":{"line":10,"column":2},"end":{"line":15,"column":null}}]},"1":{"loc":{"start":{"line":11,"column":4},"end":{"line":13,"column":null}},"type":"if","locations":[{"start":{"line":11,"column":4},"end":{"line":13,"column":null}}]},"2":{"loc":{"start":{"line":18,"column":4},"end":{"line":24,"column":null}},"type":"if","locations":[{"start":{"line":18,"column":4},"end":{"line":24,"column":null}},{"start":{"line":20,"column":11},"end":{"line":24,"column":null}}]},"3":{"loc":{"start":{"line":18,"column":8},"end":{"line":18,"column":39}},"type":"binary-expr","locations":[{"start":{"line":18,"column":8},"end":{"line":18,"column":21}},{"start":{"line":18,"column":25},"end":{"line":18,"column":39}}]},"4":{"loc":{"start":{"line":20,"column":11},"end":{"line":24,"column":null}},"type":"if","locations":[{"start":{"line":20,"column":11},"end":{"line":24,"column":null}},{"start":{"line":22,"column":11},"end":{"line":24,"column":null}}]},"5":{"loc":{"start":{"line":20,"column":15},"end":{"line":20,"column":74}},"type":"binary-expr","locations":[{"start":{"line":20,"column":15},"end":{"line":20,"column":42}},{"start":{"line":20,"column":46},"end":{"line":20,"column":74}}]},"6":{"loc":{"start":{"line":39,"column":2},"end":{"line":39,"column":41}},"type":"if","locations":[{"start":{"line":39,"column":2},"end":{"line":39,"column":41}}]},"7":{"loc":{"start":{"line":41,"column":2},"end":{"line":43,"column":null}},"type":"if","locations":[{"start":{"line":41,"column":2},"end":{"line":43,"column":null}}]},"8":{"loc":{"start":{"line":41,"column":6},"end":{"line":41,"column":69}},"type":"binary-expr","locations":[{"start":{"line":41,"column":6},"end":{"line":41,"column":18}},{"start":{"line":41,"column":22},"end":{"line":41,"column":35}},{"start":{"line":41,"column":39},"end":{"line":41,"column":69}}]},"9":{"loc":{"start":{"line":54,"column":2},"end":{"line":57,"column":null}},"type":"if","locations":[{"start":{"line":54,"column":2},"end":{"line":57,"column":null}}]},"10":{"loc":{"start":{"line":58,"column":2},"end":{"line":61,"column":null}},"type":"if","locations":[{"start":{"line":58,"column":2},"end":{"line":61,"column":null}}]},"11":{"loc":{"start":{"line":62,"column":2},"end":{"line":66,"column":null}},"type":"if","locations":[{"start":{"line":62,"column":2},"end":{"line":66,"column":null}}]},"12":{"loc":{"start":{"line":79,"column":2},"end":{"line":81,"column":null}},"type":"if","locations":[{"start":{"line":79,"column":2},"end":{"line":81,"column":null}}]},"13":{"loc":{"start":{"line":82,"column":2},"end":{"line":84,"column":null}},"type":"if","locations":[{"start":{"line":82,"column":2},"end":{"line":84,"column":null}}]},"14":{"loc":{"start":{"line":99,"column":2},"end":{"line":101,"column":null}},"type":"if","locations":[{"start":{"line":99,"column":2},"end":{"line":101,"column":null}}]},"15":{"loc":{"start":{"line":106,"column":2},"end":{"line":112,"column":null}},"type":"if","locations":[{"start":{"line":106,"column":2},"end":{"line":112,"column":null}}]},"16":{"loc":{"start":{"line":107,"column":20},"end":{"line":107,"column":78}},"type":"binary-expr","locations":[{"start":{"line":107,"column":20},"end":{"line":107,"column":56}},{"start":{"line":107,"column":60},"end":{"line":107,"column":78}}]},"17":{"loc":{"start":{"line":109,"column":6},"end":{"line":110,"column":13}},"type":"binary-expr","locations":[{"start":{"line":109,"column":7},"end":{"line":109,"column":18}},{"start":{"line":109,"column":23},"end":{"line":109,"column":48}},{"start":{"line":109,"column":52},"end":{"line":109,"column":74}},{"start":{"line":110,"column":6},"end":{"line":110,"column":13}}]},"18":{"loc":{"start":{"line":115,"column":4},"end":{"line":115,"column":61}},"type":"binary-expr","locations":[{"start":{"line":115,"column":4},"end":{"line":115,"column":16}},{"start":{"line":115,"column":20},"end":{"line":115,"column":61}}]},"19":{"loc":{"start":{"line":116,"column":2},"end":{"line":121,"column":null}},"type":"if","locations":[{"start":{"line":116,"column":2},"end":{"line":121,"column":null}}]},"20":{"loc":{"start":{"line":118,"column":6},"end":{"line":119,"column":59}},"type":"binary-expr","locations":[{"start":{"line":118,"column":6},"end":{"line":118,"column":31}},{"start":{"line":119,"column":7},"end":{"line":119,"column":32}},{"start":{"line":119,"column":36},"end":{"line":119,"column":58}}]},"21":{"loc":{"start":{"line":123,"column":2},"end":{"line":125,"column":null}},"type":"if","locations":[{"start":{"line":123,"column":2},"end":{"line":125,"column":null}}]},"22":{"loc":{"start":{"line":126,"column":2},"end":{"line":129,"column":null}},"type":"if","locations":[{"start":{"line":126,"column":2},"end":{"line":129,"column":null}}]},"23":{"loc":{"start":{"line":136,"column":9},"end":{"line":136,"column":56}},"type":"binary-expr","locations":[{"start":{"line":136,"column":9},"end":{"line":136,"column":32}},{"start":{"line":136,"column":36},"end":{"line":136,"column":56}}]}},"s":{"0":13,"1":21,"2":9,"3":9,"4":9,"5":12,"6":12,"7":20,"8":2,"9":18,"10":14,"11":4,"12":12,"13":13,"14":13,"15":57,"16":4,"17":53,"18":53,"19":51,"20":2,"21":13,"22":13,"23":51,"24":2,"25":49,"26":0,"27":49,"28":12,"29":37,"30":13,"31":13,"32":8,"33":13,"34":265,"35":0,"36":265,"37":168,"38":97,"39":13,"40":153,"41":12,"42":141,"43":141,"44":141,"45":141,"46":22,"47":22,"48":119,"49":119,"50":20,"51":99,"52":0,"53":99,"54":28,"55":71,"56":13,"57":13,"58":51,"59":13},"f":{"0":21,"1":57,"2":51,"3":8,"4":265,"5":153,"6":51},"b":{"0":[9],"1":[9],"2":[2,18],"3":[20,19],"4":[14,4],"5":[18,17],"6":[4],"7":[51],"8":[53,53,4],"9":[2],"10":[0],"11":[12],"12":[0],"13":[168],"14":[12],"15":[22],"16":[22,15],"17":[22,3,3,19],"18":[119,119],"19":[20],"20":[20,6,5],"21":[0],"22":[28],"23":[51,0]}}
,"/home/runner/work/tg-sticker-creator/tg-sticker-creator/src/core/util.ts": {"path":"/home/runner/work/tg-sticker-creator/tg-sticker-creator/src/core/util.ts","statementMap":{"0":{"start":{"line":1,"column":0},"end":{"line":1,"column":41}},"1":{"start":{"line":2,"column":0},"end":{"line":2,"column":35}},"2":{"start":{"line":3,"column":0},"end":{"line":3,"column":36}},"3":{"start":{"line":4,"column":0},"end":{"line":4,"column":null}},"4":{"start":{"line":32,"column":28},"end":{"line":55,"column":1}},"5":{"start":{"line":37,"column":19},"end":{"line":37,"column":37}},"6":{"start":{"line":38,"column":20},"end":{"line":38,"column":38}},"7":{"start":{"line":39,"column":17},"end":{"line":39,"column":42}},"8":{"start":{"line":40,"column":2},"end":{"line":50,"column":null}},"9":{"start":{"line":41,"column":4},"end":{"line":41,"column":66}},"10":{"start":{"line":42,"column":4},"end":{"line":42,"column":66}},"11":{"start":{"line":43,"column":4},"end":{"line":43,"column":65}},"12":{"start":{"line":44,"column":4},"end":{"line":44,"column":65}},"13":{"start":{"line":46,"column":4},"end":{"line":46,"column":38}},"14":{"start":{"line":47,"column":4},"end":{"line":47,"column":38}},"15":{"start":{"line":48,"column":4},"end":{"line":48,"column":37}},"16":{"start":{"line":49,"column":4},"end":{"line":49,"column":37}},"17":{"start":{"line":51,"column":2},"end":{"line":54,"column":4}},"18":{"start":{"line":32,"column":13},"end":{"line":32,"column":28}},"19":{"start":{"line":60,"column":23},"end":{"line":60,"column":63}},"20":{"start":{"line":60,"column":29},"end":{"line":60,"column":63}},"21":{"start":{"line":60,"column":13},"end":{"line":60,"column":23}},"22":{"start":{"line":65,"column":27},"end":{"line":67,"column":1}},"23":{"start":{"line":66,"column":2},"end":{"line":66,"column":49}},"24":{"start":{"line":65,"column":13},"end":{"line":65,"column":27}},"25":{"start":{"line":118,"column":23},"end":{"line":123,"column":1}},"26":{"start":{"line":122,"column":2},"end":{"line":122,"column":43}},"27":{"start":{"line":118,"column":13},"end":{"line":118,"column":23}},"28":{"start":{"line":130,"column":28},"end":{"line":146,"column":1}},"29":{"start":{"line":134,"column":2},"end":{"line":136,"column":null}},"30":{"start":{"line":135,"column":4},"end":{"line":135,"column":17}},"31":{"start":{"line":137,"column":2},"end":{"line":139,"column":null}},"32":{"start":{"line":138,"column":4},"end":{"line":138,"column":16}},"33":{"start":{"line":140,"column":2},"end":{"line":144,"column":null}},"34":{"start":{"line":141,"column":4},"end":{"line":143,"column":null}},"35":{"start":{"line":142,"column":6},"end":{"line":142,"column":19}},"36":{"start":{"line":145,"column":2},"end":{"line":145,"column":14}},"37":{"start":{"line":130,"column":13},"end":{"line":130,"column":28}},"38":{"start":{"line":148,"column":34},"end":{"line":151,"column":1}},"39":{"start":{"line":149,"column":14},"end":{"line":149,"column":30}},"40":{"start":{"line":150,"column":2},"end":{"line":150,"column":71}},"41":{"start":{"line":148,"column":13},"end":{"line":148,"column":34}},"42":{"start":{"line":153,"column":31},"end":{"line":155,"column":1}},"43":{"start":{"line":154,"column":2},"end":{"line":154,"column":46}},"44":{"start":{"line":153,"column":13},"end":{"line":153,"column":31}},"45":{"start":{"line":157,"column":33},"end":{"line":166,"column":1}},"46":{"start":{"line":161,"column":14},"end":{"line":161,"column":30}},"47":{"start":{"line":162,"column":2},"end":{"line":165,"column":4}},"48":{"start":{"line":157,"column":13},"end":{"line":157,"column":33}},"49":{"start":{"line":168,"column":30},"end":{"line":170,"column":1}},"50":{"start":{"line":169,"column":2},"end":{"line":169,"column":51}},"51":{"start":{"line":168,"column":13},"end":{"line":168,"column":30}},"52":{"start":{"line":177,"column":2},"end":{"line":177,"column":56}},"53":{"start":{"line":177,"column":36},"end":{"line":177,"column":56}},"54":{"start":{"line":178,"column":2},"end":{"line":178,"column":37}},"55":{"start":{"line":172,"column":0},"end":{"line":172,"column":16}},"56":{"start":{"line":181,"column":50},"end":{"line":188,"column":2}},"57":{"start":{"line":183,"column":4},"end":{"line":183,"column":25}},"58":{"start":{"line":186,"column":4},"end":{"line":186,"column":19}},"59":{"start":{"line":190,"column":42},"end":{"line":197,"column":2}},"60":{"start":{"line":192,"column":4},"end":{"line":192,"column":17}},"61":{"start":{"line":195,"column":4},"end":{"line":195,"column":17}},"62":{"start":{"line":199,"column":45},"end":{"line":206,"column":2}},"63":{"start":{"line":201,"column":4},"end":{"line":201,"column":17}},"64":{"start":{"line":204,"column":4},"end":{"line":204,"column":17}},"65":{"start":{"line":208,"column":42},"end":{"line":215,"column":2}},"66":{"start":{"line":210,"column":4},"end":{"line":210,"column":49}},"67":{"start":{"line":213,"column":4},"end":{"line":213,"column":17}},"68":{"start":{"line":217,"column":13},"end":{"line":224,"column":2}},"69":{"start":{"line":217,"column":58},"end":{"line":224,"column":2}},"70":{"start":{"line":219,"column":4},"end":{"line":219,"column":28}},"71":{"start":{"line":222,"column":4},"end":{"line":222,"column":28}},"72":{"start":{"line":226,"column":14},"end":{"line":239,"column":2}},"73":{"start":{"line":228,"column":27},"end":{"line":239,"column":2}},"74":{"start":{"line":230,"column":4},"end":{"line":230,"column":76}},"75":{"start":{"line":230,"column":29},"end":{"line":230,"column":76}},"76":{"start":{"line":231,"column":4},"end":{"line":234,"column":7}},"77":{"start":{"line":232,"column":23},"end":{"line":232,"column":38}},"78":{"start":{"line":233,"column":6},"end":{"line":233,"column":22}},"79":{"start":{"line":237,"column":4},"end":{"line":237,"column":51}},"80":{"start":{"line":237,"column":28},"end":{"line":237,"column":49}},"81":{"start":{"line":241,"column":77},"end":{"line":250,"column":2}},"82":{"start":{"line":243,"column":4},"end":{"line":243,"column":48}},"83":{"start":{"line":243,"column":29},"end":{"line":243,"column":48}},"84":{"start":{"line":244,"column":4},"end":{"line":244,"column":37}},"85":{"start":{"line":244,"column":26},"end":{"line":244,"column":35}},"86":{"start":{"line":247,"column":4},"end":{"line":247,"column":76}},"87":{"start":{"line":247,"column":31},"end":{"line":247,"column":76}},"88":{"start":{"line":248,"column":4},"end":{"line":248,"column":63}},"89":{"start":{"line":248,"column":28},"end":{"line":248,"column":61}},"90":{"start":{"line":252,"column":54},"end":{"line":263,"column":2}},"91":{"start":{"line":254,"column":4},"end":{"line":254,"column":15}},"92":{"start":{"line":257,"column":4},"end":{"line":257,"column":59}},"93":{"start":{"line":257,"column":46},"end":{"line":257,"column":59}},"94":{"start":{"line":258,"column":4},"end":{"line":261,"column":6}},"95":{"start":{"line":265,"column":17},"end":{"line":276,"column":2}},"96":{"start":{"line":267,"column":47},"end":{"line":276,"column":2}},"97":{"start":{"line":269,"column":4},"end":{"line":269,"column":53}},"98":{"start":{"line":269,"column":36},"end":{"line":269,"column":53}},"99":{"start":{"line":270,"column":4},"end":{"line":270,"column":29}},"100":{"start":{"line":273,"column":4},"end":{"line":273,"column":55}},"101":{"start":{"line":273,"column":38},"end":{"line":273,"column":55}},"102":{"start":{"line":274,"column":4},"end":{"line":274,"column":37}},"103":{"start":{"line":278,"column":17},"end":{"line":299,"column":2}},"104":{"start":{"line":284,"column":24},"end":{"line":299,"column":2}},"105":{"start":{"line":286,"column":17},"end":{"line":286,"column":21}},"106":{"start":{"line":287,"column":4},"end":{"line":288,"column":54}},"107":{"start":{"line":288,"column":6},"end":{"line":288,"column":54}},"108":{"start":{"line":289,"column":18},"end":{"line":289,"column":43}},"109":{"start":{"line":290,"column":4},"end":{"line":290,"column":70}},"110":{"start":{"line":290,"column":18},"end":{"line":290,"column":70}},"111":{"start":{"line":291,"column":4},"end":{"line":291,"column":35}},"112":{"start":{"line":294,"column":17},"end":{"line":294,"column":23}},"113":{"start":{"line":295,"column":18},"end":{"line":295,"column":45}},"114":{"start":{"line":296,"column":4},"end":{"line":296,"column":79}},"115":{"start":{"line":296,"column":18},"end":{"line":296,"column":79}},"116":{"start":{"line":297,"column":4},"end":{"line":297,"column":43}},"117":{"start":{"line":301,"column":13},"end":{"line":312,"column":2}},"118":{"start":{"line":323,"column":2},"end":{"line":324,"column":68}},"119":{"start":{"line":324,"column":4},"end":{"line":324,"column":68}},"120":{"start":{"line":325,"column":2},"end":{"line":325,"column":43}},"121":{"start":{"line":318,"column":0},"end":{"line":318,"column":16}},"122":{"start":{"
[...]
,"/home/runner/work/tg-sticker-creator/tg-sticker-creator/src/utilities/create.ts": {"path":"/home/runner/work/tg-sticker-creator/tg-sticker-creator/src/utilities/create.ts","statementMap":{"0":{"start":{"line":2,"column":0},"end":{"line":2,"column":null}},"1":{"start":{"line":42,"column":15},"end":{"line":85,"column":11}},"2":{"start":{"line":44,"column":4},"end":{"line":44,"column":30}},"3":{"start":{"line":47,"column":4},"end":{"line":47,"column":27}},"4":{"start":{"line":50,"column":4},"end":{"line":50,"column":35}},"5":{"start":{"line":53,"column":4},"end":{"line":53,"column":37}},"6":{"start":{"line":56,"column":4},"end":{"line":56,"column":28}},"7":{"start":{"line":59,"column":4},"end":{"line":59,"column":28}},"8":{"start":{"line":62,"column":4},"end":{"line":62,"column":27}},"9":{"start":{"line":65,"column":4},"end":{"line":65,"column":27}},"10":{"start":{"line":68,"column":4},"end":{"line":68,"column":31}},"11":{"start":{"line":71,"column":4},"end":{"line":71,"column":37}},"12":{"start":{"line":74,"column":4},"end":{"line":74,"column":27}},"13":{"start":{"line":77,"column":4},"end":{"line":77,"column":32}},"14":{"start":{"line":80,"column":4},"end":{"line":80,"column":27}},"15":{"start":{"line":83,"column":4},"end":{"line":83,"column":29}},"16":{"start":{"line":87,"column":15},"end":{"line":100,"column":11}},"17":{"start":{"line":89,"column":4},"end":{"line":89,"column":38}},"18":{"start":{"line":92,"column":4},"end":{"line":92,"column":27}},"19":{"start":{"line":95,"column":4},"end":{"line":95,"column":28}},"20":{"start":{"line":98,"column":4},"end":{"line":98,"column":28}},"21":{"start":{"line":102,"column":13},"end":{"line":123,"column":11}},"22":{"start":{"line":104,"column":4},"end":{"line":104,"column":25}},"23":{"start":{"line":107,"column":4},"end":{"line":107,"column":32}},"24":{"start":{"line":110,"column":4},"end":{"line":110,"column":22}},"25":{"start":{"line":113,"column":4},"end":{"line":113,"column":70}},"26":{"start":{"line":113,"column":35},"end":{"line":113,"column":70}},"27":{"start":{"line":114,"column":4},"end":{"line":114,"column":42}},"28":{"start":{"line":117,"column":4},"end":{"line":117,"column":65}},"29":{"start":{"line":117,"column":35},"end":{"line":117,"column":65}},"30":{"start":{"line":118,"column":4},"end":{"line":118,"column":37}},"31":{"start":{"line":121,"column":4},"end":{"line":121,"column":22}},"32":{"start":{"line":125,"column":16},"end":{"line":152,"column":11}},"33":{"start":{"line":127,"column":4},"end":{"line":127,"column":24}},"34":{"start":{"line":130,"column":4},"end":{"line":130,"column":34}},"35":{"start":{"line":147,"column":4},"end":{"line":149,"column":null}},"36":{"start":{"line":148,"column":6},"end":{"line":148,"column":42}},"37":{"start":{"line":150,"column":4},"end":{"line":150,"column":41}},"38":{"start":{"line":158,"column":2},"end":{"line":163,"column":null}},"39":{"start":{"line":159,"column":4},"end":{"line":161,"column":null}},"40":{"start":{"line":160,"column":6},"end":{"line":160,"column":44}},"41":{"start":{"line":162,"column":4},"end":{"line":162,"column":36}},"42":{"start":{"line":164,"column":2},"end":{"line":166,"column":null}},"43":{"start":{"line":165,"column":4},"end":{"line":165,"column":39}},"44":{"start":{"line":167,"column":2},"end":{"line":169,"column":null}},"45":{"start":{"line":168,"column":4},"end":{"line":168,"column":50}},"46":{"start":{"line":170,"column":2},"end":{"line":170,"column":44}},"47":{"start":{"line":194,"column":2},"end":{"line":203,"column":null}},"48":{"start":{"line":195,"column":4},"end":{"line":201,"column":null}},"49":{"start":{"line":200,"column":6},"end":{"line":200,"column":77}},"50":{"start":{"line":202,"column":4},"end":{"line":202,"column":47}},"51":{"start":{"line":204,"column":2},"end":{"line":204,"column":36}},"52":{"start":{"line":220,"column":2},"end":{"line":224,"column":null}},"53":{"start":{"line":221,"column":4},"end":{"line":223,"column":6}},"54":{"start":{"line":225,"column":2},"end":{"line":225,"column":44}},"55":{"start":{"line":228,"column":17},"end":{"line":228,"column":74}},"56":{"start":{"line":228,"column":45},"end":{"line":228,"column":74}},"57":{"start":{"line":230,"column":15},"end":{"line":235,"column":11}},"58":{"start":{"line":237,"column":13},"end":{"line":243,"column":11}}},"fnMap":{"0":{"name":"(anonymous_0)","decl":{"start":{"line":43,"column":2},"end":{"line":43,"column":9}},"loc":{"start":{"line":43,"column":9},"end":{"line":45,"column":3}}},"1":{"name":"(anonymous_1)","decl":{"start":{"line":46,"column":2},"end":{"line":46,"column":6}},"loc":{"start":{"line":46,"column":6},"end":{"line":48,"column":3}}},"2":{"name":"(anonymous_2)","decl":{"start":{"line":49,"column":2},"end":{"line":49,"column":14}},"loc":{"start":{"line":49,"column":14},"end":{"line":51,"column":3}}},"3":{"name":"(anonymous_3)","decl":{"start":{"line":52,"column":2},"end":{"line":52,"column":16}},"loc":{"start":{"line":52,"column":16},"end":{"line":54,"column":3}}},"4":{"name":"(anonymous_4)","decl":{"start":{"line":55,"column":2},"end":{"line":55,"column":7}},"loc":{"start":{"line":55,"column":7},"end":{"line":57,"column":3}}},"5":{"name":"(anonymous_5)","decl":{"start":{"line":58,"column":2},"end":{"line":58,"column":7}},"loc":{"start":{"line":58,"column":7},"end":{"line":60,"column":3}}},"6":{"name":"(anonymous_6)","decl":{"start":{"line":61,"column":2},"end":{"line":61,"column":6}},"loc":{"start":{"line":61,"column":6},"end":{"line":63,"column":3}}},"7":{"name":"(anonymous_7)","decl":{"start":{"line":64,"column":2},"end":{"line":64,"column":6}},"loc":{"start":{"line":64,"column":6},"end":{"line":66,"column":3}}},"8":{"name":"(anonymous_8)","decl":{"start":{"line":67,"column":2},"end":{"line":67,"column":10}},"loc":{"start":{"line":67,"column":10},"end":{"line":69,"column":3}}},"9":{"name":"(anonymous_9)","decl":{"start":{"line":70,"column":2},"end":{"line":70,"column":16}},"loc":{"start":{"line":70,"column":16},"end":{"line":72,"column":3}}},"10":{"name":"(anonymous_10)","decl":{"start":{"line":73,"column":2},"end":{"line":73,"column":6}},"loc":{"start":{"line":73,"column":6},"end":{"line":75,"column":3}}},"11":{"name":"(anonymous_11)","decl":{"start":{"line":76,"column":2},"end":{"line":76,"column":11}},"loc":{"start":{"line":76,"column":11},"end":{"line":78,"column":3}}},"12":{"name":"(anonymous_12)","decl":{"start":{"line":79,"column":2},"end":{"line":79,"column":6}},"loc":{"start":{"line":79,"column":6},"end":{"line":81,"column":3}}},"13":{"name":"(anonymous_13)","decl":{"start":{"line":82,"column":2},"end":{"line":82,"column":8}},"loc":{"start":{"line":82,"column":8},"end":{"line":84,"column":3}}},"14":{"name":"(anonymous_14)","decl":{"start":{"line":88,"column":2},"end":{"line":88,"column":11}},"loc":{"start":{"line":88,"column":32},"end":{"line":90,"column":3}}},"15":{"name":"(anonymous_15)","decl":{"start":{"line":91,"column":2},"end":{"line":91,"column":11}},"loc":{"start":{"line":91,"column":11},"end":{"line":93,"column":3}}},"16":{"name":"(anonymous_16)","decl":{"start":{"line":94,"column":2},"end":{"line":94,"column":12}},"loc":{"start":{"line":94,"column":12},"end":{"line":96,"column":3}}},"17":{"name":"(anonymous_17)","decl":{"start":{"line":97,"column":2},"end":{"line":97,"column":12}},"loc":{"start":{"line":97,"column":12},"end":{"line":99,"column":3}}},"18":{"name":"(anonymous_18)","decl":{"start":{"line":103,"column":2},"end":{"line":103,"column":9}},"loc":{"start":{"line":103,"column":9},"end":{"line":105,"column":3}}},"19":{"name":"(anonymous_19)","decl":{"start":{"line":106,"column":2},"end":{"line":106,"column":16}},"loc":{"start":{"line":106,"column":16},"end":{"line":108,"column":3}}},"20":{"name":"(anonymous_20)","decl":{"start":{"line":109,"column":2},"end":{"line":109,"column":6}},"loc":{"start":{"line":109,"column":6},"end":{"line":111,"column":3}}},"21":{"name":"(anonymous_21)","decl":{"start":{"line":112,"column":2},"end":{"line":112,"column":6}},"loc":{"start":{"line":112,"column":55},"end":{"line":115,"column":3}}},"22":{"name":"(anonymous_22)","decl":{"start":{"line":116,"column":2},"end":{"line":116,"column":6}},"loc":{"start":{"line":116,"column":41},"end":{"line":119,"column":3}}},"23":{"name":"(anonymous_23)","decl":{"start":{"line":120,"column":2},"end":{"line":120,"column":11}},"loc":{"start":{"line":120,"column":11},"end":{"line":122,"column":3}}},"24":{"name":"(anonymous_24)","decl":{"start":{"line":126,"column":2},"end":{"line":126,"column":9}},"loc":{"start":{"line":126,"column":9},"end":{"line":128,"column":3}}},"25":{"name":"(anonymous_25)","decl":{"start":{"line":129,"column":2},"end":{"line":129,"column":18}},"loc":{"start":{"line":129,"column":34},"end":{"line":131,"column":3}}},"26":{"name":"(anonymous_26)","decl":{"start":{"line":146,"column":2},"end":{"line":146,"column":16}},"loc":{"start":{"line":146,"column":41},"end":{"line":151,"column":3}}},"27":{"name":"value","decl":{"start":{"line":157,"column":9},"end":{"line":157,"column":14}},"loc":{"start":{"line":157,"column":47},"end":{"line":171,"column":1}}},"28":{"name":"color","decl":{"start":{"line":188,"column":9},"end":{"line":188,"column":14}},"loc":{"start":{"line":192,"column":16},"end":{"line":205,"column":1}}},"29":{"name":"animatablePath","decl":{"start":{"line":214,"column":9},"end":{"line":214,"column":23}},"loc":{"start":{"line":218,"column":18},"end":{"line":226,"column":1}}},"30":{"name":"(anonymous_30)","decl":{"start":{"line":228,"column":17},"end":{"line":228,"column":18}},"loc":{"start":{"line":228,"column":45},"end":{"line":228,"column":74}}}},"branchMap":{"0":{"loc":{"start":{"line":113,"column":4},"end":{"line":113,"column":70}},"type":"if","locations":[{"start":{"line":113,"column":4},"end":{"line":113,"column":70}}]},"1":{"loc":{"start":{"line":117,"column":4},"end":{"line":117,"column":65}},"type":"if","locations":[{"start":{"line":117,"column":4},"end":{"line":117,"column":65}}]},"2":{"loc":{"start":{"line":147,"column":4},"end":{"line":149,"column":null}},"type":"if","locations":[{"start":{"line":147,"column":4},"end":{"line":149,"column":null}}]},"3":{"loc":{"start":{"line":158,"column":2},"end":{"line":163,"column":null}},"type":"if","locations":[{"start":{"line":158,"column":2},"end":{"line":163,"column":null}}]},"4":{"loc":{"start":{"line":159,"column":4},"end":{"line":161,"column":null}},"type":"if","locations":[{"start":{"line":159,"column":4},"end":{"line":161,"column":null}}]},"5":{"loc":{"start":{"line":164,"column":2},"end":{"line":166,"column":null}},"type":"if","locations":[{"start":{"line":164,"column":2},"end":{"line":166,"column":null}}]},"6":{"loc":{"start":{"line":167,"column":2},"end":{"line":169,"column":null}},"type":"if","locations":[{"start":{"line":167,"column":2},"end":{"line":169,"column":null}}]},"7":{"loc":{"start":{"line":194,"column":2},"end":{"line":203,"column":null}},"type":"if","locations":[{"start":{"line":194,"column":2},"end":{"line":203,"column":null}}]},"8":{"loc":{"start":{"line":195,"column":4},"end":{"line":201,"column":null}},"type":"if","locations":[{"start":{"line":195,"column":4},"end":{"line":201,"column":null}}]},"9":{"loc":{"start":{"line":196,"column":6},"end":{"line":198,"column":31}},"type":"binary-expr","locations":[{"start":{"line":196,"column":6},"end":{"line":196,"column":31}},{"start":{"line":197,"column":6},"end":{"line":197,"column":30}},{"start":{"line":198,"column":6},"end":{"line":198,"column":31}}]},"10":{"loc":{"start":{"line":220,"column":2},"end":{"line":224,"column":null}},"type":"if","locations":[{"start":{"line":220,"column":2},"end":{"line":224,"column":null}}]}},"s":{"0":13,"1":13,"2":5,"3":12,"4":2,"5":0,"6":8,"7":0,"8":0,"9":14,"10":0,"11":0,"12":0,"13":25,"14":0,"15":17,"16":13,"17":0,"18":2,"19":20,"20":2,"21":13,"22":0,"23":0,"24":0,"25":6,"26":6,"27":0,"28":0,"29":0,"30":0,"31":0,"32":13,"33":14,"34":12,"35":9,"36":9,"37":9,"38":0,"39":0,"40":0,"41":0,"42":0,"43":0,"44":0,"45":0,"46":0,"47":1,"48":0,"49":0,"50":0,"51":1,"52":0,"53":0,"54":0,"55":13,"56":1,"57":13,"58":13},"f":{"0":5,"1":12,"2":2,"3":0,"4":8,"5":0,"6":0,"7":14,"8":0,"9":0,"10":0,"11":25,"12":0,"13":17,"14":0,"15":2,"16":20,"17":2,"18":0,"19":0,"20":0,"21":6,"22":0,"23":0,"24":14,"25":12,"26":9,"27":0,"28":1,"29":0,"30":1},"b":{"0":[6],"1":[0],"2":[9],"3":[0],"4":[0],"5":[0],"6":[0],"7":[0],"8":[0],"9":[0,0,0],"10":[0]}}
,"/home/runner/work/tg-sticker-creator/tg-sticker-creator/src/utilities/enum.ts": {"path":"/home/runner/work/tg-sticker-creator/tg-sticker-creator/src/utilities/enum.ts","statementMap":{"0":{"start":{"line":1,"column":0},"end":{"line":1,"column":null}},"1":{"start":{"line":17,"column":13},"end":{"line":30,"column":2}}},"fnMap":{},"branchMap":{},"s":{"0":13,"1":13},"f":{},"b":{}}
,"/home/runner/work/tg-sticker-creator/tg-sticker-creator/src/utilities/index.ts": {"path":"/home/runner/work/tg-sticker-creator/tg-sticker-creator/src/utilities/index.ts","statementMap":{"0":{"start":{"line":1,"column":0},"end":{"line":1,"column":40}},"1":{"start":{"line":2,"column":0},"end":{"line":2,"column":39}},"2":{"start":{"line":4,"column":0},"end":{"line":4,"column":23}},"3":{"start":{"line":6,"column":13},"end":{"line":9,"column":2}}},"fnMap":{},"branchMap":{},"s":{"0":13,"1":13,"2":13,"3":13},"f":{},"b":{}}
,"/home/runner/work/tg-sticker-creator/tg-sticker-creator/src/utilities/animation/blink.ts": {"path":"/home/runner/work/tg-sticker-creator/tg-sticker-creator/src/utilities/animation/blink.ts","statementMap":{"0":{"start":{"line":15,"column":21},"end":{"line":27,"column":1}},"1":{"start":{"line":22,"column":2},"end":{"line":25,"column":null}},"2":{"start":{"line":22,"column":15},"end":{"line":22,"column":25}},"3":{"start":{"line":23,"column":4},"end":{"line":23,"column":44}},"4":{"start":{"line":24,"column":4},"end":{"line":24,"column":57}},"5":{"start":{"line":26,"column":2},"end":{"line":26,"column":20}},"6":{"start":{"line":15,"column":13},"end":{"line":15,"column":21}}},"fnMap":{"0":{"name":"(anonymous_0)","decl":{"start":{"line":15,"column":21},"end":{"line":15,"column":null}},"loc":{"start":{"line":21,"column":7},"end":{"line":27,"column":1}}}},"branchMap":{},"s":{"0":13,"1":1,"2":1,"3":18,"4":18,"5":1,"6":13},"f":{"0":1},"b":{}}
,"/home/runner/work/tg-sticker-creator/tg-sticker-creator/src/utilities/animation/index.ts": {"path":"/home/runner/work/tg-sticker-creator/tg-sticker-creator/src/utilities/animation/index.ts","statementMap":{"0":{"start":{"line":1,"column":0},"end":{"line":1,"column":55}},"1":{"start":{"line":2,"column":0},"end":{"line":2,"column":null}},"2":{"start":{"line":8,"column":13},"end":{"line":11,"column":2}}},"fnMap":{},"branchMap":{},"s":{"0":13,"1":13,"2":13},"f":{},"b":{}}
,"/home/runner/work/tg-sticker-creator/tg-sticker-creator/src/utilities/animation/particles.ts": {"path":"/home/runner/work/tg-sticker-creator/tg-sticker-creator/src/utilities/animation/particles.ts","statementMap":{"0":{"start":{"line":1,"column":0},"end":{"line":1,"column":58}},"1":{"start":{"line":3,"column":48},"end":{"line":17,"column":2}},"2":{"start":{"line":12,"column":16},"end":{"line":12,"column":29}},"3":{"start":{"line":49,"column":18},"end":{"line":52,"column":1}},"4":{"start":{"line":50,"column":2},"end":{"line":50,"column":46}},"5":{"start":{"line":50,"column":33},"end":{"line":50,"column":46}},"6":{"start":{"line":51,"column":2},"end":{"line":51,"column":68}},"7":{"start":{"line":54,"column":28},"end":{"line":84,"column":1}},"8":{"start":{"line":55,"column":27},"end":{"line":55,"column":76}},"9":{"start":{"line":56,"column":26},"end":{"line":56,"column":94}},"10":{"start":{"line":57,"column":24},"end":{"line":57,"column":80}},"11":{"start":{"line":58,"column":16},"end":{"line":58,"column":76}},"12":{"start":{"line":59,"column":14},"end":{"line":59,"column":81}},"13":{"start":{"line":60,"column":12},"end":{"line":60,"column":52}},"14":{"start":{"line":61,"column":12},"end":{"line":61,"column":52}},"15":{"start":{"line":63,"column":2},"end":{"line":83,"column":6}},"16":{"start":{"line":92,"column":25},"end":{"line":103,"column":1}},"17":{"start":{"line":93,"column":16},"end":{"line":93,"column":30}},"18":{"start":{"line":94,"column":17},"end":{"line":94,"column":49}},"19":{"start":{"line":95,"column":14},"end":{"line":95,"column":57}},"20":{"start":{"line":96,"column":21},"end":{"line":96,"column":72}},"21":{"start":{"line":97,"column":2},"end":{"line":100,"column":32}},"22":{"start":{"line":98,"column":4},"end":{"line":98,"column":66}},"23":{"start":{"line":99,"column":4},"end":{"line":99,"column":59}},"24":{"start":{"line":102,"column":2},"end":{"line":102,"column":48}},"25":{"start":{"line":92,"column":13},"end":{"line":92,"column":25}},"26":{"start":{"line":105,"column":17},"end":{"line":111,"column":1}},"27":{"start":{"line":106,"column":22},"end":{"line":106,"column":24}},"28":{"start":{"line":107,"column":2},"end":{"line":109,"column":null}},"29":{"start":{"line":108,"column":4},"end":{"line":108,"column":56}},"30":{"start":{"line":110,"column":2},"end":{"line":110,"column":21}}},"fnMap":{"0":{"name":"(anonymous_0)","decl":{"start":{"line":12,"column":10},"end":{"line":12,"column":13}},"loc":{"start":{"line":12,"column":16},"end":{"line":12,"column":29}}},"1":{"name":"(anonymous_1)","decl":{"start":{"line":49,"column":18},"end":{"line":49,"column":19}},"loc":{"start":{"line":49,"column":69},"end":{"line":52,"column":1}}},"2":{"name":"(anonymous_2)","decl":{"start":{"line":54,"column":28},"end":{"line":54,"column":29}},"loc":{"start":{"line":54,"column":97},"end":{"line":84,"column":1}}},"3":{"name":"(anonymous_3)","decl":{"start":{"line":92,"column":25},"end":{"line":92,"column":26}},"loc":{"start":{"line":92,"column":98},"end":{"line":103,"column":1}}},"4":{"name":"(anonymous_4)","decl":{"start":{"line":105,"column":17},"end":{"line":105,"column":32}},"loc":{"start":{"line":105,"column":74},"end":{"line":111,"column":1}}}},"branchMap":{"0":{"loc":{"start":{"line":50,"column":2},"end":{"line":50,"column":46}},"type":"if","locations":[{"start":{"line":50,"column":2},"end":{"line":50,"column":46}}]},"1":{"loc":{"start":{"line":108,"column":19},"end":{"line":108,"column":55}},"type":"binary-expr","locations":[{"start":{"line":108,"column":19},"end":{"line":108,"column":39}},{"start":{"line":108,"column":43},"end":{"line":108,"column":55}}]}},"s":{"0":13,"1":13,"2":0,"3":13,"4":0,"5":0,"6":0,"7":13,"8":0,"9":0,"10":0,"11":0,"12":0,"13":0,"14":0,"15":0,"16":13,"17":0,"18":0,"19":0,"20":0,"21":0,"22":0,"23":0,"24":0,"25":13,"26":13,"27":0,"28":0,"29":0,"30":0},"f":{"0":0,"1":0,"2":0,"3":0,"4":0},"b":{"0":[0],"1":[0,0]}}
}
