{"total": {"lines":{"total":1557,"covered":1098,"skipped":0,"pct":70.52},"statements":{"total":1652,"covered":1164,"skipped":0,"pct":70.46},"functions":{"total":532,"covered":297,"skipped":0,"pct":55.82},"branches":{"total":224,"covered":127,"skipped":0,"pct":56.69},"branchesTrue":{"total":0,"covered":0,"skipped":0,"pct":100}}
,"/home/runner/work/tg-sticker-creator/tg-sticker-creator/src/index.ts": {"lines":{"total":61,"covered":61,"skipped":0,"pct":100},"functions":{"total":59,"covered":12,"skipped":0,"pct":20.33},"statements":{"total":61,"covered":61,"skipped":0,"pct":100},"branches":{"total":0,"covered":0,"skipped":0,"pct":100}}
,"/home/runner/work/tg-sticker-creator/tg-sticker-creator/src/core/LayerTransform.ts": {"lines":{"total":11,"covered":11,"skipped":0,"pct":100},"functions":{"total":4,"covered":4,"skipped":0,"pct":100},"statements":{"total":13,"covered":13,"skipped":0,"pct":100},"branches":{"total":0,"covered":0,"skipped":0,"pct":100}}
,"/home/runner/work/tg-sticker-creator/tg-sticker-creator/src/core/Lottie.ts": {"lines":{"total":69,"covered":49,"skipped":0,"pct":71.01},"functions":{"total":20,"covered":11,"skipped":0,"pct":55},"statements":{"total":74,"covered":51,"skipped":0,"pct":68.91},"branches":{"total":9,"covered":3,"skipped":0,"pct":33.33}}
,"/home/runner/work/tg-sticker-creator/tg-sticker-creator/src/core/LottieItem.ts": {"lines":{"total":11,"covered":11,"skipped":0,"pct":100},"functions":{"total":5,"covered":5,"skipped":0,"pct":100},"statements":{"total":11,"covered":11,"skipped":0,"pct":100},"branches":{"total":4,"covered":3,"skipped":0,"pct":75}}
,"/home/runner/work/tg-sticker-creator/tg-sticker-creator/src/core/Mask.ts": {"lines":{"total":27,"covered":2,"skipped":0,"pct":7.4},"functions":{"total":8,"covered":0,"skipped":0,"pct":0},"statements":{"total":27,"covered":2,"skipped":0,"pct":7.4},"branches":{"total":0,"covered":0,"skipped":0,"pct":100}}
,"/home/runner/work/tg-sticker-creator/tg-sticker-creator/src/core/Resolvable.ts": {"lines":{"total":25,"covered":24,"skipped":0,"pct":96},"functions":{"total":6,"covered":5,"skipped":0,"pct":83.33},"statements":{"total":28,"covered":27,"skipped":0,"pct":96.42},"branches":{"total":9,"covered":9,"skipped":0,"pct":100}}
,"/home/runner/work/tg-sticker-creator/tg-sticker-creator/src/core/TransformMixin.ts": {"lines":{"total":30,"covered":17,"skipped":0,"pct":56.66},"functions":{"total":8,"covered":2,"skipped":0,"pct":25},"statements":{"total":30,"covered":17,"skipped":0,"pct":56.66},"branches":{"total":0,"covered":0,"skipped":0,"pct":100}}
,"/home/runner/work/tg-sticker-creator/tg-sticker-creator/src/core/classes.ts": {"lines":{"total":2,"covered":2,"skipped":0,"pct":100},"functions":{"total":0,"covered":0,"skipped":0,"pct":100},"statements":{"total":2,"covered":2,"skipped":0,"pct":100},"branches":{"total":0,"covered":0,"skipped":0,"pct":100}}
,"/home/runner/work/tg-sticker-creator/tg-sticker-creator/src/core/constants.ts": {"lines":{"total":79,"covered":79,"skipped":0,"pct":100},"functions":{"total":12,"covered":12,"skipped":0,"pct":100},"statements":{"total":79,"covered":79,"skipped":0,"pct":100},"branches":{"total":24,"covered":24,"skipped":0,"pct":100}}
,"/home/runner/work/tg-sticker-creator/tg-sticker-creator/src/core/internal.ts": {"lines":{"total":60,"covered":60,"skipped":0,"pct":100},"functions":{"total":0,"covered":0,"skipped":0,"pct":100},"statements":{"total":60,"covered":60,"skipped":0,"pct":100},"branches":{"total":0,"covered":0,"skipped":0,"pct":100}}
,"/home/runner/work/tg-sticker-creator/tg-sticker-creator/src/core/matchKeys.ts": {"lines":{"total":54,"covered":51,"skipped":0,"pct":94.44},"functions":{"total":7,"covered":7,"skipped":0,"pct":100},"statements":{"total":60,"covered":57,"skipped":0,"pct":95},"branches":{"total":38,"covered":34,"skipped":0,"pct":89.47}}
,"/home/runner/work/tg-sticker-creator/tg-sticker-creator/src/core/util.ts": {"lines":{"total":105,"covered":96,"skipped":0,"pct":91.42},"functions":{"total":43,"covered":40,"skipped":0,"pct":93.02},"statements":{"total":132,"covered":116,"skipped":0,"pct":87.87},"branches":{"total":22,"covered":13,"skipped":0,"pct":59.09}}
,"/home/runner/work/tg-sticker-creator/tg-sticker-creator/src/core/animatable/AnimatableValueTransform.ts": {"lines":{"total":54,"covered":50,"skipped":0,"pct":92.59},"functions":{"total":30,"covered":26,"skipped":0,"pct":86.66},"statements":{"total":60,"covered":53,"skipped":0,"pct":88.33},"branches":{"total":18,"covered":15,"skipped":0,"pct":83.33}}
,"/home/runner/work/tg-sticker-creator/tg-sticker-creator/src/core/animatable/BezierValues.ts": {"lines":{"total":12,"covered":12,"skipped":0,"pct":100},"functions":{"total":4,"covered":4,"skipped":0,"pct":100},"statements":{"total":12,"covered":12,"skipped":0,"pct":100},"branches":{"total":0,"covered":0,"skipped":0,"pct":100}}
,"/home/runner/work/tg-sticker-creator/tg-sticker-creator/src/core/animatable/Path.ts": {"lines":{"total":31,"covered":21,"skipped":0,"pct":67.74},"functions":{"total":7,"covered":5,"skipped":0,"pct":71.42},"statements":{"total":31,"covered":21,"skipped":0,"pct":67.74},"branches":{"total":4,"covered":0,"skipped":0,"pct":0}}
,"/home/runner/work/tg-sticker-creator/tg-sticker-creator/src/core/animatable/easing.ts": {"lines":{"total":6,"covered":5,"skipped":0,"pct":83.33},"functions":{"total":1,"covered":1,"skipped":0,"pct":100},"statements":{"total":7,"covered":6,"skipped":0,"pct":85.71},"branches":{"total":3,"covered":1,"skipped":0,"pct":33.33}}
,"/home/runner/work/tg-sticker-creator/tg-sticker-creator/src/core/animatable/stops.ts": {"lines":{"total":20,"covered":20,"skipped":0,"pct":100},"functions":{"total":2,"covered":2,"skipped":0,"pct":100},"statements":{"total":24,"covered":24,"skipped":0,"pct":100},"branches":{"total":2,"covered":1,"skipped":0,"pct":50}}
,"/home/runner/work/tg-sticker-creator/tg-sticker-creator/src/core/animatable/keyframes/ColorKeyframe.ts": {"lines":{"total":14,"covered":6,"skipped":0,"pct":42.85},"functions":{"total":6,"covered":3,"skipped":0,"pct":50},"statements":{"total":14,"covered":6,"skipped":0,"pct":42.85},"branches":{"total":0,"covered":0,"skipped":0,"pct":100}}
,"/home/runner/work/tg-sticker-creator/tg-sticker-creator/src/core/animatable/keyframes/GradientKeyframe.ts": {"lines":{"total":14,"covered":12,"skipped":0,"pct":85.71},"functions":{"total":6,"covered":5,"skipped":0,"pct":83.33},"statements":{"total":14,"covered":12,"skipped":0,"pct":85.71},"branches":{"total":4,"covered":0,"skipped":0,"pct":0}}
,"/home/runner/work/tg-sticker-creator/tg-sticker-creator/src/core/animatable/keyframes/Keyframe.ts": {"lines":{"total":18,"covered":16,"skipped":0,"pct":88.88},"functions":{"total":6,"covered":5,"skipped":0,"pct":83.33},"statements":{"total":18,"covered":16,"skipped":0,"pct":88.88},"branches":{"total":0,"covered":0,"skipped":0,"pct":100}}
,"/home/runner/work/tg-sticker-creator/tg-sticker-creator/src/core/animatable/keyframes/OffsetKeyframe.ts": {"lines":{"total":17,"covered":13,"skipped":0,"pct":76.47},"functions":{"total":6,"covered":4,"skipped":0,"pct":66.66},"statements":{"total":17,"covered":13,"skipped":0,"pct":76.47},"branches":{"total":0,"covered":0,"skipped":0,"pct":100}}
,"/home/runner/work/tg-sticker-creator/tg-sticker-creator/src/core/animatable/keyframes/PathKeyframe.ts": {"lines":{"total":15,"covered":3,"skipped":0,"pct":20},"functions":{"total":6,"covered":0,"skipped":0,"pct":0},"statements":{"total":15,"covered":3,"skipped":0,"pct":20},"branches":{"total":0,"covered":0,"skipped":0,"pct":100}}
,"/home/runner/work/tg-sticker-creator/tg-sticker-creator/src/core/animatable/values/Animatable1DValue.ts": {"lines":{"total":24,"covered":15,"skipped":0,"pct":62.5},"functions":{"total":9,"covered":6,"skipped":0,"pct":66.66},"statements":{"total":25,"covered":16,"skipped":0,"pct":64},"branches":{"total":4,"covered":1,"skipped":0,"pct":25}}
,"/home/runner/work/tg-sticker-creator/tg-sticker-creator/src/core/animatable/values/Animatable2DValue.ts": {"lines":{"total":24,"covered":15,"skipped":0,"pct":62.5},"functions":{"total":9,"covered":6,"skipped":0,"pct":66.66},"statements":{"total":25,"covered":16,"skipped":0,"pct":64},"branches":{"total":4,"covered":1,"skipped":0,"pct":25}}
,"/home/runner/work/tg-sticker-creator/tg-sticker-creator/src/core/animatable/values/AnimatableColor.ts": {"lines":{"total":24,"covered":23,"skipped":0,"pct":95.83},"functions":{"total":9,"covered":9,"skipped":0,"pct":100},"statements":{"total":25,"covered":24,"skipped":0,"pct":96},"branches":{"total":8,"covered":6,"skipped":0,"pct":75}}
,"/home/runner/work/tg-sticker-creator/tg-sticker-creator/src/core/animatable/values/AnimatableGradient.ts": {"lines":{"total":34,"covered":28,"skipped":0,"pct":82.35},"functions":{"total":9,"covered":8,"skipped":0,"pct":88.88},"statements":{"total":35,"covered":29,"skipped":0,"pct":82.85},"branches":{"total":11,"covered":5,"skipped":0,"pct":45.45}}
,"/home/runner/work/tg-sticker-creator/tg-sticker-creator/src/core/animatable/values/AnimatablePath.ts": {"lines":{"total":23,"covered":12,"skipped":0,"pct":52.17},"functions":{"total":9,"covered":5,"skipped":0,"pct":55.55},"statements":{"total":24,"covered":12,"skipped":0,"pct":50},"branches":{"total":4,"covered":0,"skipped":0,"pct":0}}
,"/home/runner/work/tg-sticker-creator/tg-sticker-creator/src/core/animatable/values/AnimatablePosition.ts": {"lines":{"total":18,"covered":12,"skipped":0,"pct":66.66},"functions":{"total":6,"covered":4,"skipped":0,"pct":66.66},"statements":{"total":18,"covered":12,"skipped":0,"pct":66.66},"branches":{"total":6,"covered":2,"skipped":0,"pct":33.33}}
,"/home/runner/work/tg-sticker-creator/tg-sticker-creator/src/core/animatable/values/AnimatableValue.ts": {"lines":{"total":20,"covered":16,"skipped":0,"pct":80},"functions":{"total":5,"covered":4,"skipped":0,"pct":80},"statements":{"total":21,"covered":16,"skipped":0,"pct":76.19},"branches":{"total":4,"covered":2,"skipped":0,"pct":50}}
,"/home/runner/work/tg-sticker-creator/tg-sticker-creator/src/core/animatable/values/RgbaStopValue.ts": {"lines":{"total":5,"covered":5,"skipped":0,"pct":100},"functions":{"total":2,"covered":2,"skipped":0,"pct":100},"statements":{"total":5,"covered":5,"skipped":0,"pct":100},"branches":{"total":0,"covered":0,"skipped":0,"pct":100}}
,"/home/runner/work/tg-sticker-creator/tg-sticker-creator/src/core/animatable/values/RgbaValue.ts": {"lines":{"total":7,"covered":7,"skipped":0,"pct":100},"functions":{"total":5,"covered":5,"skipped":0,"pct":100},"statements":{"total":7,"covered":7,"skipped":0,"pct":100},"branches":{"total":8,"covered":4,"skipped":0,"pct":50}}
,"/home/runner/work/tg-sticker-creator/tg-sticker-creator/src/core/errors/AnimationError.ts": {"lines":{"total":4,"covered":1,"skipped":0,"pct":25},"functions":{"total":1,"covered":0,"skipped":0,"pct":0},"statements":{"total":4,"covered":1,"skipped":0,"pct":25},"branches":{"total":0,"covered":0,"skipped":0,"pct":100}}
,"/home/runner/work/tg-sticker-creator/tg-sticker-creator/src/core/errors/CastError.ts": {"lines":{"total":4,"covered":4,"skipped":0,"pct":100},"functions":{"total":1,"covered":1,"skipped":0,"pct":100},"statements":{"total":4,"covered":4,"skipped":0,"pct":100},"branches":{"total":0,"covered":0,"skipped":0,"pct":100}}
,"/home/runner/work/tg-sticker-creator/tg-sticker-creator/src/core/errors/SerializationError.ts": {"lines":{"total":4,"covered":1,"skipped":0,"pct":25},"functions":{"total":1,"covered":0,"skipped":0,"pct":0},"statements":{"total":4,"covered":1,"skipped":0,"pct":25},"branches":{"total":0,"covered":0,"skipped":0,"pct":100}}
,"/home/runner/work/tg-sticker-creator/tg-sticker-creator/src/core/layers/CompLayer.ts": {"lines":{"total":16,"covered":3,"skipped":0,"pct":18.75},"functions":{"total":6,"covered":0,"skipped":0,"pct":0},"statements":{"total":19,"covered":5,"skipped":0,"pct":26.31},"branches":{"total":1,"covered":0,"skipped":0,"pct":0}}
,"/home/runner/work/tg-sticker-creator/tg-sticker-creator/src/core/layers/Dimensions.ts": {"lines":{"total":14,"covered":7,"skipped":0,"pct":50},"functions":{"total":5,"covered":2,"skipped":0,"pct":40},"statements":{"total":14,"covered":7,"skipped":0,"pct":50},"branches":{"total":0,"covered":0,"skipped":0,"pct":100}}
,"/home/runner/work/tg-sticker-creator/tg-sticker-creator/src/core/layers/ImageLayer.ts": {"lines":{"total":6,"covered":2,"skipped":0,"pct":33.33},"functions":{"total":2,"covered":0,"skipped":0,"pct":0},"statements":{"total":6,"covered":2,"skipped":0,"pct":33.33},"branches":{"total":0,"covered":0,"skipped":0,"pct":100}}
,"/home/runner/work/tg-sticker-creator/tg-sticker-creator/src/core/layers/Layer.ts": {"lines":{"total":56,"covered":34,"skipped":0,"pct":60.71},"functions":{"total":13,"covered":4,"skipped":0,"pct":30.76},"statements":{"total":59,"covered":34,"skipped":0,"pct":57.62},"branches":{"total":5,"covered":0,"skipped":0,"pct":0}}
,"/home/runner/work/tg-sticker-creator/tg-sticker-creator/src/core/layers/LayersMixin.ts": {"lines":{"total":18,"covered":16,"skipped":0,"pct":88.88},"functions":{"total":8,"covered":6,"skipped":0,"pct":75},"statements":{"total":20,"covered":16,"skipped":0,"pct":80},"branches":{"total":3,"covered":0,"skipped":0,"pct":0}}
,"/home/runner/work/tg-sticker-creator/tg-sticker-creator/src/core/layers/NullLayer.ts": {"lines":{"total":8,"covered":8,"skipped":0,"pct":100},"functions":{"total":3,"covered":3,"skipped":0,"pct":100},"statements":{"total":8,"covered":8,"skipped":0,"pct":100},"branches":{"total":0,"covered":0,"skipped":0,"pct":100}}
,"/home/runner/work/tg-sticker-creator/tg-sticker-creator/src/core/layers/PreComp.ts": {"lines":{"total":22,"covered":3,"skipped":0,"pct":13.63},"functions":{"total":8,"covered":0,"skipped":0,"pct":0},"statements":{"total":25,"covered":5,"skipped":0,"pct":20},"branches":{"total":4,"covered":0,"skipped":0,"pct":0}}
,"/home/runner/work/tg-sticker-creator/tg-sticker-creator/src/core/layers/ShapeLayer.ts": {"lines":{"total":20,"covered":18,"skipped":0,"pct":90},"functions":{"total":7,"covered":7,"skipped":0,"pct":100},"statements":{"total":22,"covered":20,"skipped":0,"pct":90.9},"branches":{"total":1,"covered":0,"skipped":0,"pct":0}}
,"/home/runner/work/tg-sticker-creator/tg-sticker-creator/src/core/layers/SolidLayer.ts": {"lines":{"total":8,"covered":8,"skipped":0,"pct":100},"functions":{"total":3,"covered":3,"skipped":0,"pct":100},"statements":{"total":8,"covered":8,"skipped":0,"pct":100},"branches":{"total":0,"covered":0,"skipped":0,"pct":100}}
,"/home/runner/work/tg-sticker-creator/tg-sticker-creator/src/core/layers/TextLayer.ts": {"lines":{"total":8,"covered":2,"skipped":0,"pct":25},"functions":{"total":3,"covered":0,"skipped":0,"pct":0},"statements":{"total":8,"covered":2,"skipped":0,"pct":25},"branches":{"total":0,"covered":0,"skipped":0,"pct":100}}
,"/home/runner/work/tg-sticker-creator/tg-sticker-creator/src/core/shapes/EllipseShape.ts": {"lines":{"total":19,"covered":6,"skipped":0,"pct":31.57},"functions":{"total":7,"covered":1,"skipped":0,"pct":14.28},"statements":{"total":19,"covered":6,"skipped":0,"pct":31.57},"branches":{"total":0,"covered":0,"skipped":0,"pct":100}}
,"/home/runner/work/tg-sticker-creator/tg-sticker-creator/src/core/shapes/FillShape.ts": {"lines":{"total":22,"covered":18,"skipped":0,"pct":81.81},"functions":{"total":7,"covered":5,"skipped":0,"pct":71.42},"statements":{"total":22,"covered":18,"skipped":0,"pct":81.81},"branches":{"total":0,"covered":0,"skipped":0,"pct":100}}
,"/home/runner/work/tg-sticker-creator/tg-sticker-creator/src/core/shapes/GradientFillShape.ts": {"lines":{"total":20,"covered":18,"skipped":0,"pct":90},"functions":{"total":6,"covered":5,"skipped":0,"pct":83.33},"statements":{"total":22,"covered":20,"skipped":0,"pct":90.9},"branches":{"total":0,"covered":0,"skipped":0,"pct":100}}
,"/home/runner/work/tg-sticker-creator/tg-sticker-creator/src/core/shapes/GradientMixin.ts": {"lines":{"total":27,"covered":17,"skipped":0,"pct":62.96},"functions":{"total":8,"covered":3,"skipped":0,"pct":37.5},"statements":{"total":27,"covered":17,"skipped":0,"pct":62.96},"branches":{"total":0,"covered":0,"skipped":0,"pct":100}}
,"/home/runner/work/tg-sticker-creator/tg-sticker-creator/src/core/shapes/GradientStrokeShape.ts": {"lines":{"total":13,"covered":3,"skipped":0,"pct":23.07},"functions":{"total":5,"covered":0,"skipped":0,"pct":0},"statements":{"total":15,"covered":5,"skipped":0,"pct":33.33},"branches":{"total":0,"covered":0,"skipped":0,"pct":100}}
,"/home/runner/work/tg-sticker-creator/tg-sticker-creator/src/core/shapes/GroupShape.ts": {"lines":{"total":18,"covered":18,"skipped":0,"pct":100},"functions":{"total":7,"covered":7,"skipped":0,"pct":100},"statements":{"total":20,"covered":20,"skipped":0,"pct":100},"branches":{"total":0,"covered":0,"skipped":0,"pct":100}}
,"/home/runner/work/tg-sticker-creator/tg-sticker-creator/src/core/shapes/MergeShape.ts": {"lines":{"total":11,"covered":2,"skipped":0,"pct":18.18},"functions":{"total":5,"covered":0,"skipped":0,"pct":0},"statements":{"total":11,"covered":2,"skipped":0,"pct":18.18},"branches":{"total":0,"covered":0,"skipped":0,"pct":100}}
,"/home/runner/work/tg-sticker-creator/tg-sticker-creator/src/core/shapes/PathShape.ts": {"lines":{"total":16,"covered":13,"skipped":0,"pct":81.25},"functions":{"total":7,"covered":5,"skipped":0,"pct":71.42},"statements":{"total":16,"covered":13,"skipped":0,"pct":81.25},"branches":{"total":0,"covered":0,"skipped":0,"pct":100}}
,"/home/runner/work/tg-sticker-creator/tg-sticker-creator/src/core/shapes/RectShape.ts": {"lines":{"total":26,"covered":8,"skipped":0,"pct":30.76},"functions":{"total":9,"covered":1,"skipped":0,"pct":11.11},"statements":{"total":26,"covered":8,"skipped":0,"pct":30.76},"branches":{"total":0,"covered":0,"skipped":0,"pct":100}}
,"/home/runner/work/tg-sticker-creator/tg-sticker-creator/src/core/shapes/RepeaterShape.ts": {"lines":{"total":8,"covered":2,"skipped":0,"pct":25},"functions":{"total":3,"covered":0,"skipped":0,"pct":0},"statements":{"total":8,"covered":2,"skipped":0,"pct":25},"branches":{"total":0,"covered":0,"skipped":0,"pct":100}}
,"/home/runner/work/tg-sticker-creator/tg-sticker-creator/src/core/shapes/RoundedCornersShape.ts": {"lines":{"total":14,"covered":2,"skipped":0,"pct":14.28},"functions":{"total":6,"covered":0,"skipped":0,"pct":0},"statements":{"total":14,"covered":2,"skipped":0,"pct":14.28},"branches":{"total":0,"covered":0,"skipped":0,"pct":100}}
,"/home/runner/work/tg-sticker-creator/tg-sticker-creator/src/core/shapes/Shape.ts": {"lines":{"total":17,"covered":15,"skipped":0,"pct":88.23},"functions":{"total":6,"covered":5,"skipped":0,"pct":83.33},"statements":{"total":17,"covered":15,"skipped":0,"pct":88.23},"branches":{"total":0,"covered":0,"skipped":0,"pct":100}}
,"/home/runner/work/tg-sticker-creator/tg-sticker-creator/src/core/shapes/ShapesMixin.ts": {"lines":{"total":28,"covered":24,"skipped":0,"pct":85.71},"functions":{"total":12,"covered":8,"skipped":0,"pct":66.66},"statements":{"total":33,"covered":24,"skipped":0,"pct":72.72},"branches":{"total":8,"covered":1,"skipped":0,"pct":12.5}}
,"/home/runner/work/tg-sticker-creator/tg-sticker-creator/src/core/shapes/StarShape.ts": {"lines":{"total":42,"covered":2,"skipped":0,"pct":4.76},"functions":{"total":12,"covered":0,"skipped":0,"pct":0},"statements":{"total":42,"covered":2,"skipped":0,"pct":4.76},"branches":{"total":0,"covered":0,"skipped":0,"pct":100}}
,"/home/runner/work/tg-sticker-creator/tg-sticker-creator/src/core/shapes/StrokeMixin.ts": {"lines":{"total":21,"covered":15,"skipped":0,"pct":71.42},"functions":{"total":5,"covered":2,"skipped":0,"pct":40},"statements":{"total":21,"covered":15,"skipped":0,"pct":71.42},"branches":{"total":0,"covered":0,"skipped":0,"pct":100}}
,"/home/runner/work/tg-sticker-creator/tg-sticker-creator/src/core/shapes/StrokeShape.ts": {"lines":{"total":16,"covered":14,"skipped":0,"pct":87.5},"functions":{"total":6,"covered":5,"skipped":0,"pct":83.33},"statements":{"total":18,"covered":16,"skipped":0,"pct":88.88},"branches":{"total":0,"covered":0,"skipped":0,"pct":100}}
,"/home/runner/work/tg-sticker-creator/tg-sticker-creator/src/core/shapes/TransformShape.ts": {"lines":{"total":12,"covered":12,"skipped":0,"pct":100},"functions":{"total":5,"covered":5,"skipped":0,"pct":100},"statements":{"total":14,"covered":14,"skipped":0,"pct":100},"branches":{"total":0,"covered":0,"skipped":0,"pct":100}}
,"/home/runner/work/tg-sticker-creator/tg-sticker-creator/src/core/shapes/TrimShape.ts": {"lines":{"total":26,"covered":2,"skipped":0,"pct":7.69},"functions":{"total":9,"covered":0,"skipped":0,"pct":0},"statements":{"total":26,"covered":2,"skipped":0,"pct":7.69},"branches":{"total":0,"covered":0,"skipped":0,"pct":100}}
,"/home/runner/work/tg-sticker-creator/tg-sticker-creator/src/utilities/create.ts": {"lines":{"total":56,"covered":26,"skipped":0,"pct":46.42},"functions":{"total":31,"covered":16,"skipped":0,"pct":51.61},"statements":{"total":59,"covered":28,"skipped":0,"pct":47.45},"branches":{"total":13,"covered":2,"skipped":0,"pct":15.38}}
,"/home/runner/work/tg-sticker-creator/tg-sticker-creator/src/utilities/enum.ts": {"lines":{"total":2,"covered":2,"skipped":0,"pct":100},"functions":{"total":0,"covered":0,"skipped":0,"pct":100},"statements":{"total":2,"covered":2,"skipped":0,"pct":100},"branches":{"total":0,"covered":0,"skipped":0,"pct":100}}
,"/home/runner/work/tg-sticker-creator/tg-sticker-creator/src/utilities/index.ts": {"lines":{"total":4,"covered":4,"skipped":0,"pct":100},"functions":{"total":0,"covered":0,"skipped":0,"pct":100},"statements":{"total":4,"covered":4,"skipped":0,"pct":100},"branches":{"total":0,"covered":0,"skipped":0,"pct":100}}
,"/home/runner/work/tg-sticker-creator/tg-sticker-creator/src/utilities/animation/blink.ts": {"lines":{"total":5,"covered":5,"skipped":0,"pct":100},"functions":{"total":1,"covered":1,"skipped":0,"pct":100},"statements":{"total":7,"covered":7,"skipped":0,"pct":100},"branches":{"total":0,"covered":0,"skipped":0,"pct":100}}
,"/home/runner/work/tg-sticker-creator/tg-sticker-creator/src/utilities/animation/index.ts": {"lines":{"total":3,"covered":3,"skipped":0,"pct":100},"functions":{"total":0,"covered":0,"skipped":0,"pct":100},"statements":{"total":3,"covered":3,"skipped":0,"pct":100},"branches":{"total":0,"covered":0,"skipped":0,"pct":100}}
,"/home/runner/work/tg-sticker-creator/tg-sticker-creator/src/utilities/animation/particles.ts": {"lines":{"total":29,"covered":6,"skipped":0,"pct":20.68},"functions":{"total":5,"covered":0,"skipped":0,"pct":0},"statements":{"total":31,"covered":7,"skipped":0,"pct":22.58},"branches":{"total":3,"covered":0,"skipped":0,"pct":0}}
}
