TN:
SF:src/index.ts
FN:2,(anonymous_4)
FN:3,(anonymous_5)
FN:4,(anonymous_6)
FN:5,(anonymous_7)
FN:6,(anonymous_8)
FN:7,(anonymous_9)
FN:8,(anonymous_10)
FN:9,(anonymous_11)
FN:10,(anonymous_12)
FN:11,(anonymous_13)
FN:13,(anonymous_14)
FN:14,(anonymous_15)
FN:15,(anonymous_16)
FN:21,(anonymous_17)
FN:22,(anonymous_18)
FN:23,(anonymous_19)
FN:24,(anonymous_20)
FN:26,(anonymous_21)
FN:27,(anonymous_22)
FN:28,(anonymous_23)
FN:29,(anonymous_24)
FN:30,(anonymous_25)
FN:31,(anonymous_26)
FN:35,(anonymous_27)
FN:36,(anonymous_28)
FN:37,(anonymous_29)
FN:38,(anonymous_30)
FN:39,(anonymous_31)
FN:40,(anonymous_32)
FN:41,(anonymous_33)
FN:42,(anonymous_34)
FN:43,(anonymous_35)
FN:44,(anonymous_36)
FN:45,(anonymous_37)
FN:46,(anonymous_38)
FN:47,(anonymous_39)
FN:48,(anonymous_40)
FN:49,(anonymous_41)
FN:50,(anonymous_42)
FN:51,(anonymous_43)
FN:52,(anonymous_44)
FN:53,(anonymous_45)
FN:54,(anonymous_46)
FN:55,(anonymous_47)
FN:57,(anonymous_48)
FN:58,(anonymous_49)
FN:59,(anonymous_50)
FN:60,(anonymous_51)
FN:61,(anonymous_52)
FN:62,(anonymous_53)
FN:63,(anonymous_54)
FN:64,(anonymous_55)
FN:65,(anonymous_56)
FN:66,(anonymous_57)
FN:67,(anonymous_58)
FN:68,(anonymous_59)
FN:70,(anonymous_60)
FN:71,(anonymous_61)
FN:72,(anonymous_62)
FNF:59
FNH:12
FNDA:0,(anonymous_4)
FNDA:0,(anonymous_5)
FNDA:0,(anonymous_6)
FNDA:0,(anonymous_7)
FNDA:0,(anonymous_8)
FNDA:0,(anonymous_9)
FNDA:0,(anonymous_10)
FNDA:0,(anonymous_11)
FNDA:0,(anonymous_12)
FNDA:0,(anonymous_13)
FNDA:2,(anonymous_14)
FNDA:0,(anonymous_15)
FNDA:0,(anonymous_16)
FNDA:0,(anonymous_17)
FNDA:0,(anonymous_18)
FNDA:0,(anonymous_19)
FNDA:2,(anonymous_20)
FNDA:0,(anonymous_21)
FNDA:0,(anonymous_22)
FNDA:0,(anonymous_23)
FNDA:0,(anonymous_24)
FNDA:0,(anonymous_25)
FNDA:0,(anonymous_26)
FNDA:4,(anonymous_27)
FNDA:0,(anonymous_28)
FNDA:1,(anonymous_29)
FNDA:0,(anonymous_30)
FNDA:0,(anonymous_31)
FNDA:0,(anonymous_32)
FNDA:2,(anonymous_33)
FNDA:3,(anonymous_34)
FNDA:0,(anonymous_35)
FNDA:0,(anonymous_36)
FNDA:0,(anonymous_37)
FNDA:0,(anonymous_38)
FNDA:0,(anonymous_39)
FNDA:0,(anonymous_40)
FNDA:3,(anonymous_41)
FNDA:0,(anonymous_42)
FNDA:1,(anonymous_43)
FNDA:0,(anonymous_44)
FNDA:0,(anonymous_45)
FNDA:1,(anonymous_46)
FNDA:0,(anonymous_47)
FNDA:0,(anonymous_48)
FNDA:1,(anonymous_49)
FNDA:0,(anonymous_50)
FNDA:0,(anonymous_51)
FNDA:2,(anonymous_52)
FNDA:0,(anonymous_53)
FNDA:0,(anonymous_54)
FNDA:0,(anonymous_55)
FNDA:0,(anonymous_56)
FNDA:0,(anonymous_57)
FNDA:0,(anonymous_58)
FNDA:0,(anonymous_59)
FNDA:1,(anonymous_60)
FNDA:0,(anonymous_61)
FNDA:0,(anonymous_62)
DA:1,13
DA:2,13
DA:3,13
DA:4,13
DA:5,13
DA:6,13
DA:7,13
DA:8,13
DA:9,13
DA:10,13
DA:11,13
DA:13,15
DA:14,13
DA:15,13
DA:21,13
DA:22,13
DA:23,13
DA:24,15
DA:26,13
DA:27,13
DA:28,13
DA:29,13
DA:30,13
DA:31,13
DA:35,17
DA:36,13
DA:37,14
DA:38,13
DA:39,13
DA:40,13
DA:41,15
DA:42,16
DA:43,13
DA:44,13
DA:45,13
DA:46,13
DA:47,13
DA:48,13
DA:49,16
DA:50,13
DA:51,14
DA:52,13
DA:53,13
DA:54,14
DA:55,13
DA:57,13
DA:58,14
DA:59,13
DA:60,13
DA:61,15
DA:62,13
DA:63,13
DA:64,13
DA:65,13
DA:66,13
DA:67,13
DA:68,13
DA:70,14
DA:71,13
DA:72,13
DA:74,13
LF:61
LH:61
BRF:0
BRH:0
end_of_record
TN:
SF:src/core/LayerTransform.ts
FN:14,(anonymous_1)
FN:21,(anonymous_2)
FN:31,(anonymous_3)
FN:45,(anonymous_4)
FNF:4
FNH:4
FNDA:36,(anonymous_1)
FNDA:36,(anonymous_2)
FNDA:36,(anonymous_3)
FNDA:36,(anonymous_4)
DA:1,13
DA:2,13
DA:8,13
DA:9,96
DA:15,36
DA:22,36
DA:23,36
DA:24,36
DA:32,36
DA:46,36
DA:47,36
LF:11
LH:11
BRF:0
BRH:0
end_of_record
TN:
SF:src/core/Lottie.ts
FN:27,(anonymous_1)
FN:40,(anonymous_2)
FN:70,(anonymous_3)
FN:75,(anonymous_4)
FN:80,(anonymous_5)
FN:85,(anonymous_6)
FN:96,(anonymous_7)
FN:101,(anonymous_8)
FN:104,(anonymous_9)
FN:120,(anonymous_10)
FN:125,(anonymous_11)
FN:128,(anonymous_12)
FN:136,(anonymous_13)
FN:169,(anonymous_14)
FN:178,(anonymous_15)
FN:185,(anonymous_16)
FN:195,(anonymous_17)
FN:215,(anonymous_18)
FNF:18
FNH:11
FNDA:15,(anonymous_1)
FNDA:15,(anonymous_2)
FNDA:0,(anonymous_3)
FNDA:0,(anonymous_4)
FNDA:0,(anonymous_5)
FNDA:0,(anonymous_6)
FNDA:1,(anonymous_7)
FNDA:1,(anonymous_8)
FNDA:0,(anonymous_9)
FNDA:1,(anonymous_10)
FNDA:5,(anonymous_11)
FNDA:0,(anonymous_12)
FNDA:1,(anonymous_13)
FNDA:3,(anonymous_14)
FNDA:0,(anonymous_15)
FNDA:12,(anonymous_16)
FNDA:14,(anonymous_17)
FNDA:12,(anonymous_18)
DA:1,13
DA:2,13
DA:23,13
DA:33,15
DA:34,15
DA:35,15
DA:41,15
DA:42,15
DA:44,15
DA:45,0
DA:46,0
DA:56,26
DA:58,26
DA:60,26
DA:62,26
DA:64,26
DA:66,26
DA:68,26
DA:71,0
DA:72,0
DA:76,0
DA:77,0
DA:81,0
DA:82,0
DA:86,0
DA:87,0
DA:90,26
DA:100,1
DA:101,1
DA:102,1
DA:105,0
DA:106,0
DA:111,1
DA:112,1
DA:113,1
DA:114,0
DA:115,0
DA:117,1
DA:124,1
DA:125,1
DA:126,5
DA:129,0
DA:130,0
DA:135,1
DA:137,1
DA:138,1
DA:140,1
DA:144,1
DA:172,3
DA:179,0
DA:186,12
DA:187,12
DA:188,12
DA:196,14
DA:216,12
DA:217,12
DA:218,12
DA:219,12
DA:220,12
DA:221,12
DA:222,12
DA:223,12
DA:224,12
DA:225,12
DA:226,12
DA:227,12
LF:66
LH:49
BRDA:98,0,0,0
BRDA:98,1,0,0
BRDA:112,2,0,0
BRDA:115,3,0,0
BRDA:122,4,0,1
BRDA:122,5,0,1
BRDA:137,6,0,1
BRDA:140,7,0,0
BRDA:170,8,0,0
BRF:9
BRH:3
end_of_record
TN:
SF:src/core/LottieItem.ts
FN:47,(anonymous_1)
FN:76,(anonymous_2)
FN:94,(anonymous_3)
FN:101,(anonymous_4)
FN:108,(anonymous_5)
FNF:5
FNH:5
FNDA:36,(anonymous_1)
FNDA:5,(anonymous_2)
FNDA:28552,(anonymous_3)
FNDA:1,(anonymous_4)
FNDA:49433,(anonymous_5)
DA:1,13
DA:2,13
DA:14,13
DA:50,36
DA:51,26
DA:53,10
DA:79,5
DA:80,2
DA:84,3
DA:95,28552
DA:102,1
LF:11
LH:11
BRDA:50,0,0,26
BRDA:79,1,0,2
BRDA:81,2,0,2
BRDA:81,2,1,0
BRF:4
BRH:3
end_of_record
TN:
SF:src/core/Mask.ts
FN:22,(anonymous_0)
FN:49,(anonymous_1)
FN:54,(anonymous_2)
FN:59,(anonymous_3)
FN:67,(anonymous_4)
FN:74,(anonymous_5)
FN:84,(anonymous_6)
FN:100,(anonymous_7)
FNF:8
FNH:0
FNDA:0,(anonymous_0)
FNDA:0,(anonymous_1)
FNDA:0,(anonymous_2)
FNDA:0,(anonymous_3)
FNDA:0,(anonymous_4)
FNDA:0,(anonymous_5)
FNDA:0,(anonymous_6)
FNDA:0,(anonymous_7)
DA:1,13
DA:18,13
DA:28,0
DA:37,0
DA:39,0
DA:41,0
DA:43,0
DA:45,0
DA:47,0
DA:50,0
DA:51,0
DA:55,0
DA:56,0
DA:60,0
DA:61,0
DA:68,0
DA:75,0
DA:76,0
DA:77,0
DA:85,0
DA:101,0
DA:102,0
DA:103,0
DA:104,0
DA:105,0
DA:106,0
DA:107,0
LF:27
LH:2
BRF:0
BRH:0
end_of_record
TN:
SF:src/core/Resolvable.ts
FN:26,(anonymous_0)
FN:37,(anonymous_1)
FN:43,(anonymous_2)
FN:46,(anonymous_3)
FN:73,(anonymous_4)
FN:95,(anonymous_5)
FNF:6
FNH:5
FNDA:0,(anonymous_0)
FNDA:15,(anonymous_1)
FNDA:22,(anonymous_2)
FNDA:7,(anonymous_3)
FNDA:102,(anonymous_4)
FNDA:57,(anonymous_5)
DA:1,13
DA:22,13
DA:35,0
DA:38,15
DA:39,15
DA:40,15
DA:43,22
DA:50,7
DA:73,13
DA:80,102
DA:89,16
DA:91,86
DA:95,13
DA:106,57
DA:107,57
DA:108,6
DA:110,51
DA:111,51
DA:120,6
DA:123,51
DA:124,51
DA:130,63
DA:131,63
DA:132,144
DA:143,51
LF:25
LH:24
BRDA:37,0,0,4
BRDA:39,1,0,11
BRDA:48,2,0,7
BRDA:50,3,0,7
BRDA:50,3,1,1
BRDA:80,4,0,16
BRDA:107,5,0,6
BRDA:111,6,0,6
BRDA:123,7,0,51
BRF:9
BRH:9
end_of_record
TN:
SF:src/core/TransformMixin.ts
FN:26,(anonymous_0)
FN:30,(anonymous_1)
FN:34,(anonymous_2)
FN:38,(anonymous_3)
FN:42,(anonymous_4)
FN:46,(anonymous_5)
FN:56,(anonymous_6)
FN:72,(anonymous_7)
FNF:8
FNH:2
FNDA:0,(anonymous_0)
FNDA:0,(anonymous_1)
FNDA:0,(anonymous_2)
FNDA:0,(anonymous_3)
FNDA:0,(anonymous_4)
FNDA:0,(anonymous_5)
FNDA:1887,(anonymous_6)
FNDA:3271,(anonymous_7)
DA:1,13
DA:11,13
DA:12,3356
DA:14,3356
DA:16,3356
DA:18,3356
DA:20,3356
DA:22,3356
DA:24,3356
DA:27,0
DA:28,0
DA:31,0
DA:32,0
DA:35,0
DA:36,0
DA:39,0
DA:40,0
DA:43,0
DA:44,0
DA:47,0
DA:48,0
DA:49,0
DA:57,1887
DA:73,3271
DA:74,3271
DA:75,3271
DA:76,3271
DA:77,3271
DA:78,3271
DA:79,3271
LF:30
LH:17
BRF:0
BRH:0
end_of_record
TN:
SF:src/core/classes.ts
FNF:0
FNH:0
DA:1,13
DA:36,13
LF:2
LH:2
BRF:0
BRH:0
end_of_record
TN:
SF:src/core/constants.ts
FN:1,(anonymous_0)
FN:7,(anonymous_1)
FN:16,(anonymous_2)
FN:35,(anonymous_3)
FN:40,(anonymous_4)
FN:48,(anonymous_5)
FN:65,(anonymous_6)
FN:70,(anonymous_7)
FN:75,(anonymous_8)
FN:81,(anonymous_9)
FN:91,(anonymous_10)
FN:96,(anonymous_11)
FNF:12
FNH:12
FNDA:13,(anonymous_0)
FNDA:13,(anonymous_1)
FNDA:13,(anonymous_2)
FNDA:13,(anonymous_3)
FNDA:13,(anonymous_4)
FNDA:13,(anonymous_5)
FNDA:13,(anonymous_6)
FNDA:13,(anonymous_7)
FNDA:13,(anonymous_8)
FNDA:13,(anonymous_9)
FNDA:13,(anonymous_10)
FNDA:13,(anonymous_11)
DA:1,13
DA:2,13
DA:3,13
DA:4,13
DA:7,13
DA:8,13
DA:9,13
DA:10,13
DA:11,13
DA:12,13
DA:13,13
DA:16,13
DA:17,13
DA:18,13
DA:19,13
DA:20,13
DA:21,13
DA:22,13
DA:23,13
DA:24,13
DA:25,13
DA:26,13
DA:27,13
DA:28,13
DA:29,13
DA:30,13
DA:31,13
DA:32,13
DA:35,13
DA:36,13
DA:37,13
DA:40,13
DA:41,13
DA:42,13
DA:43,13
DA:44,13
DA:45,13
DA:48,13
DA:49,13
DA:50,13
DA:51,13
DA:52,13
DA:53,13
DA:54,13
DA:55,13
DA:56,13
DA:57,13
DA:58,13
DA:59,13
DA:60,13
DA:61,13
DA:62,13
DA:65,13
DA:66,13
DA:67,13
DA:70,13
DA:71,13
DA:72,13
DA:75,13
DA:76,13
DA:77,13
DA:78,13
DA:81,13
DA:82,13
DA:83,13
DA:84,13
DA:85,13
DA:86,13
DA:87,13
DA:88,13
DA:91,13
DA:92,13
DA:93,13
DA:96,13
DA:97,13
DA:98,13
DA:99,13
DA:100,13
DA:101,13
LF:79
LH:79
BRDA:1,0,0,13
BRDA:1,0,1,13
BRDA:7,1,0,13
BRDA:7,1,1,13
BRDA:16,2,0,13
BRDA:16,2,1,13
BRDA:35,3,0,13
BRDA:35,3,1,13
BRDA:40,4,0,13
BRDA:40,4,1,13
BRDA:48,5,0,13
BRDA:48,5,1,13
BRDA:65,6,0,13
BRDA:65,6,1,13
BRDA:70,7,0,13
BRDA:70,7,1,13
BRDA:75,8,0,13
BRDA:75,8,1,13
BRDA:81,9,0,13
BRDA:81,9,1,13
BRDA:91,10,0,13
BRDA:91,10,1,13
BRDA:96,11,0,13
BRDA:96,11,1,13
BRF:24
BRH:24
end_of_record
TN:
SF:src/core/internal.ts
FNF:0
FNH:0
DA:2,13
DA:3,13
DA:5,13
DA:6,13
DA:7,13
DA:8,13
DA:9,13
DA:10,13
DA:11,13
DA:12,13
DA:13,13
DA:14,13
DA:15,13
DA:16,13
DA:17,13
DA:18,13
DA:19,13
DA:20,13
DA:21,13
DA:22,13
DA:23,13
DA:24,13
DA:25,13
DA:26,13
DA:27,13
DA:28,13
DA:29,13
DA:30,13
DA:31,13
DA:32,13
DA:33,13
DA:34,13
DA:35,13
DA:36,13
DA:37,13
DA:38,13
DA:39,13
DA:40,13
DA:41,13
DA:42,13
DA:43,13
DA:44,13
DA:45,13
DA:46,13
DA:47,13
DA:48,13
DA:49,13
DA:50,13
DA:51,13
DA:52,13
DA:53,13
DA:54,13
DA:55,13
DA:56,13
DA:57,13
DA:58,13
DA:59,13
DA:60,13
DA:61,13
DA:62,13
LF:60
LH:60
BRF:0
BRH:0
end_of_record
TN:
SF:src/core/matchKeys.ts
FN:9,(anonymous_0)
FN:33,(anonymous_1)
FN:48,(anonymous_2)
FN:70,(anonymous_3)
FN:74,(anonymous_4)
FN:92,(anonymous_5)
FN:135,(anonymous_6)
FNF:7
FNH:7
FNDA:21,(anonymous_0)
FNDA:57,(anonymous_1)
FNDA:51,(anonymous_2)
FNDA:8,(anonymous_3)
FNDA:265,(anonymous_4)
FNDA:153,(anonymous_5)
FNDA:51,(anonymous_6)
DA:9,13
DA:10,21
DA:11,9
DA:12,9
DA:14,9
DA:16,12
DA:17,12
DA:18,20
DA:19,2
DA:20,18
DA:21,14
DA:23,4
DA:27,12
DA:33,13
DA:39,57
DA:40,53
DA:41,53
DA:42,51
DA:45,2
DA:48,13
DA:54,51
DA:56,2
DA:58,49
DA:60,0
DA:62,49
DA:65,12
DA:67,37
DA:70,13
DA:71,8
DA:74,13
DA:79,265
DA:80,0
DA:82,265
DA:83,168
DA:85,97
DA:92,13
DA:99,153
DA:100,12
DA:102,141
DA:103,141
DA:104,141
DA:106,141
DA:107,22
DA:108,22
DA:115,119
DA:116,119
DA:117,20
DA:123,99
DA:124,0
DA:126,99
DA:128,28
DA:132,71
DA:135,13
DA:136,51
LF:54
LH:51
BRDA:10,0,0,9
BRDA:11,1,0,9
BRDA:18,2,0,2
BRDA:18,2,1,18
BRDA:18,3,0,20
BRDA:18,3,1,19
BRDA:20,4,0,14
BRDA:20,4,1,4
BRDA:20,5,0,18
BRDA:20,5,1,17
BRDA:39,6,0,4
BRDA:41,7,0,51
BRDA:41,8,0,53
BRDA:41,8,1,53
BRDA:41,8,2,4
BRDA:54,9,0,2
BRDA:58,10,0,0
BRDA:62,11,0,12
BRDA:79,12,0,0
BRDA:82,13,0,168
BRDA:99,14,0,12
BRDA:106,15,0,22
BRDA:107,16,0,22
BRDA:107,16,1,15
BRDA:109,17,0,22
BRDA:109,17,1,3
BRDA:109,17,2,3
BRDA:109,17,3,19
BRDA:115,18,0,119
BRDA:115,18,1,119
BRDA:116,19,0,20
BRDA:118,20,0,20
BRDA:118,20,1,6
BRDA:118,20,2,5
BRDA:123,21,0,0
BRDA:126,22,0,28
BRDA:136,23,0,51
BRDA:136,23,1,0
BRF:38
BRH:34
end_of_record
TN:
SF:src/core/util.ts
FN:32,(anonymous_1)
FN:60,(anonymous_2)
FN:65,(anonymous_3)
FN:118,(anonymous_4)
FN:130,(anonymous_5)
FN:148,(anonymous_6)
FN:153,(anonymous_7)
FN:157,(anonymous_8)
FN:168,(anonymous_9)
FN:172,toInstance
FN:182,(anonymous_11)
FN:185,(anonymous_12)
FN:191,(anonymous_13)
FN:194,(anonymous_14)
FN:200,(anonymous_15)
FN:203,(anonymous_16)
FN:209,(anonymous_17)
FN:212,(anonymous_18)
FN:217,(anonymous_19)
FN:218,(anonymous_20)
FN:221,(anonymous_21)
FN:226,(anonymous_22)
FN:229,(anonymous_23)
FN:231,(anonymous_24)
FN:236,(anonymous_25)
FN:237,(anonymous_26)
FN:242,(anonymous_27)
FN:244,(anonymous_28)
FN:246,(anonymous_29)
FN:248,(anonymous_30)
FN:253,(anonymous_31)
FN:256,(anonymous_32)
FN:265,(anonymous_33)
FN:268,(anonymous_34)
FN:272,(anonymous_35)
FN:278,(anonymous_36)
FN:285,(anonymous_37)
FN:293,(anonymous_38)
FN:318,toPlain
FN:328,(anonymous_40)
FN:355,(anonymous_41)
FN:360,(anonymous_42)
FN:363,(anonymous_43)
FNF:43
FNH:40
FNDA:37,(anonymous_1)
FNDA:21462,(anonymous_2)
FNDA:0,(anonymous_3)
FNDA:10162,(anonymous_4)
FNDA:19140,(anonymous_5)
FNDA:6649,(anonymous_6)
FNDA:6648,(anonymous_7)
FNDA:14,(anonymous_8)
FNDA:14,(anonymous_9)
FNDA:196298,toInstance
FNDA:19208,(anonymous_11)
FNDA:33219,(anonymous_12)
FNDA:74,(anonymous_13)
FNDA:29,(anonymous_14)
FNDA:1192,(anonymous_15)
FNDA:1960,(anonymous_16)
FNDA:19964,(anonymous_17)
FNDA:18448,(anonymous_18)
FNDA:30686,(anonymous_19)
FNDA:11205,(anonymous_20)
FNDA:19445,(anonymous_21)
FNDA:31534,(anonymous_22)
FNDA:11859,(anonymous_23)
FNDA:35236,(anonymous_24)
FNDA:6799,(anonymous_25)
FNDA:20156,(anonymous_26)
FNDA:7284,(anonymous_27)
FNDA:0,(anonymous_28)
FNDA:4312,(anonymous_29)
FNDA:0,(anonymous_30)
FNDA:30271,(anonymous_31)
FNDA:17361,(anonymous_32)
FNDA:110942,(anonymous_33)
FNDA:27238,(anonymous_34)
FNDA:40643,(anonymous_35)
FNDA:5124,(anonymous_36)
FNDA:10624,(anonymous_37)
FNDA:6092,(anonymous_38)
FNDA:113500,toPlain
FNDA:5098,(anonymous_40)
FNDA:64278,(anonymous_41)
FNDA:1293,(anonymous_42)
FNDA:5280,(anonymous_43)
DA:1,13
DA:2,13
DA:3,13
DA:4,13
DA:32,13
DA:37,37
DA:38,37
DA:39,37
DA:40,37
DA:41,0
DA:42,0
DA:43,0
DA:44,0
DA:46,37
DA:47,37
DA:48,37
DA:49,37
DA:51,37
DA:60,21462
DA:65,13
DA:66,0
DA:118,13
DA:122,10162
DA:130,13
DA:134,19140
DA:135,9017
DA:137,10123
DA:138,1
DA:140,10122
DA:141,10124
DA:142,10121
DA:145,1
DA:148,13
DA:149,6649
DA:150,6649
DA:153,13
DA:154,6648
DA:157,13
DA:161,14
DA:162,14
DA:168,13
DA:169,14
DA:172,13
DA:177,196298
DA:178,153110
DA:181,13
DA:183,19208
DA:186,33219
DA:190,13
DA:192,74
DA:195,29
DA:199,13
DA:201,1192
DA:204,1960
DA:208,13
DA:210,19964
DA:213,18448
DA:217,30686
DA:219,11205
DA:222,19445
DA:226,13
DA:228,31534
DA:230,11859
DA:231,11859
DA:232,35236
DA:233,35236
DA:237,20156
DA:241,13
DA:243,7284
DA:244,0
DA:247,4312
DA:248,0
DA:252,13
DA:254,30271
DA:257,17361
DA:258,17361
DA:265,13
DA:267,110942
DA:269,27238
DA:270,27238
DA:273,40643
DA:274,15864
DA:278,13
DA:284,5124
DA:286,10624
DA:287,10624
DA:288,0
DA:289,10624
DA:290,10624
DA:291,10624
DA:294,6092
DA:295,6092
DA:296,6092
DA:297,6092
DA:301,13
DA:318,13
DA:323,113500
DA:324,0
DA:325,113500
DA:328,13
DA:329,5098
DA:355,13
DA:356,64278
DA:360,13
DA:363,5280
LF:105
LH:96
BRDA:40,0,0,0
BRDA:40,0,1,37
BRDA:134,1,0,9017
BRDA:137,2,0,1
BRDA:141,3,0,10121
BRDA:177,4,0,43188
BRDA:183,5,0,530
BRDA:183,5,1,18678
BRDA:230,6,0,0
BRDA:243,7,0,7284
BRDA:247,8,0,4312
BRDA:257,9,0,0
BRDA:257,10,0,17361
BRDA:257,10,1,17361
BRDA:269,11,0,0
BRDA:273,12,0,24779
BRDA:287,13,0,0
BRDA:290,14,0,0
BRDA:296,15,0,0
BRDA:323,16,0,0
BRDA:356,17,0,0
BRDA:356,17,1,64278
BRF:22
BRH:13
end_of_record
TN:
SF:src/core/animatable/AnimatableValueTransform.ts
FN:18,(anonymous_0)
FN:21,(anonymous_1)
FN:23,(anonymous_2)
FN:29,(anonymous_3)
FN:31,(anonymous_4)
FN:42,(anonymous_5)
FN:43,(anonymous_6)
FN:45,(anonymous_7)
FN:49,(anonymous_8)
FN:51,(anonymous_9)
FN:57,(anonymous_10)
FN:61,(anonymous_11)
FN:63,(anonymous_12)
FN:67,(anonymous_13)
FN:69,(anonymous_14)
FN:77,(anonymous_15)
FN:81,(anonymous_16)
FN:83,(anonymous_17)
FN:87,(anonymous_18)
FN:89,(anonymous_19)
FN:97,(anonymous_20)
FN:101,(anonymous_21)
FN:103,(anonymous_22)
FN:107,(anonymous_23)
FN:109,(anonymous_24)
FN:117,(anonymous_25)
FN:120,(anonymous_26)
FN:123,(anonymous_27)
FN:132,(anonymous_28)
FN:135,(anonymous_29)
FNF:30
FNH:26
FNDA:8,(anonymous_0)
FNDA:2,(anonymous_1)
FNDA:2,(anonymous_2)
FNDA:6,(anonymous_3)
FNDA:6,(anonymous_4)
FNDA:3080,(anonymous_5)
FNDA:1960,(anonymous_6)
FNDA:0,(anonymous_7)
FNDA:1120,(anonymous_8)
FNDA:0,(anonymous_9)
FNDA:15490,(anonymous_10)
FNDA:9817,(anonymous_11)
FNDA:980,(anonymous_12)
FNDA:5673,(anonymous_13)
FNDA:560,(anonymous_14)
FNDA:25980,(anonymous_15)
FNDA:16478,(anonymous_16)
FNDA:1736,(anonymous_17)
FNDA:9502,(anonymous_18)
FNDA:992,(anonymous_19)
FNDA:3433,(anonymous_20)
FNDA:2184,(anonymous_21)
FNDA:0,(anonymous_22)
FNDA:1249,(anonymous_23)
FNDA:36,(anonymous_24)
FNDA:16,(anonymous_25)
FNDA:2,(anonymous_26)
FNDA:6,(anonymous_27)
FNDA:0,(anonymous_28)
FNDA:36,(anonymous_29)
DA:1,13
DA:16,13
DA:18,13
DA:20,8
DA:22,2
DA:23,1
DA:24,2
DA:27,1
DA:30,6
DA:31,3
DA:32,6
DA:35,3
DA:42,3080
DA:44,1960
DA:45,0
DA:47,1960
DA:50,1120
DA:51,0
DA:53,1120
DA:57,13
DA:60,15490
DA:62,9817
DA:63,980
DA:65,9355
DA:68,5673
DA:69,264
DA:70,560
DA:73,5409
DA:77,13
DA:80,25980
DA:82,16478
DA:83,1736
DA:85,16044
DA:88,9502
DA:89,248
DA:90,992
DA:93,9254
DA:97,13
DA:100,3433
DA:102,2184
DA:103,0
DA:105,2184
DA:108,1249
DA:109,1
DA:110,36
DA:113,1248
DA:117,13
DA:119,16
DA:121,2
DA:124,6
DA:131,13
DA:133,0
DA:136,36
DA:140,13
LF:54
LH:50
BRDA:22,0,0,1
BRDA:30,1,0,3
BRDA:44,2,0,0
BRDA:50,3,0,0
BRDA:62,4,0,462
BRDA:68,5,0,264
BRDA:82,6,0,434
BRDA:82,7,0,16478
BRDA:82,7,1,434
BRDA:88,8,0,248
BRDA:88,9,0,9502
BRDA:88,9,1,248
BRDA:102,10,0,0
BRDA:102,11,0,2184
BRDA:102,11,1,2184
BRDA:108,12,0,1
BRDA:108,13,0,1249
BRDA:108,13,1,1
BRF:18
BRH:15
end_of_record
TN:
SF:src/core/animatable/BezierValues.ts
FN:24,(anonymous_0)
FN:31,(anonymous_1)
FN:41,(anonymous_2)
FN:53,(anonymous_3)
FNF:4
FNH:4
FNDA:2156,(anonymous_0)
FNDA:3642,(anonymous_1)
FNDA:2156,(anonymous_2)
FNDA:3642,(anonymous_3)
DA:1,13
DA:17,13
DA:18,3716
DA:19,3716
DA:25,2156
DA:32,3642
DA:33,3642
DA:34,3642
DA:42,2156
DA:54,3642
DA:55,3642
DA:56,3642
LF:12
LH:12
BRF:0
BRH:0
end_of_record
TN:
SF:src/core/animatable/Path.ts
FN:23,(anonymous_0)
FN:52,(anonymous_1)
FN:57,(anonymous_2)
FN:67,(anonymous_3)
FN:74,(anonymous_4)
FN:84,(anonymous_5)
FN:98,(anonymous_6)
FNF:7
FNH:5
FNDA:5880,(anonymous_0)
FNDA:0,(anonymous_1)
FNDA:0,(anonymous_2)
FNDA:1120,(anonymous_3)
FNDA:1960,(anonymous_4)
FNDA:1120,(anonymous_5)
FNDA:1960,(anonymous_6)
DA:1,13
DA:22,13
DA:29,5880
DA:30,5880
DA:31,0
DA:33,5880
DA:34,0
DA:36,5880
DA:37,0
DA:39,5880
DA:40,0
DA:44,5880
DA:46,5880
DA:48,5880
DA:50,5880
DA:53,0
DA:54,0
DA:58,0
DA:59,0
DA:60,0
DA:61,0
DA:68,1120
DA:75,1960
DA:76,1960
DA:77,1960
DA:85,1120
DA:99,1960
DA:100,1960
DA:101,1960
DA:102,1960
DA:103,1960
LF:31
LH:21
BRDA:30,0,0,0
BRDA:33,1,0,0
BRDA:36,2,0,0
BRDA:39,3,0,0
BRF:4
BRH:0
end_of_record
TN:
SF:src/core/animatable/easing.ts
FN:91,(anonymous_0)
FNF:1
FNH:1
FNDA:37,(anonymous_0)
DA:45,13
DA:91,13
DA:92,37
DA:93,37
DA:94,0
DA:96,37
LF:6
LH:5
BRDA:92,0,0,37
BRDA:92,0,1,0
BRDA:93,1,0,0
BRF:3
BRH:1
end_of_record
TN:
SF:src/core/animatable/stops.ts
FN:3,(anonymous_0)
FN:13,(anonymous_1)
FNF:2
FNH:2
FNDA:9,(anonymous_0)
FNDA:3,(anonymous_1)
DA:1,13
DA:3,13
DA:4,9
DA:5,9
DA:6,9
DA:7,24
DA:8,24
DA:10,9
DA:13,13
DA:14,3
DA:15,3
DA:16,3
DA:17,3
DA:18,8
DA:21,3
DA:22,8
DA:23,8
DA:24,8
DA:25,8
DA:28,3
LF:20
LH:20
BRDA:24,0,0,8
BRDA:24,0,1,0
BRF:2
BRH:1
end_of_record
TN:
SF:src/core/animatable/keyframes/ColorKeyframe.ts
FN:19,(anonymous_0)
FN:24,(anonymous_1)
FN:32,(anonymous_2)
FN:39,(anonymous_3)
FN:49,(anonymous_4)
FN:61,(anonymous_5)
FNF:6
FNH:3
FNDA:37,(anonymous_0)
FNDA:0,(anonymous_1)
FNDA:36,(anonymous_2)
FNDA:0,(anonymous_3)
FNDA:36,(anonymous_4)
FNDA:0,(anonymous_5)
DA:1,13
DA:14,13
DA:20,37
DA:21,37
DA:25,0
DA:26,0
DA:33,36
DA:40,0
DA:41,0
DA:42,0
DA:50,36
DA:62,0
DA:63,0
DA:64,0
LF:14
LH:6
BRF:0
BRH:0
end_of_record
TN:
SF:src/core/animatable/keyframes/GradientKeyframe.ts
FN:21,(anonymous_0)
FN:26,(anonymous_1)
FN:34,(anonymous_2)
FN:41,(anonymous_3)
FN:48,(anonymous_4)
FN:60,(anonymous_5)
FNF:6
FNH:5
FNDA:2,(anonymous_0)
FNDA:0,(anonymous_1)
FNDA:6,(anonymous_2)
FNDA:2,(anonymous_3)
FNDA:6,(anonymous_4)
FNDA:2,(anonymous_5)
DA:1,13
DA:16,13
DA:22,2
DA:23,2
DA:27,0
DA:28,0
DA:35,6
DA:42,2
DA:43,2
DA:44,2
DA:49,6
DA:61,2
DA:62,2
DA:63,2
LF:14
LH:12
BRDA:34,0,0,0
BRDA:41,1,0,0
BRDA:48,2,0,0
BRDA:60,3,0,0
BRF:4
BRH:0
end_of_record
TN:
SF:src/core/animatable/keyframes/Keyframe.ts
FN:15,(anonymous_0)
FN:22,(anonymous_1)
FN:31,(anonymous_2)
FN:36,(anonymous_3)
FN:45,(anonymous_4)
FN:59,(anonymous_5)
FNF:6
FNH:5
FNDA:39,(anonymous_0)
FNDA:0,(anonymous_1)
FNDA:37,(anonymous_2)
FNDA:37,(anonymous_3)
FNDA:1594,(anonymous_4)
FNDA:2718,(anonymous_5)
DA:1,13
DA:12,13
DA:13,2761
DA:16,39
DA:17,39
DA:20,2761
DA:23,0
DA:24,0
DA:32,37
DA:33,37
DA:37,37
DA:38,37
DA:46,1594
DA:60,2718
DA:61,2718
DA:62,2718
DA:63,2718
DA:64,2718
LF:18
LH:16
BRF:0
BRH:0
end_of_record
TN:
SF:src/core/animatable/keyframes/OffsetKeyframe.ts
FN:18,(anonymous_0)
FN:23,(anonymous_1)
FN:31,(anonymous_2)
FN:38,(anonymous_3)
FN:48,(anonymous_4)
FN:62,(anonymous_5)
FNF:6
FNH:4
FNDA:0,(anonymous_0)
FNDA:0,(anonymous_1)
FNDA:1552,(anonymous_2)
FNDA:2716,(anonymous_3)
FNDA:1552,(anonymous_4)
FNDA:2716,(anonymous_5)
DA:1,13
DA:9,13
DA:10,2719
DA:19,0
DA:20,0
DA:24,0
DA:25,0
DA:32,1552
DA:39,2716
DA:40,2716
DA:41,2716
DA:49,1552
DA:63,2716
DA:64,2716
DA:65,2716
DA:66,2716
DA:67,2716
LF:17
LH:13
BRF:0
BRH:0
end_of_record
TN:
SF:src/core/animatable/keyframes/PathKeyframe.ts
FN:18,(anonymous_0)
FN:23,(anonymous_1)
FN:31,(anonymous_2)
FN:38,(anonymous_3)
FN:48,(anonymous_4)
FN:60,(anonymous_5)
FNF:6
FNH:0
FNDA:0,(anonymous_0)
FNDA:0,(anonymous_1)
FNDA:0,(anonymous_2)
FNDA:0,(anonymous_3)
FNDA:0,(anonymous_4)
FNDA:0,(anonymous_5)
DA:1,13
DA:13,13
DA:14,1
DA:19,0
DA:20,0
DA:24,0
DA:25,0
DA:32,0
DA:39,0
DA:40,0
DA:41,0
DA:49,0
DA:61,0
DA:62,0
DA:63,0
LF:15
LH:3
BRF:0
BRH:0
end_of_record
TN:
SF:src/core/animatable/values/Animatable1DValue.ts
FN:20,(anonymous_0)
FN:24,(anonymous_1)
FN:35,(anonymous_2)
FN:43,(anonymous_3)
FN:50,(anonymous_4)
FN:59,(anonymous_5)
FN:66,(anonymous_6)
FN:76,(anonymous_7)
FN:87,(anonymous_8)
FNF:9
FNH:6
FNDA:0,(anonymous_0)
FNDA:0,(anonymous_1)
FNDA:0,(anonymous_2)
FNDA:33362,(anonymous_3)
FNDA:6802,(anonymous_4)
FNDA:9502,(anonymous_5)
FNDA:16478,(anonymous_6)
FNDA:9502,(anonymous_7)
FNDA:16478,(anonymous_8)
DA:1,13
DA:17,13
DA:18,33362
DA:21,0
DA:25,0
DA:26,0
DA:28,0
DA:31,0
DA:32,0
DA:36,0
DA:37,0
DA:40,0
DA:44,33362
DA:45,33362
DA:51,6802
DA:52,6802
DA:53,6802
DA:60,9502
DA:67,16478
DA:68,16478
DA:69,16478
DA:77,9502
DA:88,16478
DA:89,16478
LF:24
LH:15
BRDA:25,0,0,0
BRDA:25,1,0,0
BRDA:25,1,1,0
BRDA:45,2,0,6802
BRF:4
BRH:1
end_of_record
TN:
SF:src/core/animatable/values/Animatable2DValue.ts
FN:26,(anonymous_0)
FN:30,(anonymous_1)
FN:40,(anonymous_2)
FN:48,(anonymous_3)
FN:55,(anonymous_4)
FN:64,(anonymous_5)
FN:70,(anonymous_6)
FN:80,(anonymous_7)
FN:91,(anonymous_8)
FNF:9
FNH:6
FNDA:0,(anonymous_0)
FNDA:0,(anonymous_1)
FNDA:0,(anonymous_2)
FNDA:19931,(anonymous_3)
FNDA:10114,(anonymous_4)
FNDA:3786,(anonymous_5)
FNDA:6546,(anonymous_6)
FNDA:5673,(anonymous_7)
FNDA:9817,(anonymous_8)
DA:1,13
DA:20,13
DA:24,19931
DA:27,0
DA:31,0
DA:32,0
DA:34,0
DA:37,0
DA:38,0
DA:41,0
DA:42,0
DA:45,0
DA:49,19931
DA:50,19931
DA:56,10114
DA:57,10114
DA:58,10114
DA:65,3786
DA:71,6546
DA:72,6546
DA:73,6546
DA:81,5673
DA:92,9817
DA:93,9817
LF:24
LH:15
BRDA:31,0,0,0
BRDA:31,1,0,0
BRDA:31,1,1,0
BRDA:50,2,0,10114
BRF:4
BRH:1
end_of_record
TN:
SF:src/core/animatable/values/AnimatableColor.ts
FN:22,(anonymous_0)
FN:33,(anonymous_1)
FN:45,(anonymous_2)
FN:50,(anonymous_3)
FN:56,(anonymous_4)
FN:63,(anonymous_5)
FN:70,(anonymous_6)
FN:80,(anonymous_7)
FN:91,(anonymous_8)
FNF:9
FNH:9
FNDA:1,(anonymous_0)
FNDA:36,(anonymous_1)
FNDA:4398,(anonymous_2)
FNDA:2214,(anonymous_3)
FNDA:1,(anonymous_4)
FNDA:1248,(anonymous_5)
FNDA:2184,(anonymous_6)
FNDA:1249,(anonymous_7)
FNDA:2184,(anonymous_8)
DA:1,13
DA:19,13
DA:20,4398
DA:23,1
DA:24,0
DA:26,1
DA:29,1
DA:30,1
DA:34,36
DA:35,36
DA:42,36
DA:46,4398
DA:47,4398
DA:51,2214
DA:52,2214
DA:53,2214
DA:57,1
DA:64,1248
DA:71,2184
DA:72,2184
DA:73,2184
DA:81,1249
DA:92,2184
DA:93,2184
LF:24
LH:23
BRDA:23,0,0,0
BRDA:23,1,0,1
BRDA:23,1,1,1
BRDA:39,2,0,36
BRDA:39,2,1,0
BRDA:47,3,0,2214
BRDA:51,4,0,1
BRDA:51,4,1,2213
BRF:8
BRH:6
end_of_record
TN:
SF:src/core/animatable/values/AnimatableGradient.ts
FN:29,(anonymous_0)
FN:40,(anonymous_1)
FN:48,(anonymous_2)
FN:53,(anonymous_3)
FN:69,(anonymous_4)
FN:76,(anonymous_5)
FN:83,(anonymous_6)
FN:93,(anonymous_7)
FN:107,(anonymous_8)
FNF:9
FNH:8
FNDA:1,(anonymous_0)
FNDA:1,(anonymous_1)
FNDA:7,(anonymous_2)
FNDA:5,(anonymous_3)
FNDA:0,(anonymous_4)
FNDA:6,(anonymous_5)
FNDA:2,(anonymous_6)
FNDA:6,(anonymous_7)
FNDA:2,(anonymous_8)
DA:1,13
DA:21,13
DA:25,7
DA:27,7
DA:30,1
DA:31,0
DA:33,1
DA:36,1
DA:37,1
DA:41,1
DA:42,1
DA:45,1
DA:49,7
DA:50,7
DA:54,5
DA:55,5
DA:56,5
DA:57,5
DA:58,5
DA:59,0
DA:60,0
DA:61,0
DA:62,0
DA:66,5
DA:70,0
DA:77,6
DA:84,2
DA:85,2
DA:86,2
DA:94,6
DA:108,2
DA:109,2
DA:110,2
DA:111,2
LF:34
LH:28
BRDA:30,0,0,0
BRDA:30,1,0,1
BRDA:30,1,1,1
BRDA:50,2,0,5
BRDA:56,3,0,5
BRDA:57,4,0,5
BRDA:57,4,1,0
BRDA:59,5,0,0
BRDA:60,6,0,0
BRDA:60,6,1,0
BRDA:61,7,0,0
BRF:11
BRH:5
end_of_record
TN:
SF:src/core/animatable/values/AnimatablePath.ts
FN:22,(anonymous_0)
FN:29,(anonymous_1)
FN:33,(anonymous_2)
FN:38,(anonymous_3)
FN:46,(anonymous_4)
FN:60,(anonymous_5)
FN:67,(anonymous_6)
FN:77,(anonymous_7)
FN:88,(anonymous_8)
FNF:9
FNH:5
FNDA:3920,(anonymous_0)
FNDA:0,(anonymous_1)
FNDA:0,(anonymous_2)
FNDA:0,(anonymous_3)
FNDA:0,(anonymous_4)
FNDA:1120,(anonymous_5)
FNDA:1960,(anonymous_6)
FNDA:1120,(anonymous_7)
FNDA:1960,(anonymous_8)
DA:1,13
DA:21,13
DA:23,3920
DA:24,3920
DA:27,3920
DA:30,0
DA:34,0
DA:35,0
DA:39,0
DA:40,0
DA:43,0
DA:47,0
DA:48,0
DA:50,0
DA:53,0
DA:54,0
DA:61,1120
DA:68,1960
DA:69,1960
DA:70,1960
DA:78,1120
DA:89,1960
DA:90,1960
LF:23
LH:12
BRDA:24,0,0,0
BRDA:47,1,0,0
BRDA:47,2,0,0
BRDA:47,2,1,0
BRF:4
BRH:0
end_of_record
TN:
SF:src/core/animatable/values/AnimatablePosition.ts
FN:25,(anonymous_0)
FN:32,(anonymous_1)
FN:42,(anonymous_2)
FN:49,(anonymous_3)
FN:59,(anonymous_4)
FN:75,(anonymous_5)
FNF:6
FNH:4
FNDA:0,(anonymous_0)
FNDA:0,(anonymous_1)
FNDA:1887,(anonymous_2)
FNDA:3271,(anonymous_3)
FNDA:1887,(anonymous_4)
FNDA:3271,(anonymous_5)
DA:1,13
DA:18,13
DA:26,0
DA:27,0
DA:28,0
DA:33,0
DA:34,0
DA:35,0
DA:43,1887
DA:50,3271
DA:51,3271
DA:52,3271
DA:60,1887
DA:61,1887
DA:76,3271
DA:77,3271
DA:78,3271
DA:79,3271
LF:18
LH:12
BRDA:27,0,0,0
BRDA:34,1,0,0
BRDA:66,2,0,0
BRDA:66,2,1,1887
BRDA:67,3,0,0
BRDA:67,3,1,1887
BRF:6
BRH:2
end_of_record
TN:
SF:src/core/animatable/values/AnimatableValue.ts
FN:32,(anonymous_0)
FN:55,(anonymous_1)
FN:82,(anonymous_2)
FN:94,(anonymous_3)
FN:105,(anonymous_4)
FNF:5
FNH:4
FNDA:19135,(anonymous_0)
FNDA:37,(anonymous_1)
FNDA:0,(anonymous_2)
FNDA:17550,(anonymous_3)
FNDA:30441,(anonymous_4)
DA:1,13
DA:21,13
DA:30,61618
DA:33,19135
DA:63,37
DA:64,37
DA:65,2
DA:67,37
DA:68,37
DA:69,37
DA:70,37
DA:71,37
DA:73,1
DA:83,0
DA:84,0
DA:85,0
DA:87,0
DA:95,17550
DA:106,30441
DA:107,30441
LF:20
LH:16
BRDA:58,0,0,0
BRDA:64,1,0,2
BRDA:71,2,0,1
BRDA:83,3,0,0
BRF:4
BRH:2
end_of_record
TN:
SF:src/core/animatable/values/RgbaStopValue.ts
FN:9,(anonymous_0)
FN:14,(anonymous_1)
FNF:2
FNH:2
FNDA:22,(anonymous_0)
FNDA:48,(anonymous_1)
DA:1,13
DA:6,13
DA:10,22
DA:11,22
DA:15,48
LF:5
LH:5
BRF:0
BRH:0
end_of_record
TN:
SF:src/core/animatable/values/RgbaValue.ts
FN:9,(anonymous_1)
FN:13,(anonymous_2)
FN:17,(anonymous_3)
FN:21,(anonymous_4)
FN:30,(anonymous_5)
FNF:5
FNH:5
FNDA:8856,(anonymous_1)
FNDA:25,(anonymous_2)
FNDA:25,(anonymous_3)
FNDA:3,(anonymous_4)
FNDA:1284,(anonymous_5)
DA:1,13
DA:6,13
DA:10,8856
DA:14,25
DA:18,25
DA:22,3
DA:31,1284
LF:7
LH:7
BRDA:10,0,0,8856
BRDA:10,0,1,0
BRDA:10,1,0,8856
BRDA:10,1,1,0
BRDA:10,2,0,8856
BRDA:10,2,1,0
BRDA:10,3,0,8856
BRDA:10,3,1,0
BRF:8
BRH:4
end_of_record
TN:
SF:src/core/errors/AnimationError.ts
FN:9,(anonymous_0)
FNF:1
FNH:0
FNDA:0,(anonymous_0)
DA:8,13
DA:10,0
DA:11,0
DA:13,0
LF:4
LH:1
BRF:0
BRH:0
end_of_record
TN:
SF:src/core/errors/CastError.ts
FN:9,(anonymous_0)
FNF:1
FNH:1
FNDA:2,(anonymous_0)
DA:8,13
DA:10,2
DA:11,2
DA:13,2
LF:4
LH:4
BRF:0
BRH:0
end_of_record
TN:
SF:src/core/errors/SerializationError.ts
FN:7,(anonymous_0)
FNF:1
FNH:0
FNDA:0,(anonymous_0)
DA:6,13
DA:8,0
DA:9,0
DA:11,0
LF:4
LH:1
BRF:0
BRH:0
end_of_record
TN:
SF:src/core/layers/CompLayer.ts
FN:23,(anonymous_1)
FN:33,(anonymous_2)
FN:41,(anonymous_3)
FN:48,(anonymous_4)
FN:58,(anonymous_5)
FN:70,(anonymous_6)
FNF:6
FNH:0
FNDA:0,(anonymous_1)
FNDA:0,(anonymous_2)
FNDA:0,(anonymous_3)
FNDA:0,(anonymous_4)
FNDA:0,(anonymous_5)
FNDA:0,(anonymous_6)
DA:1,13
DA:2,13
DA:22,13
DA:24,0
DA:25,0
DA:26,0
DA:34,0
DA:35,0
DA:42,0
DA:49,0
DA:50,0
DA:51,0
DA:59,0
DA:71,0
DA:72,0
DA:73,0
LF:16
LH:3
BRDA:26,0,0,0
BRF:1
BRH:0
end_of_record
TN:
SF:src/core/layers/Dimensions.ts
FN:12,(anonymous_0)
FN:17,(anonymous_1)
FN:22,(anonymous_2)
FN:31,(anonymous_3)
FN:41,(anonymous_4)
FNF:5
FNH:2
FNDA:0,(anonymous_0)
FNDA:0,(anonymous_1)
FNDA:0,(anonymous_2)
FNDA:14,(anonymous_3)
FNDA:12,(anonymous_4)
DA:1,13
DA:8,13
DA:9,26
DA:10,26
DA:13,0
DA:14,0
DA:18,0
DA:19,0
DA:23,0
DA:24,0
DA:25,0
DA:32,14
DA:42,12
DA:43,12
LF:14
LH:7
BRF:0
BRH:0
end_of_record
TN:
SF:src/core/layers/ImageLayer.ts
FN:14,(anonymous_0)
FN:21,(anonymous_1)
FNF:2
FNH:0
FNDA:0,(anonymous_0)
FNDA:0,(anonymous_1)
DA:1,13
DA:8,13
DA:15,0
DA:22,0
DA:23,0
DA:24,0
LF:6
LH:2
BRF:0
BRH:0
end_of_record
TN:
SF:src/core/layers/Layer.ts
FN:33,(anonymous_0)
FN:54,(anonymous_1)
FN:61,(anonymous_2)
FN:70,(anonymous_3)
FN:77,(anonymous_4)
FN:84,(anonymous_5)
FN:91,(anonymous_6)
FN:112,(anonymous_7)
FN:121,(anonymous_8)
FN:126,(anonymous_9)
FN:133,(anonymous_10)
FN:143,(anonymous_11)
FN:170,(anonymous_12)
FNF:13
FNH:4
FNDA:0,(anonymous_0)
FNDA:6,(anonymous_1)
FNDA:8,(anonymous_2)
FNDA:0,(anonymous_3)
FNDA:0,(anonymous_4)
FNDA:0,(anonymous_5)
FNDA:0,(anonymous_6)
FNDA:0,(anonymous_7)
FNDA:0,(anonymous_8)
FNDA:0,(anonymous_9)
FNDA:0,(anonymous_10)
FNDA:36,(anonymous_11)
FNDA:36,(anonymous_12)
DA:1,13
DA:29,13
DA:39,0
DA:52,60
DA:55,6
DA:56,6
DA:59,60
DA:62,8
DA:63,8
DA:66,60
DA:68,60
DA:71,0
DA:72,0
DA:75,60
DA:78,0
DA:79,0
DA:82,60
DA:85,0
DA:86,0
DA:92,0
DA:93,0
DA:96,60
DA:100,60
DA:102,60
DA:113,0
DA:114,0
DA:116,0
DA:117,0
DA:118,0
DA:122,0
DA:123,0
DA:130,0
DA:131,0
DA:132,0
DA:133,0
DA:134,0
DA:136,0
DA:144,36
DA:171,36
DA:172,36
DA:173,36
DA:174,36
DA:175,36
DA:176,36
DA:177,36
DA:178,36
DA:179,36
DA:180,36
DA:181,36
DA:182,36
DA:183,36
DA:184,36
DA:185,36
DA:186,36
DA:187,36
DA:188,36
LF:56
LH:34
BRDA:113,0,0,0
BRDA:128,1,0,0
BRDA:128,2,0,0
BRDA:130,3,0,0
BRDA:134,4,0,0
BRF:5
BRH:0
end_of_record
TN:
SF:src/core/layers/LayersMixin.ts
FN:20,(anonymous_0)
FN:37,(anonymous_1)
FN:42,(anonymous_2)
FN:47,(anonymous_3)
FN:57,(anonymous_4)
FN:63,(anonymous_5)
FN:72,(anonymous_6)
FN:81,(anonymous_7)
FNF:8
FNH:6
FNDA:26,(anonymous_0)
FNDA:0,(anonymous_1)
FNDA:6,(anonymous_2)
FNDA:18,(anonymous_3)
FNDA:1,(anonymous_4)
FNDA:0,(anonymous_5)
FNDA:14,(anonymous_6)
FNDA:12,(anonymous_7)
DA:1,13
DA:20,13
DA:21,26
DA:34,13
DA:35,26
DA:38,0
DA:39,0
DA:43,6
DA:44,6
DA:48,18
DA:49,18
DA:61,1
DA:62,1
DA:63,1
DA:64,1
DA:66,1
DA:73,14
DA:82,12
LF:18
LH:16
BRDA:59,0,0,0
BRDA:59,1,0,0
BRDA:64,2,0,0
BRF:3
BRH:0
end_of_record
TN:
SF:src/core/layers/NullLayer.ts
FN:12,(anonymous_0)
FN:20,(anonymous_1)
FN:27,(anonymous_2)
FNF:3
FNH:3
FNDA:4,(anonymous_0)
FNDA:6,(anonymous_1)
FNDA:2,(anonymous_2)
DA:1,13
DA:11,13
DA:13,4
DA:14,4
DA:21,6
DA:28,2
DA:29,2
DA:30,2
LF:8
LH:8
BRF:0
BRH:0
end_of_record
TN:
SF:src/core/layers/PreComp.ts
FN:23,(anonymous_1)
FN:28,(anonymous_2)
FN:31,(anonymous_3)
FN:39,(anonymous_4)
FN:53,(anonymous_5)
FN:64,(anonymous_6)
FN:73,(anonymous_7)
FN:80,(anonymous_8)
FNF:8
FNH:0
FNDA:0,(anonymous_1)
FNDA:0,(anonymous_2)
FNDA:0,(anonymous_3)
FNDA:0,(anonymous_4)
FNDA:0,(anonymous_5)
FNDA:0,(anonymous_6)
FNDA:0,(anonymous_7)
FNDA:0,(anonymous_8)
DA:1,13
DA:2,13
DA:20,13
DA:21,0
DA:27,0
DA:28,0
DA:29,0
DA:32,0
DA:33,0
DA:38,0
DA:40,0
DA:41,0
DA:43,0
DA:47,0
DA:54,0
DA:65,0
DA:66,0
DA:67,0
DA:74,0
DA:81,0
DA:82,0
DA:83,0
LF:22
LH:3
BRDA:25,0,0,0
BRDA:25,1,0,0
BRDA:40,2,0,0
BRDA:43,3,0,0
BRF:4
BRH:0
end_of_record
TN:
SF:src/core/layers/ShapeLayer.ts
FN:24,(anonymous_1)
FN:37,(anonymous_2)
FN:51,(anonymous_3)
FN:59,(anonymous_4)
FN:66,(anonymous_5)
FN:76,(anonymous_6)
FN:87,(anonymous_7)
FNF:7
FNH:7
FNDA:15,(anonymous_1)
FNDA:20,(anonymous_2)
FNDA:52,(anonymous_3)
FNDA:24,(anonymous_4)
FNDA:32,(anonymous_5)
FNDA:24,(anonymous_6)
FNDA:32,(anonymous_7)
DA:1,13
DA:2,13
DA:20,13
DA:30,15
DA:31,15
DA:32,15
DA:38,20
DA:39,45
DA:41,20
DA:42,0
DA:43,0
DA:52,52
DA:53,52
DA:60,24
DA:67,32
DA:68,32
DA:69,32
DA:77,24
DA:88,32
DA:89,32
LF:20
LH:18
BRDA:41,0,0,0
BRF:1
BRH:0
end_of_record
TN:
SF:src/core/layers/SolidLayer.ts
FN:12,(anonymous_0)
FN:20,(anonymous_1)
FN:27,(anonymous_2)
FNF:3
FNH:3
FNDA:4,(anonymous_0)
FNDA:6,(anonymous_1)
FNDA:2,(anonymous_2)
DA:1,13
DA:11,13
DA:13,4
DA:14,4
DA:21,6
DA:28,2
DA:29,2
DA:30,2
LF:8
LH:8
BRF:0
BRH:0
end_of_record
TN:
SF:src/core/layers/TextLayer.ts
FN:12,(anonymous_0)
FN:20,(anonymous_1)
FN:27,(anonymous_2)
FNF:3
FNH:0
FNDA:0,(anonymous_0)
FNDA:0,(anonymous_1)
FNDA:0,(anonymous_2)
DA:1,13
DA:11,13
DA:13,0
DA:14,0
DA:21,0
DA:28,0
DA:29,0
DA:30,0
LF:8
LH:2
BRF:0
BRH:0
end_of_record
TN:
SF:src/core/shapes/EllipseShape.ts
FN:21,(anonymous_0)
FN:35,(anonymous_1)
FN:40,(anonymous_2)
FN:48,(anonymous_3)
FN:55,(anonymous_4)
FN:65,(anonymous_5)
FN:78,(anonymous_6)
FNF:7
FNH:1
FNDA:5,(anonymous_0)
FNDA:0,(anonymous_1)
FNDA:0,(anonymous_2)
FNDA:0,(anonymous_3)
FNDA:0,(anonymous_4)
FNDA:0,(anonymous_5)
FNDA:0,(anonymous_6)
DA:1,13
DA:20,13
DA:22,5
DA:23,5
DA:26,5
DA:28,5
DA:36,0
DA:37,0
DA:41,0
DA:42,0
DA:49,0
DA:56,0
DA:57,0
DA:58,0
DA:66,0
DA:79,0
DA:80,0
DA:81,0
DA:82,0
LF:19
LH:6
BRF:0
BRH:0
end_of_record
TN:
SF:src/core/shapes/FillShape.ts
FN:24,(anonymous_0)
FN:37,(anonymous_1)
FN:42,(anonymous_2)
FN:50,(anonymous_3)
FN:57,(anonymous_4)
FN:67,(anonymous_5)
FN:81,(anonymous_6)
FNF:7
FNH:5
FNDA:992,(anonymous_0)
FNDA:0,(anonymous_1)
FNDA:0,(anonymous_2)
FNDA:560,(anonymous_3)
FNDA:980,(anonymous_4)
FNDA:560,(anonymous_5)
FNDA:980,(anonymous_6)
DA:1,13
DA:23,13
DA:25,992
DA:26,992
DA:29,992
DA:31,992
DA:33,992
DA:35,992
DA:38,0
DA:39,0
DA:43,0
DA:44,0
DA:51,560
DA:58,980
DA:59,980
DA:60,980
DA:68,560
DA:82,980
DA:83,980
DA:84,980
DA:85,980
DA:86,980
LF:22
LH:18
BRF:0
BRH:0
end_of_record
TN:
SF:src/core/shapes/GradientFillShape.ts
FN:27,(anonymous_1)
FN:34,(anonymous_2)
FN:46,(anonymous_3)
FN:53,(anonymous_4)
FN:63,(anonymous_5)
FN:77,(anonymous_6)
FNF:6
FNH:5
FNDA:4,(anonymous_1)
FNDA:0,(anonymous_2)
FNDA:2,(anonymous_3)
FNDA:2,(anonymous_4)
FNDA:6,(anonymous_5)
FNDA:2,(anonymous_6)
DA:1,13
DA:2,13
DA:26,13
DA:28,4
DA:29,4
DA:32,4
DA:35,0
DA:36,0
DA:39,4
DA:41,4
DA:47,2
DA:54,2
DA:55,2
DA:56,2
DA:64,6
DA:78,2
DA:79,2
DA:80,2
DA:81,2
DA:82,2
LF:20
LH:18
BRF:0
BRH:0
end_of_record
TN:
SF:src/core/shapes/GradientMixin.ts
FN:15,(anonymous_0)
FN:22,(anonymous_1)
FN:29,(anonymous_2)
FN:36,(anonymous_3)
FN:43,(anonymous_4)
FN:53,(anonymous_5)
FN:62,(anonymous_6)
FN:77,(anonymous_7)
FNF:8
FNH:3
FNDA:0,(anonymous_0)
FNDA:0,(anonymous_1)
FNDA:0,(anonymous_2)
FNDA:0,(anonymous_3)
FNDA:0,(anonymous_4)
FNDA:1,(anonymous_5)
FNDA:6,(anonymous_6)
FNDA:2,(anonymous_7)
DA:1,13
DA:12,13
DA:13,4
DA:16,0
DA:17,0
DA:20,4
DA:23,0
DA:24,0
DA:27,4
DA:30,0
DA:31,0
DA:34,4
DA:37,0
DA:38,0
DA:41,4
DA:44,0
DA:45,0
DA:48,4
DA:54,1
DA:55,1
DA:63,6
DA:78,2
DA:79,2
DA:80,2
DA:81,2
DA:82,2
DA:83,2
LF:27
LH:17
BRF:0
BRH:0
end_of_record
TN:
SF:src/core/shapes/GradientStrokeShape.ts
FN:24,(anonymous_1)
FN:33,(anonymous_2)
FN:45,(anonymous_3)
FN:54,(anonymous_4)
FN:61,(anonymous_5)
FNF:5
FNH:0
FNDA:0,(anonymous_1)
FNDA:0,(anonymous_2)
FNDA:0,(anonymous_3)
FNDA:0,(anonymous_4)
FNDA:0,(anonymous_5)
DA:1,13
DA:2,13
DA:23,13
DA:25,0
DA:26,0
DA:34,0
DA:46,0
DA:47,0
DA:48,0
DA:55,0
DA:62,0
DA:63,0
DA:64,0
LF:13
LH:3
BRF:0
BRH:0
end_of_record
TN:
SF:src/core/shapes/GroupShape.ts
FN:31,(anonymous_1)
FN:43,(anonymous_2)
FN:52,(anonymous_3)
FN:62,(anonymous_4)
FN:69,(anonymous_5)
FN:79,(anonymous_6)
FN:91,(anonymous_7)
FNF:7
FNH:7
FNDA:27,(anonymous_1)
FNDA:28,(anonymous_2)
FNDA:3215,(anonymous_3)
FNDA:1835,(anonymous_4)
FNDA:3207,(anonymous_5)
FNDA:1835,(anonymous_6)
FNDA:3207,(anonymous_7)
DA:1,13
DA:2,13
DA:27,13
DA:37,27
DA:38,27
DA:44,28
DA:45,84
DA:53,3215
DA:54,3215
DA:57,3215
DA:63,1835
DA:70,3207
DA:71,3207
DA:72,3207
DA:80,1835
DA:92,3207
DA:93,3207
DA:94,3207
LF:18
LH:18
BRF:0
BRH:0
end_of_record
TN:
SF:src/core/shapes/MergeShape.ts
FN:20,(anonymous_0)
FN:30,(anonymous_1)
FN:37,(anonymous_2)
FN:47,(anonymous_3)
FN:58,(anonymous_4)
FNF:5
FNH:0
FNDA:0,(anonymous_0)
FNDA:0,(anonymous_1)
FNDA:0,(anonymous_2)
FNDA:0,(anonymous_3)
FNDA:0,(anonymous_4)
DA:1,13
DA:19,13
DA:21,0
DA:22,0
DA:31,0
DA:38,0
DA:39,0
DA:40,0
DA:48,0
DA:59,0
DA:60,0
LF:11
LH:2
BRF:0
BRH:0
end_of_record
TN:
SF:src/core/shapes/PathShape.ts
FN:21,(anonymous_0)
FN:30,(anonymous_1)
FN:35,(anonymous_2)
FN:42,(anonymous_3)
FN:49,(anonymous_4)
FN:59,(anonymous_5)
FN:71,(anonymous_6)
FNF:7
FNH:5
FNDA:1960,(anonymous_0)
FNDA:0,(anonymous_1)
FNDA:0,(anonymous_2)
FNDA:1120,(anonymous_3)
FNDA:1960,(anonymous_4)
FNDA:1120,(anonymous_5)
FNDA:1960,(anonymous_6)
DA:1,13
DA:20,13
DA:22,1960
DA:23,1960
DA:28,1960
DA:31,0
DA:32,0
DA:36,0
DA:43,1120
DA:50,1960
DA:51,1960
DA:52,1960
DA:60,1120
DA:72,1960
DA:73,1960
DA:74,1960
LF:16
LH:13
BRF:0
BRH:0
end_of_record
TN:
SF:src/core/shapes/RectShape.ts
FN:22,(anonymous_0)
FN:33,(anonymous_1)
FN:38,(anonymous_2)
FN:43,(anonymous_3)
FN:50,(anonymous_4)
FN:58,(anonymous_5)
FN:65,(anonymous_6)
FN:75,(anonymous_7)
FN:89,(anonymous_8)
FNF:9
FNH:1
FNDA:14,(anonymous_0)
FNDA:0,(anonymous_1)
FNDA:0,(anonymous_2)
FNDA:0,(anonymous_3)
FNDA:0,(anonymous_4)
FNDA:0,(anonymous_5)
FNDA:0,(anonymous_6)
FNDA:0,(anonymous_7)
FNDA:0,(anonymous_8)
DA:1,13
DA:21,13
DA:23,14
DA:24,14
DA:27,14
DA:29,14
DA:31,14
DA:34,0
DA:35,0
DA:39,0
DA:40,0
DA:44,0
DA:45,0
DA:48,14
DA:51,0
DA:52,0
DA:59,0
DA:66,0
DA:67,0
DA:68,0
DA:76,0
DA:90,0
DA:91,0
DA:92,0
DA:93,0
DA:94,0
LF:26
LH:8
BRF:0
BRH:0
end_of_record
TN:
SF:src/core/shapes/RepeaterShape.ts
FN:13,(anonymous_0)
FN:21,(anonymous_1)
FN:28,(anonymous_2)
FNF:3
FNH:0
FNDA:0,(anonymous_0)
FNDA:0,(anonymous_1)
FNDA:0,(anonymous_2)
DA:1,13
DA:12,13
DA:14,0
DA:15,0
DA:22,0
DA:29,0
DA:30,0
DA:31,0
LF:8
LH:2
BRF:0
BRH:0
end_of_record
TN:
SF:src/core/shapes/RoundedCornersShape.ts
FN:18,(anonymous_0)
FN:25,(anonymous_1)
FN:33,(anonymous_2)
FN:40,(anonymous_3)
FN:50,(anonymous_4)
FN:61,(anonymous_5)
FNF:6
FNH:0
FNDA:0,(anonymous_0)
FNDA:0,(anonymous_1)
FNDA:0,(anonymous_2)
FNDA:0,(anonymous_3)
FNDA:0,(anonymous_4)
FNDA:0,(anonymous_5)
DA:1,13
DA:17,13
DA:19,0
DA:20,0
DA:23,0
DA:26,0
DA:27,0
DA:34,0
DA:41,0
DA:42,0
DA:43,0
DA:51,0
DA:62,0
DA:63,0
LF:14
LH:2
BRF:0
BRH:0
end_of_record
TN:
SF:src/core/shapes/Shape.ts
FN:27,(anonymous_0)
FN:48,(anonymous_1)
FN:55,(anonymous_2)
FN:60,(anonymous_3)
FN:69,(anonymous_4)
FN:83,(anonymous_5)
FNF:6
FNH:5
FNDA:102,(anonymous_0)
FNDA:0,(anonymous_1)
FNDA:20,(anonymous_2)
FNDA:2,(anonymous_3)
FNDA:6060,(anonymous_4)
FNDA:10588,(anonymous_5)
DA:2,13
DA:23,13
DA:33,102
DA:44,10671
DA:49,0
DA:50,0
DA:53,10671
DA:56,20
DA:57,20
DA:61,2
DA:62,2
DA:70,6060
DA:84,10588
DA:85,10588
DA:86,10588
DA:87,10588
DA:88,10588
LF:17
LH:15
BRF:0
BRH:0
end_of_record
TN:
SF:src/core/shapes/ShapesMixin.ts
FN:16,(anonymous_0)
FN:21,(anonymous_1)
FN:26,(anonymous_2)
FN:31,(anonymous_3)
FN:37,(anonymous_4)
FN:43,(anonymous_5)
FN:48,(anonymous_6)
FN:51,(anonymous_7)
FN:59,(anonymous_8)
FN:60,(anonymous_9)
FN:76,(anonymous_10)
FN:86,(anonymous_11)
FNF:12
FNH:8
FNDA:0,(anonymous_0)
FNDA:44,(anonymous_1)
FNDA:32,(anonymous_2)
FNDA:2,(anonymous_3)
FNDA:0,(anonymous_4)
FNDA:2,(anonymous_5)
FNDA:8,(anonymous_6)
FNDA:0,(anonymous_7)
FNDA:5,(anonymous_8)
FNDA:0,(anonymous_9)
FNDA:1859,(anonymous_10)
FNDA:3239,(anonymous_11)
DA:1,13
DA:13,13
DA:14,3267
DA:17,0
DA:18,0
DA:22,44
DA:23,44
DA:27,32
DA:28,32
DA:35,2
DA:36,2
DA:37,5
DA:38,5
DA:40,2
DA:47,2
DA:48,2
DA:49,8
DA:52,0
DA:53,0
DA:58,2
DA:60,5
DA:61,5
DA:62,5
DA:63,1
DA:65,5
DA:69,2
DA:77,1859
DA:87,3239
LF:28
LH:24
BRDA:33,0,0,0
BRDA:33,1,0,0
BRDA:38,2,0,0
BRDA:45,3,0,0
BRDA:45,4,0,0
BRDA:61,5,0,0
BRDA:62,6,0,1
BRDA:65,7,0,0
BRF:8
BRH:1
end_of_record
TN:
SF:src/core/shapes/StarShape.ts
FN:22,(anonymous_0)
FN:31,(anonymous_1)
FN:40,(anonymous_2)
FN:47,(anonymous_3)
FN:54,(anonymous_4)
FN:61,(anonymous_5)
FN:68,(anonymous_6)
FN:78,(anonymous_7)
FN:86,(anonymous_8)
FN:93,(anonymous_9)
FN:103,(anonymous_10)
FN:122,(anonymous_11)
FNF:12
FNH:0
FNDA:0,(anonymous_0)
FNDA:0,(anonymous_1)
FNDA:0,(anonymous_2)
FNDA:0,(anonymous_3)
FNDA:0,(anonymous_4)
FNDA:0,(anonymous_5)
FNDA:0,(anonymous_6)
FNDA:0,(anonymous_7)
FNDA:0,(anonymous_8)
FNDA:0,(anonymous_9)
FNDA:0,(anonymous_10)
FNDA:0,(anonymous_11)
DA:1,13
DA:21,13
DA:23,0
DA:24,0
DA:27,0
DA:29,0
DA:32,0
DA:33,0
DA:36,0
DA:38,0
DA:41,0
DA:42,0
DA:45,0
DA:48,0
DA:49,0
DA:52,0
DA:55,0
DA:56,0
DA:59,0
DA:62,0
DA:63,0
DA:66,0
DA:69,0
DA:70,0
DA:76,0
DA:79,0
DA:80,0
DA:87,0
DA:94,0
DA:95,0
DA:96,0
DA:104,0
DA:123,0
DA:124,0
DA:125,0
DA:126,0
DA:127,0
DA:128,0
DA:129,0
DA:130,0
DA:131,0
DA:132,0
LF:42
LH:2
BRF:0
BRH:0
end_of_record
TN:
SF:src/core/shapes/StrokeMixin.ts
FN:26,(anonymous_0)
FN:31,(anonymous_1)
FN:36,(anonymous_2)
FN:45,(anonymous_3)
FN:61,(anonymous_4)
FNF:5
FNH:2
FNDA:0,(anonymous_0)
FNDA:0,(anonymous_1)
FNDA:0,(anonymous_2)
FNDA:688,(anonymous_3)
FNDA:1204,(anonymous_4)
DA:1,13
DA:13,13
DA:14,1221
DA:16,1221
DA:18,1221
DA:20,1221
DA:22,1221
DA:24,1221
DA:27,0
DA:28,0
DA:32,0
DA:33,0
DA:37,0
DA:38,0
DA:46,688
DA:63,1204
DA:64,1204
DA:65,1204
DA:66,1204
DA:67,1204
DA:68,1204
LF:21
LH:15
BRF:0
BRH:0
end_of_record
TN:
SF:src/core/shapes/StrokeShape.ts
FN:25,(anonymous_1)
FN:32,(anonymous_2)
FN:40,(anonymous_3)
FN:47,(anonymous_4)
FN:57,(anonymous_5)
FN:69,(anonymous_6)
FNF:6
FNH:5
FNDA:1221,(anonymous_1)
FNDA:0,(anonymous_2)
FNDA:688,(anonymous_3)
FNDA:1204,(anonymous_4)
FNDA:688,(anonymous_5)
FNDA:1204,(anonymous_6)
DA:1,13
DA:2,13
DA:24,13
DA:26,1221
DA:27,1221
DA:30,1221
DA:33,0
DA:34,0
DA:41,688
DA:48,1204
DA:49,1204
DA:50,1204
DA:58,688
DA:70,1204
DA:71,1204
DA:72,1204
LF:16
LH:14
BRF:0
BRH:0
end_of_record
TN:
SF:src/core/shapes/TransformShape.ts
FN:21,(anonymous_1)
FN:30,(anonymous_2)
FN:41,(anonymous_3)
FN:49,(anonymous_4)
FN:56,(anonymous_5)
FNF:5
FNH:5
FNDA:3260,(anonymous_1)
FNDA:1851,(anonymous_2)
FNDA:3235,(anonymous_3)
FNDA:1851,(anonymous_4)
FNDA:3235,(anonymous_5)
DA:1,13
DA:2,13
DA:20,13
DA:22,3260
DA:23,3260
DA:31,1851
DA:42,3235
DA:43,3235
DA:50,1851
DA:57,3235
DA:58,3235
DA:59,3235
LF:12
LH:12
BRF:0
BRH:0
end_of_record
TN:
SF:src/core/shapes/TrimShape.ts
FN:19,(anonymous_0)
FN:29,(anonymous_1)
FN:39,(anonymous_2)
FN:49,(anonymous_3)
FN:56,(anonymous_4)
FN:64,(anonymous_5)
FN:71,(anonymous_6)
FN:81,(anonymous_7)
FN:95,(anonymous_8)
FNF:9
FNH:0
FNDA:0,(anonymous_0)
FNDA:0,(anonymous_1)
FNDA:0,(anonymous_2)
FNDA:0,(anonymous_3)
FNDA:0,(anonymous_4)
FNDA:0,(anonymous_5)
FNDA:0,(anonymous_6)
FNDA:0,(anonymous_7)
FNDA:0,(anonymous_8)
DA:1,13
DA:18,13
DA:20,0
DA:21,0
DA:27,0
DA:30,0
DA:31,0
DA:37,0
DA:40,0
DA:41,0
DA:47,0
DA:50,0
DA:51,0
DA:54,0
DA:57,0
DA:58,0
DA:65,0
DA:72,0
DA:73,0
DA:74,0
DA:82,0
DA:96,0
DA:97,0
DA:98,0
DA:99,0
DA:100,0
LF:26
LH:2
BRF:0
BRH:0
end_of_record
TN:
SF:src/utilities/create.ts
FN:43,(anonymous_0)
FN:46,(anonymous_1)
FN:49,(anonymous_2)
FN:52,(anonymous_3)
FN:55,(anonymous_4)
FN:58,(anonymous_5)
FN:61,(anonymous_6)
FN:64,(anonymous_7)
FN:67,(anonymous_8)
FN:70,(anonymous_9)
FN:73,(anonymous_10)
FN:76,(anonymous_11)
FN:79,(anonymous_12)
FN:82,(anonymous_13)
FN:88,(anonymous_14)
FN:91,(anonymous_15)
FN:94,(anonymous_16)
FN:97,(anonymous_17)
FN:103,(anonymous_18)
FN:106,(anonymous_19)
FN:109,(anonymous_20)
FN:112,(anonymous_21)
FN:116,(anonymous_22)
FN:120,(anonymous_23)
FN:126,(anonymous_24)
FN:129,(anonymous_25)
FN:146,(anonymous_26)
FN:157,value
FN:188,color
FN:214,animatablePath
FN:228,(anonymous_30)
FNF:31
FNH:16
FNDA:5,(anonymous_0)
FNDA:12,(anonymous_1)
FNDA:2,(anonymous_2)
FNDA:0,(anonymous_3)
FNDA:8,(anonymous_4)
FNDA:0,(anonymous_5)
FNDA:0,(anonymous_6)
FNDA:14,(anonymous_7)
FNDA:0,(anonymous_8)
FNDA:0,(anonymous_9)
FNDA:0,(anonymous_10)
FNDA:25,(anonymous_11)
FNDA:0,(anonymous_12)
FNDA:17,(anonymous_13)
FNDA:0,(anonymous_14)
FNDA:2,(anonymous_15)
FNDA:20,(anonymous_16)
FNDA:2,(anonymous_17)
FNDA:0,(anonymous_18)
FNDA:0,(anonymous_19)
FNDA:0,(anonymous_20)
FNDA:6,(anonymous_21)
FNDA:0,(anonymous_22)
FNDA:0,(anonymous_23)
FNDA:14,(anonymous_24)
FNDA:12,(anonymous_25)
FNDA:9,(anonymous_26)
FNDA:0,value
FNDA:1,color
FNDA:0,animatablePath
FNDA:1,(anonymous_30)
DA:2,13
DA:42,13
DA:44,5
DA:47,12
DA:50,2
DA:53,0
DA:56,8
DA:59,0
DA:62,0
DA:65,14
DA:68,0
DA:71,0
DA:74,0
DA:77,25
DA:80,0
DA:83,17
DA:87,13
DA:89,0
DA:92,2
DA:95,20
DA:98,2
DA:102,13
DA:104,0
DA:107,0
DA:110,0
DA:113,6
DA:114,0
DA:117,0
DA:118,0
DA:121,0
DA:125,13
DA:127,14
DA:130,12
DA:147,9
DA:148,9
DA:150,9
DA:158,0
DA:159,0
DA:160,0
DA:162,0
DA:164,0
DA:165,0
DA:167,0
DA:168,0
DA:170,0
DA:194,1
DA:195,0
DA:200,0
DA:202,0
DA:204,1
DA:220,0
DA:221,0
DA:225,0
DA:228,13
DA:230,13
DA:237,13
LF:56
LH:26
BRDA:113,0,0,6
BRDA:117,1,0,0
BRDA:147,2,0,9
BRDA:158,3,0,0
BRDA:159,4,0,0
BRDA:164,5,0,0
BRDA:167,6,0,0
BRDA:194,7,0,0
BRDA:195,8,0,0
BRDA:196,9,0,0
BRDA:196,9,1,0
BRDA:196,9,2,0
BRDA:220,10,0,0
BRF:13
BRH:2
end_of_record
TN:
SF:src/utilities/enum.ts
FNF:0
FNH:0
DA:1,13
DA:17,13
LF:2
LH:2
BRF:0
BRH:0
end_of_record
TN:
SF:src/utilities/index.ts
FNF:0
FNH:0
DA:1,13
DA:2,13
DA:4,13
DA:6,13
LF:4
LH:4
BRF:0
BRH:0
end_of_record
TN:
SF:src/utilities/animation/blink.ts
FN:15,(anonymous_0)
FNF:1
FNH:1
FNDA:1,(anonymous_0)
DA:15,13
DA:22,1
DA:23,18
DA:24,18
DA:26,1
LF:5
LH:5
BRF:0
BRH:0
end_of_record
TN:
SF:src/utilities/animation/index.ts
FNF:0
FNH:0
DA:1,13
DA:2,13
DA:8,13
LF:3
LH:3
BRF:0
BRH:0
end_of_record
TN:
SF:src/utilities/animation/particles.ts
FN:12,(anonymous_0)
FN:49,(anonymous_1)
FN:54,(anonymous_2)
FN:92,(anonymous_3)
FN:105,(anonymous_4)
FNF:5
FNH:0
FNDA:0,(anonymous_0)
FNDA:0,(anonymous_1)
FNDA:0,(anonymous_2)
FNDA:0,(anonymous_3)
FNDA:0,(anonymous_4)
DA:1,13
DA:3,13
DA:12,0
DA:49,13
DA:50,0
DA:51,0
DA:54,13
DA:55,0
DA:56,0
DA:57,0
DA:58,0
DA:59,0
DA:60,0
DA:61,0
DA:63,0
DA:92,13
DA:93,0
DA:94,0
DA:95,0
DA:96,0
DA:97,0
DA:98,0
DA:99,0
DA:102,0
DA:105,13
DA:106,0
DA:107,0
DA:108,0
DA:110,0
LF:29
LH:6
BRDA:50,0,0,0
BRDA:108,1,0,0
BRDA:108,1,1,0
BRF:3
BRH:0
end_of_record
